ARM GAS  /tmp/cckzRhUq.s 			page 1


   1              		.cpu cortex-m33
   2              		.arch armv8-m.main
   3              		.fpu fpv5-sp-d16
   4              		.arch_extension dsp
   5              		.eabi_attribute 27, 1
   6              		.eabi_attribute 28, 1
   7              		.eabi_attribute 20, 1
   8              		.eabi_attribute 21, 1
   9              		.eabi_attribute 23, 3
  10              		.eabi_attribute 24, 1
  11              		.eabi_attribute 25, 1
  12              		.eabi_attribute 26, 1
  13              		.eabi_attribute 30, 1
  14              		.eabi_attribute 34, 1
  15              		.eabi_attribute 18, 4
  16              		.file	"network_data.c"
  17              		.text
  18              	.Ltext0:
  19              		.cfi_sections	.debug_frame
  20              		.file 1 "X-CUBE-AI/App/network_data.c"
  21              		.section	.text.ai_network_data_activations_buffer_get,"ax",%progbits
  22              		.align	1
  23              		.global	ai_network_data_activations_buffer_get
  24              		.syntax unified
  25              		.thumb
  26              		.thumb_func
  28              	ai_network_data_activations_buffer_get:
  29              	.LVL0:
  30              	.LFB0:
   1:X-CUBE-AI/App/network_data.c **** /**
   2:X-CUBE-AI/App/network_data.c ****   ******************************************************************************
   3:X-CUBE-AI/App/network_data.c ****   * @file    network_data.c
   4:X-CUBE-AI/App/network_data.c ****   * @author  AST Embedded Analytics Research Platform
   5:X-CUBE-AI/App/network_data.c ****   * @date    2026-04-18T16:09:02+0200
   6:X-CUBE-AI/App/network_data.c ****   * @brief   AI Tool Automatic Code Generator for Embedded NN computing
   7:X-CUBE-AI/App/network_data.c ****   ******************************************************************************
   8:X-CUBE-AI/App/network_data.c ****   * @attention
   9:X-CUBE-AI/App/network_data.c ****   *
  10:X-CUBE-AI/App/network_data.c ****   * Copyright (c) 2026 STMicroelectronics.
  11:X-CUBE-AI/App/network_data.c ****   * All rights reserved.
  12:X-CUBE-AI/App/network_data.c ****   *
  13:X-CUBE-AI/App/network_data.c ****   * This software is licensed under terms that can be found in the LICENSE file
  14:X-CUBE-AI/App/network_data.c ****   * in the root directory of this software component.
  15:X-CUBE-AI/App/network_data.c ****   * If no LICENSE file comes with this software, it is provided AS-IS.
  16:X-CUBE-AI/App/network_data.c ****   ******************************************************************************
  17:X-CUBE-AI/App/network_data.c ****   */
  18:X-CUBE-AI/App/network_data.c **** #include "network_data.h"
  19:X-CUBE-AI/App/network_data.c **** #include "ai_platform_interface.h"
  20:X-CUBE-AI/App/network_data.c **** 
  21:X-CUBE-AI/App/network_data.c **** AI_API_DECLARE_BEGIN
  22:X-CUBE-AI/App/network_data.c **** ai_buffer g_network_data_map_activations[AI_NETWORK_DATA_ACTIVATIONS_COUNT] = {
  23:X-CUBE-AI/App/network_data.c ****   AI_BUFFER_INIT(AI_FLAG_NONE,  AI_BUFFER_FORMAT_U8,
  24:X-CUBE-AI/App/network_data.c ****     AI_BUFFER_SHAPE_INIT(AI_SHAPE_BCWH, 4, 1, 384, 1, 1),
  25:X-CUBE-AI/App/network_data.c ****     384, NULL, NULL),    /* heap_overlay_pool */
  26:X-CUBE-AI/App/network_data.c ****   };
  27:X-CUBE-AI/App/network_data.c **** ai_buffer g_network_data_map_weights[AI_NETWORK_DATA_WEIGHTS_COUNT] = {
  28:X-CUBE-AI/App/network_data.c ****   AI_BUFFER_INIT(AI_FLAG_NONE,  AI_BUFFER_FORMAT_U8,
ARM GAS  /tmp/cckzRhUq.s 			page 2


  29:X-CUBE-AI/App/network_data.c ****     AI_BUFFER_SHAPE_INIT(AI_SHAPE_BCWH, 4, 1, 9476, 1, 1),
  30:X-CUBE-AI/App/network_data.c ****     9476, NULL, s_network_weights_array_u64),   /* weights_array */
  31:X-CUBE-AI/App/network_data.c ****   };
  32:X-CUBE-AI/App/network_data.c **** 
  33:X-CUBE-AI/App/network_data.c **** 
  34:X-CUBE-AI/App/network_data.c **** /*!
  35:X-CUBE-AI/App/network_data.c ****  * @brief Get network activations buffer initialized struct.
  36:X-CUBE-AI/App/network_data.c ****  * @ingroup network_data
  37:X-CUBE-AI/App/network_data.c ****  * @param[in] ptr a pointer to the activations array storage area
  38:X-CUBE-AI/App/network_data.c ****  * @return an ai_buffer initialized struct
  39:X-CUBE-AI/App/network_data.c ****  */
  40:X-CUBE-AI/App/network_data.c **** AI_DEPRECATED
  41:X-CUBE-AI/App/network_data.c **** AI_API_ENTRY
  42:X-CUBE-AI/App/network_data.c **** ai_buffer ai_network_data_activations_buffer_get(const ai_handle ptr)
  43:X-CUBE-AI/App/network_data.c **** {
  31              		.loc 1 43 1 view -0
  32              		.cfi_startproc
  33              		@ args = 0, pretend = 0, frame = 16
  34              		@ frame_needed = 0, uses_anonymous_args = 0
  35              		@ link register save eliminated.
  36              		.loc 1 43 1 is_stmt 0 view .LVU1
  37 0000 10B4     		push	{r4}
  38              	.LCFI0:
  39              		.cfi_def_cfa_offset 4
  40              		.cfi_offset 4, -4
  41 0002 85B0     		sub	sp, sp, #20
  42              	.LCFI1:
  43              		.cfi_def_cfa_offset 24
  44 0004 8446     		mov	ip, r0
  44:X-CUBE-AI/App/network_data.c ****   ai_buffer buf = AI_BUFFER_INIT(
  45              		.loc 1 44 3 is_stmt 1 view .LVU2
  46              		.loc 1 44 13 is_stmt 0 view .LVU3
  47 0006 0E4B     		ldr	r3, .L3
  48 0008 0360     		str	r3, [r0]
  49 000a 4160     		str	r1, [r0, #4]
  50 000c 0023     		movs	r3, #0
  51 000e 8360     		str	r3, [r0, #8]
  52 0010 C360     		str	r3, [r0, #12]
  53 0012 4FF4C073 		mov	r3, #384
  54 0016 0361     		str	r3, [r0, #16]
  55 0018 0123     		movs	r3, #1
  56 001a 0375     		strb	r3, [r0, #20]
  57 001c 4369     		ldr	r3, [r0, #20]
  58 001e 0422     		movs	r2, #4
  59 0020 62F31F23 		bfi	r3, r2, #8, #24
  60 0024 4361     		str	r3, [r0, #20]
  61              		.loc 1 44 19 view .LVU4
  62 0026 074B     		ldr	r3, .L3+4
  63 0028 6C46     		mov	r4, sp
  64 002a 0FCB     		ldm	r3, {r0, r1, r2, r3}
  65              	.LVL1:
  66              		.loc 1 44 19 view .LVU5
  67 002c 84E80F00 		stm	r4, {r0, r1, r2, r3}
  68              		.loc 1 44 13 view .LVU6
  69 0030 CCF81840 		str	r4, [ip, #24]
  45:X-CUBE-AI/App/network_data.c ****     AI_FLAG_NONE, AI_BUFFER_FORMAT_U8,
  46:X-CUBE-AI/App/network_data.c ****     AI_BUFFER_SHAPE_INIT(AI_SHAPE_BCWH, 4, 1, AI_NETWORK_DATA_ACTIVATIONS_SIZE, 1, AI_NETWORK_DATA_
ARM GAS  /tmp/cckzRhUq.s 			page 3


  47:X-CUBE-AI/App/network_data.c ****     AI_NETWORK_DATA_ACTIVATIONS_SIZE,
  48:X-CUBE-AI/App/network_data.c ****     NULL, ptr);
  49:X-CUBE-AI/App/network_data.c ****   return buf;
  70              		.loc 1 49 3 is_stmt 1 view .LVU7
  50:X-CUBE-AI/App/network_data.c **** }
  71              		.loc 1 50 1 is_stmt 0 view .LVU8
  72 0034 6046     		mov	r0, ip
  73 0036 05B0     		add	sp, sp, #20
  74              	.LCFI2:
  75              		.cfi_def_cfa_offset 4
  76              		@ sp needed
  77 0038 5DF8044B 		ldr	r4, [sp], #4
  78              	.LCFI3:
  79              		.cfi_restore 4
  80              		.cfi_def_cfa_offset 0
  81 003c 7047     		bx	lr
  82              	.L4:
  83 003e 00BF     		.align	2
  84              	.L3:
  85 0040 40040400 		.word	263232
  86 0044 00000000 		.word	.LANCHOR0
  87              		.cfi_endproc
  88              	.LFE0:
  90              		.section	.text.ai_network_data_weights_buffer_get,"ax",%progbits
  91              		.align	1
  92              		.global	ai_network_data_weights_buffer_get
  93              		.syntax unified
  94              		.thumb
  95              		.thumb_func
  97              	ai_network_data_weights_buffer_get:
  98              	.LVL2:
  99              	.LFB1:
  51:X-CUBE-AI/App/network_data.c **** 
  52:X-CUBE-AI/App/network_data.c **** /*!
  53:X-CUBE-AI/App/network_data.c ****  * @brief Get network weights buffer initialized struct.
  54:X-CUBE-AI/App/network_data.c ****  * @ingroup network_data
  55:X-CUBE-AI/App/network_data.c ****  * @param[in] ptr a pointer to the weights array storage area
  56:X-CUBE-AI/App/network_data.c ****  * @return an ai_buffer initialized struct
  57:X-CUBE-AI/App/network_data.c ****  */
  58:X-CUBE-AI/App/network_data.c **** AI_DEPRECATED
  59:X-CUBE-AI/App/network_data.c **** AI_API_ENTRY
  60:X-CUBE-AI/App/network_data.c **** ai_buffer ai_network_data_weights_buffer_get(const ai_handle ptr)
  61:X-CUBE-AI/App/network_data.c **** {
 100              		.loc 1 61 1 is_stmt 1 view -0
 101              		.cfi_startproc
 102              		@ args = 0, pretend = 0, frame = 16
 103              		@ frame_needed = 0, uses_anonymous_args = 0
 104              		@ link register save eliminated.
 105              		.loc 1 61 1 is_stmt 0 view .LVU10
 106 0000 10B4     		push	{r4}
 107              	.LCFI4:
 108              		.cfi_def_cfa_offset 4
 109              		.cfi_offset 4, -4
 110 0002 85B0     		sub	sp, sp, #20
 111              	.LCFI5:
 112              		.cfi_def_cfa_offset 24
 113 0004 8446     		mov	ip, r0
ARM GAS  /tmp/cckzRhUq.s 			page 4


  62:X-CUBE-AI/App/network_data.c ****   ai_buffer buf = AI_BUFFER_INIT(
 114              		.loc 1 62 3 is_stmt 1 view .LVU11
 115              		.loc 1 62 13 is_stmt 0 view .LVU12
 116 0006 0E4B     		ldr	r3, .L7
 117 0008 0360     		str	r3, [r0]
 118 000a 4160     		str	r1, [r0, #4]
 119 000c 0023     		movs	r3, #0
 120 000e 8360     		str	r3, [r0, #8]
 121 0010 C360     		str	r3, [r0, #12]
 122 0012 42F20453 		movw	r3, #9476
 123 0016 0361     		str	r3, [r0, #16]
 124 0018 0123     		movs	r3, #1
 125 001a 0375     		strb	r3, [r0, #20]
 126 001c 4369     		ldr	r3, [r0, #20]
 127 001e 0422     		movs	r2, #4
 128 0020 62F31F23 		bfi	r3, r2, #8, #24
 129 0024 4361     		str	r3, [r0, #20]
 130              		.loc 1 62 19 view .LVU13
 131 0026 6C46     		mov	r4, sp
 132 0028 064B     		ldr	r3, .L7+4
 133 002a 0FCB     		ldm	r3, {r0, r1, r2, r3}
 134              	.LVL3:
 135              		.loc 1 62 19 view .LVU14
 136 002c 84E80F00 		stm	r4, {r0, r1, r2, r3}
 137              		.loc 1 62 13 view .LVU15
 138 0030 CCF81840 		str	r4, [ip, #24]
  63:X-CUBE-AI/App/network_data.c ****     AI_FLAG_NONE, AI_BUFFER_FORMAT_U8|AI_BUFFER_FMT_FLAG_CONST,
  64:X-CUBE-AI/App/network_data.c ****     AI_BUFFER_SHAPE_INIT(AI_SHAPE_BCWH, 4, 1, AI_NETWORK_DATA_WEIGHTS_SIZE, 1, AI_NETWORK_DATA_WEIG
  65:X-CUBE-AI/App/network_data.c ****     AI_NETWORK_DATA_WEIGHTS_SIZE,
  66:X-CUBE-AI/App/network_data.c ****     NULL, ptr);
  67:X-CUBE-AI/App/network_data.c ****   return buf;
 139              		.loc 1 67 3 is_stmt 1 view .LVU16
  68:X-CUBE-AI/App/network_data.c **** }
 140              		.loc 1 68 1 is_stmt 0 view .LVU17
 141 0034 6046     		mov	r0, ip
 142 0036 05B0     		add	sp, sp, #20
 143              	.LCFI6:
 144              		.cfi_def_cfa_offset 4
 145              		@ sp needed
 146 0038 5DF8044B 		ldr	r4, [sp], #4
 147              	.LCFI7:
 148              		.cfi_restore 4
 149              		.cfi_def_cfa_offset 0
 150 003c 7047     		bx	lr
 151              	.L8:
 152 003e 00BF     		.align	2
 153              	.L7:
 154 0040 40040440 		.word	1074005056
 155 0044 10000000 		.word	.LANCHOR0+16
 156              		.cfi_endproc
 157              	.LFE1:
 159              		.section	.text.ai_network_data_weights_get,"ax",%progbits
 160              		.align	1
 161              		.global	ai_network_data_weights_get
 162              		.syntax unified
 163              		.thumb
 164              		.thumb_func
ARM GAS  /tmp/cckzRhUq.s 			page 5


 166              	ai_network_data_weights_get:
 167              	.LFB2:
  69:X-CUBE-AI/App/network_data.c **** 
  70:X-CUBE-AI/App/network_data.c **** 
  71:X-CUBE-AI/App/network_data.c **** /*!
  72:X-CUBE-AI/App/network_data.c ****  * @brief Get network weights array pointer as a handle ptr.
  73:X-CUBE-AI/App/network_data.c ****  * @ingroup network_data
  74:X-CUBE-AI/App/network_data.c ****  * @return a ai_handle pointer to the weights array
  75:X-CUBE-AI/App/network_data.c ****  */
  76:X-CUBE-AI/App/network_data.c **** AI_DEPRECATED
  77:X-CUBE-AI/App/network_data.c **** AI_API_ENTRY
  78:X-CUBE-AI/App/network_data.c **** ai_handle ai_network_data_weights_get(void)
  79:X-CUBE-AI/App/network_data.c **** {
 168              		.loc 1 79 1 is_stmt 1 view -0
 169              		.cfi_startproc
 170              		@ args = 0, pretend = 0, frame = 0
 171              		@ frame_needed = 0, uses_anonymous_args = 0
 172              		@ link register save eliminated.
  80:X-CUBE-AI/App/network_data.c ****   return AI_HANDLE_PTR(g_network_weights_table);
 173              		.loc 1 80 3 view .LVU19
  81:X-CUBE-AI/App/network_data.c **** 
  82:X-CUBE-AI/App/network_data.c **** }
 174              		.loc 1 82 1 is_stmt 0 view .LVU20
 175 0000 0048     		ldr	r0, .L10
 176 0002 7047     		bx	lr
 177              	.L11:
 178              		.align	2
 179              	.L10:
 180 0004 00000000 		.word	g_network_weights_table
 181              		.cfi_endproc
 182              	.LFE2:
 184              		.section	.text.ai_network_data_params_get,"ax",%progbits
 185              		.align	1
 186              		.global	ai_network_data_params_get
 187              		.syntax unified
 188              		.thumb
 189              		.thumb_func
 191              	ai_network_data_params_get:
 192              	.LVL4:
 193              	.LFB3:
  83:X-CUBE-AI/App/network_data.c **** 
  84:X-CUBE-AI/App/network_data.c **** 
  85:X-CUBE-AI/App/network_data.c **** /*!
  86:X-CUBE-AI/App/network_data.c ****  * @brief Get network params configuration data structure.
  87:X-CUBE-AI/App/network_data.c ****  * @ingroup network_data
  88:X-CUBE-AI/App/network_data.c ****  * @return true if a valid configuration is present, false otherwise
  89:X-CUBE-AI/App/network_data.c ****  */
  90:X-CUBE-AI/App/network_data.c **** AI_API_ENTRY
  91:X-CUBE-AI/App/network_data.c **** ai_bool ai_network_data_params_get(ai_network_params* params)
  92:X-CUBE-AI/App/network_data.c **** {
 194              		.loc 1 92 1 is_stmt 1 view -0
 195              		.cfi_startproc
 196              		@ args = 0, pretend = 0, frame = 16
 197              		@ frame_needed = 0, uses_anonymous_args = 0
  93:X-CUBE-AI/App/network_data.c ****   if (!params) return false;
 198              		.loc 1 93 3 view .LVU22
 199              		.loc 1 93 6 is_stmt 0 view .LVU23
ARM GAS  /tmp/cckzRhUq.s 			page 6


 200 0000 B0B1     		cbz	r0, .L14
  92:X-CUBE-AI/App/network_data.c ****   if (!params) return false;
 201              		.loc 1 92 1 view .LVU24
 202 0002 00B5     		push	{lr}
 203              	.LCFI8:
 204              		.cfi_def_cfa_offset 4
 205              		.cfi_offset 14, -4
 206 0004 85B0     		sub	sp, sp, #20
 207              	.LCFI9:
 208              		.cfi_def_cfa_offset 24
 209 0006 8646     		mov	lr, r0
  94:X-CUBE-AI/App/network_data.c ****   
  95:X-CUBE-AI/App/network_data.c ****   const ai_buffer_array map_activations = 
 210              		.loc 1 95 3 is_stmt 1 view .LVU25
 211              		.loc 1 95 25 is_stmt 0 view .LVU26
 212 0008 0A4B     		ldr	r3, .L19
 213 000a 02AA     		add	r2, sp, #8
 214 000c 03F12001 		add	r1, r3, #32
 215 0010 03C9     		ldm	r1, {r0, r1}
 216              	.LVL5:
 217              		.loc 1 95 25 view .LVU27
 218 0012 82E80300 		stm	r2, {r0, r1}
  96:X-CUBE-AI/App/network_data.c ****     AI_BUFFER_ARRAY_OBJ_INIT(AI_FLAG_NONE, AI_NETWORK_DATA_ACTIVATIONS_COUNT, g_network_data_map_ac
  97:X-CUBE-AI/App/network_data.c ****   
  98:X-CUBE-AI/App/network_data.c ****   const ai_buffer_array map_weights = 
 219              		.loc 1 98 3 is_stmt 1 view .LVU28
 220              		.loc 1 98 25 is_stmt 0 view .LVU29
 221 0016 EC46     		mov	ip, sp
 222 0018 2833     		adds	r3, r3, #40
 223 001a 93E80300 		ldm	r3, {r0, r1}
 224 001e 8CE80300 		stm	ip, {r0, r1}
  99:X-CUBE-AI/App/network_data.c ****     AI_BUFFER_ARRAY_OBJ_INIT(AI_FLAG_NONE, AI_NETWORK_DATA_WEIGHTS_COUNT, g_network_data_map_weight
 100:X-CUBE-AI/App/network_data.c **** 
 101:X-CUBE-AI/App/network_data.c ****   return ai_platform_bind_network_params(params, &map_weights, &map_activations);
 225              		.loc 1 101 3 is_stmt 1 view .LVU30
 226              		.loc 1 101 10 is_stmt 0 view .LVU31
 227 0022 6146     		mov	r1, ip
 228 0024 7046     		mov	r0, lr
 229 0026 FFF7FEFF 		bl	ai_platform_bind_network_params
 230              	.LVL6:
 102:X-CUBE-AI/App/network_data.c **** }
 231              		.loc 1 102 1 view .LVU32
 232 002a 05B0     		add	sp, sp, #20
 233              	.LCFI10:
 234              		.cfi_def_cfa_offset 4
 235              		@ sp needed
 236 002c 5DF804FB 		ldr	pc, [sp], #4
 237              	.LVL7:
 238              	.L14:
 239              	.LCFI11:
 240              		.cfi_def_cfa_offset 0
 241              		.cfi_restore 14
  93:X-CUBE-AI/App/network_data.c ****   
 242              		.loc 1 93 23 discriminator 1 view .LVU33
 243 0030 0020     		movs	r0, #0
 244              	.LVL8:
 245              		.loc 1 102 1 view .LVU34
ARM GAS  /tmp/cckzRhUq.s 			page 7


 246 0032 7047     		bx	lr
 247              	.L20:
 248              		.align	2
 249              	.L19:
 250 0034 00000000 		.word	.LANCHOR0
 251              		.cfi_endproc
 252              	.LFE3:
 254              		.global	g_network_data_map_weights
 255              		.section	.data.g_network_data_map_weights,"aw"
 256              		.align	2
 259              	g_network_data_map_weights:
 260 0000 40040400 		.word	263232
 261 0004 00000000 		.word	s_network_weights_array_u64
 262 0008 00000000 		.word	0
 263 000c 00000000 		.word	0
 264 0010 04250000 		.word	9476
 265 0014 01       		.byte	1
 266 0015 04       		.byte	4
 267 0016 00       		.byte	0
 268 0017 00       		.byte	0
 269 0018 00000000 		.word	__compound_literal.1
 270              		.section	.data.__compound_literal.1,"aw"
 271              		.align	2
 274              	__compound_literal.1:
 275 0000 01000000 		.word	1
 276 0004 04250000 		.word	9476
 277 0008 01000000 		.word	1
 278 000c 01000000 		.word	1
 279              		.global	g_network_data_map_activations
 280              		.section	.data.g_network_data_map_activations,"aw"
 281              		.align	2
 284              	g_network_data_map_activations:
 285 0000 40040400 		.word	263232
 286 0004 00000000 		.word	0
 287 0008 00000000 		.word	0
 288 000c 00000000 		.word	0
 289 0010 80010000 		.word	384
 290 0014 01       		.byte	1
 291 0015 04       		.byte	4
 292 0016 00       		.byte	0
 293 0017 00       		.byte	0
 294 0018 00000000 		.word	__compound_literal.0
 295              		.section	.data.__compound_literal.0,"aw"
 296              		.align	2
 299              	__compound_literal.0:
 300 0000 01000000 		.word	1
 301 0004 80010000 		.word	384
 302 0008 01000000 		.word	1
 303 000c 01000000 		.word	1
 304              		.section	.rodata
 305              		.align	2
 306              		.set	.LANCHOR0,. + 0
 307              	.LC0:
 308 0000 01000000 		.word	1
 309 0004 80010000 		.word	384
 310 0008 01000000 		.word	1
 311 000c 01000000 		.word	1
ARM GAS  /tmp/cckzRhUq.s 			page 8


 312              	.LC1:
 313 0010 01000000 		.word	1
 314 0014 04250000 		.word	9476
 315 0018 01000000 		.word	1
 316 001c 01000000 		.word	1
 317              	.LC4:
 318 0020 0000     		.short	0
 319 0022 0100     		.short	1
 320 0024 00000000 		.word	g_network_data_map_activations
 321              	.LC5:
 322 0028 0000     		.short	0
 323 002a 0100     		.short	1
 324 002c 00000000 		.word	g_network_data_map_weights
 325              		.text
 326              	.Letext0:
 327              		.file 2 "/opt/st/stm32cubeclt_1.20.0/GNU-tools-for-STM32/arm-none-eabi/include/machine/_default_ty
 328              		.file 3 "/opt/st/stm32cubeclt_1.20.0/GNU-tools-for-STM32/arm-none-eabi/include/sys/_stdint.h"
 329              		.file 4 "Middlewares/ST/AI/Inc/ai_platform.h"
 330              		.file 5 "X-CUBE-AI/App/network_data_params.h"
 331              		.file 6 "X-CUBE-AI/App/network_data.h"
 332              		.file 7 "Middlewares/ST/AI/Inc/ai_datatypes_format.h"
 333              		.file 8 "Middlewares/ST/AI/Inc/ai_platform_interface.h"
ARM GAS  /tmp/cckzRhUq.s 			page 9


DEFINED SYMBOLS
                            *ABS*:00000000 network_data.c
     /tmp/cckzRhUq.s:22     .text.ai_network_data_activations_buffer_get:00000000 $t
     /tmp/cckzRhUq.s:28     .text.ai_network_data_activations_buffer_get:00000000 ai_network_data_activations_buffer_get
     /tmp/cckzRhUq.s:85     .text.ai_network_data_activations_buffer_get:00000040 $d
     /tmp/cckzRhUq.s:91     .text.ai_network_data_weights_buffer_get:00000000 $t
     /tmp/cckzRhUq.s:97     .text.ai_network_data_weights_buffer_get:00000000 ai_network_data_weights_buffer_get
     /tmp/cckzRhUq.s:154    .text.ai_network_data_weights_buffer_get:00000040 $d
     /tmp/cckzRhUq.s:160    .text.ai_network_data_weights_get:00000000 $t
     /tmp/cckzRhUq.s:166    .text.ai_network_data_weights_get:00000000 ai_network_data_weights_get
     /tmp/cckzRhUq.s:180    .text.ai_network_data_weights_get:00000004 $d
     /tmp/cckzRhUq.s:185    .text.ai_network_data_params_get:00000000 $t
     /tmp/cckzRhUq.s:191    .text.ai_network_data_params_get:00000000 ai_network_data_params_get
     /tmp/cckzRhUq.s:250    .text.ai_network_data_params_get:00000034 $d
     /tmp/cckzRhUq.s:259    .data.g_network_data_map_weights:00000000 g_network_data_map_weights
     /tmp/cckzRhUq.s:256    .data.g_network_data_map_weights:00000000 $d
     /tmp/cckzRhUq.s:274    .data.__compound_literal.1:00000000 __compound_literal.1
     /tmp/cckzRhUq.s:271    .data.__compound_literal.1:00000000 $d
     /tmp/cckzRhUq.s:284    .data.g_network_data_map_activations:00000000 g_network_data_map_activations
     /tmp/cckzRhUq.s:281    .data.g_network_data_map_activations:00000000 $d
     /tmp/cckzRhUq.s:299    .data.__compound_literal.0:00000000 __compound_literal.0
     /tmp/cckzRhUq.s:296    .data.__compound_literal.0:00000000 $d
     /tmp/cckzRhUq.s:305    .rodata:00000000 $d

UNDEFINED SYMBOLS
g_network_weights_table
ai_platform_bind_network_params
s_network_weights_array_u64
