ARM GAS  /tmp/ccGdHCJo.s 			page 1


   1              		.cpu cortex-m33
   2              		.arch armv8-m.main
   3              		.fpu fpv5-sp-d16
   4              		.arch_extension dsp
   5              		.eabi_attribute 27, 1
   6              		.eabi_attribute 28, 1
   7              		.eabi_attribute 20, 1
   8              		.eabi_attribute 21, 1
   9              		.eabi_attribute 23, 3
  10              		.eabi_attribute 24, 1
  11              		.eabi_attribute 25, 1
  12              		.eabi_attribute 26, 1
  13              		.eabi_attribute 30, 1
  14              		.eabi_attribute 34, 1
  15              		.eabi_attribute 18, 4
  16              		.file	"network_data_params.c"
  17              		.text
  18              	.Ltext0:
  19              		.cfi_sections	.debug_frame
  20              		.file 1 "X-CUBE-AI/App/network_data_params.c"
  21              		.global	g_network_weights_table
  22              		.section	.data.g_network_weights_table,"aw"
  23              		.align	2
  26              	g_network_weights_table:
  27 0000 DECAFAA1 		.word	-1577399586
  28 0004 00000000 		.word	s_network_weights_array_u64
  29 0008 DECAFAA1 		.word	-1577399586
  30              		.global	s_network_weights_array_u64
  31              		.section	.rodata.s_network_weights_array_u64,"a"
  32              		.align	5
  35              	s_network_weights_array_u64:
  36 0000 638692BE 		.word	-1097693597
  37 0004 DC62053D 		.word	1023763164
  38 0008 0410513E 		.word	1045499908
  39 000c FE0660BE 		.word	-1101003010
  40 0010 33B7223E 		.word	1042462515
  41 0014 D224D1BE 		.word	-1093589806
  42 0018 9E1D4ABE 		.word	-1102439010
  43 001c 299A43BE 		.word	-1102865879
  44 0020 03EA7DBE 		.word	-1099044349
  45 0024 9F60543E 		.word	1045717151
  46 0028 BF7C5E3E 		.word	1046379711
  47 002c 56E25DBE 		.word	-1101143466
  48 0030 60532ABD 		.word	-1121299616
  49 0034 486511BD 		.word	-1122933432
  50 0038 60F6D8BC 		.word	-1126631840
  51 003c CFFBD1BD 		.word	-1110311985
  52 0040 31C32ABE 		.word	-1104493775
  53 0044 86518A3E 		.word	1049252230
  54 0048 B9BE9D3E 		.word	1050525369
  55 004c 762CA0BE 		.word	-1096799114
  56 0050 27C8A53D 		.word	1034274855
  57 0054 8BA300BE 		.word	-1107254389
  58 0058 D795853E 		.word	1048942039
  59 005c B88E59BE 		.word	-1101427016
  60 0060 60AE953B 		.word	999665248
  61 0064 0753973E 		.word	1050104583
ARM GAS  /tmp/ccGdHCJo.s 			page 2


  62 0068 F10484BE 		.word	-1098644239
  63 006c 2B731E3E 		.word	1042182955
  64 0070 2BA881BE 		.word	-1098799061
  65 0074 A7670B3E 		.word	1040934823
  66 0078 4735C13E 		.word	1052849479
  67 007c EEAD44BE 		.word	-1102795282
  68 0080 2E6D55BC 		.word	-1135252178
  69 0084 F4B38A3E 		.word	1049277428
  70 0088 7123B53B 		.word	1001726833
  71 008c 0C1BD03C 		.word	1020271372
  72 0090 30FF34BD 		.word	-1120600272
  73 0094 0049153C 		.word	1008027904
  74 0098 BF6672BE 		.word	-1099798849
  75 009c A4B5003F 		.word	1057011108
  76 00a0 4FD0F43D 		.word	1039454287
  77 00a4 939CD53E 		.word	1054186643
  78 00a8 0B3DD63E 		.word	1054227723
  79 00ac 94F6963D 		.word	1033303700
  80 00b0 3F2881BE 		.word	-1098831809
  81 00b4 4FF8D3BB 		.word	-1143736241
  82 00b8 36B2C13D 		.word	1036104246
  83 00bc 855E7E3E 		.word	1048469125
  84 00c0 04BF2ABE 		.word	-1104494844
  85 00c4 1EDB503E 		.word	1045486366
  86 00c8 4FF3E0BD 		.word	-1109331121
  87 00cc D36DB139 		.word	967929299
  88 00d0 31DFA43E 		.word	1050992433
  89 00d4 9C648ABE 		.word	-1098226532
  90 00d8 84DA51BE 		.word	-1101931900
  91 00dc 0ADFAA3E 		.word	1051385610
  92 00e0 3069E23D 		.word	1038248240
  93 00e4 CC817CBD 		.word	-1115913780
  94 00e8 03A5753E 		.word	1047897347
  95 00ec D6041DBE 		.word	-1105394474
  96 00f0 FD6DBBBE 		.word	-1095012867
  97 00f4 80A3113D 		.word	1024566144
  98 00f8 845DCE3E 		.word	1053711748
  99 00fc C8CA043E 		.word	1040501448
 100 0100 B9BC523E 		.word	1045609657
 101 0104 C87A98BD 		.word	-1114080568
 102 0108 DBA7633E 		.word	1046718427
 103 010c A46C463E 		.word	1044802724
 104 0110 98490C3F 		.word	1057769880
 105 0114 84B0B4BD 		.word	-1112231804
 106 0118 E5DF923E 		.word	1049812965
 107 011c 056E903E 		.word	1049652741
 108 0120 9BA8E83E 		.word	1055434907
 109 0124 31BC433E 		.word	1044626481
 110 0128 84C26A3E 		.word	1047184004
 111 012c FA28B3BE 		.word	-1095554822
 112 0130 FF714F3E 		.word	1045393919
 113 0134 97631E3E 		.word	1042178967
 114 0138 E06A3ABE 		.word	-1103467808
 115 013c 932C62BE 		.word	-1100862317
 116 0140 C09CE6BC 		.word	-1125737280
 117 0144 FDE6B0BE 		.word	-1095702787
 118 0148 A9BE4D3D 		.word	1028505257
ARM GAS  /tmp/ccGdHCJo.s 			page 3


 119 014c 6F4B5D3E 		.word	1046301551
 120 0150 03B505BE 		.word	-1106922237
 121 0154 D22FA03E 		.word	1050685394
 122 0158 7E68A23E 		.word	1050830974
 123 015c 3E27B1BD 		.word	-1112463554
 124 0160 9E2F0EBE 		.word	-1106366562
 125 0164 D33528BE 		.word	-1104661037
 126 0168 E75ABBBB 		.word	-1145349401
 127 016c E42820BE 		.word	-1105188636
 128 0170 62706D3E 		.word	1047359586
 129 0174 912CE53E 		.word	1055206545
 130 0178 1E5125BE 		.word	-1104850658
 131 017c B0E8B0BD 		.word	-1112479568
 132 0180 36912BBC 		.word	-1137995466
 133 0184 19F6553E 		.word	1045820953
 134 0188 389F49BE 		.word	-1102471368
 135 018c 9B00A53E 		.word	1051000987
 136 0190 EB6706BD 		.word	-1123653653
 137 0194 9C67B5BD 		.word	-1112184932
 138 0198 9F5CCD3E 		.word	1053645983
 139 019c E556513E 		.word	1045518053
 140 01a0 9A2906BB 		.word	-1157224038
 141 01a4 C1622F3E 		.word	1043292865
 142 01a8 832080BE 		.word	-1098899325
 143 01ac F202F93D 		.word	1039729394
 144 01b0 780A0EBE 		.word	-1106376072
 145 01b4 B088B0BC 		.word	-1129281360
 146 01b8 4D0166BE 		.word	-1100611251
 147 01bc 1D4DB43E 		.word	1052003613
 148 01c0 12E587BE 		.word	-1098390254
 149 01c4 92235A3D 		.word	1029317522
 150 01c8 E04DA23D 		.word	1034046944
 151 01cc B444F2BD 		.word	-1108196172
 152 01d0 312724BE 		.word	-1104926927
 153 01d4 8BEBC93E 		.word	1053420427
 154 01d8 36641FBD 		.word	-1122016202
 155 01dc E89732BE 		.word	-1103980568
 156 01e0 5F1CDBBD 		.word	-1109713825
 157 01e4 9784B2BD 		.word	-1112374121
 158 01e8 C2E8B23E 		.word	1051912386
 159 01ec 2648B7BD 		.word	-1112061914
 160 01f0 07ED09BE 		.word	-1106645753
 161 01f4 C45E8DBE 		.word	-1098031420
 162 01f8 61BC9ABE 		.word	-1097155487
 163 01fc 5317003E 		.word	1040193363
 164 0200 6F7611BE 		.word	-1106151825
 165 0204 5E34B33E 		.word	1051931742
 166 0208 95AB8CBA 		.word	-1165186155
 167 020c 6BE937BE 		.word	-1103632021
 168 0210 2155903E 		.word	1049646369
 169 0214 DA2FB3BE 		.word	-1095553062
 170 0218 8D87213E 		.word	1042384781
 171 021c 22CC8BBE 		.word	-1098134494
 172 0220 4C4BBFBB 		.word	-1145091252
 173 0224 0690A43E 		.word	1050972166
 174 0228 F3578CBE 		.word	-1098098701
 175 022c FBADF2BD 		.word	-1108169221
ARM GAS  /tmp/ccGdHCJo.s 			page 4


 176 0230 2413913E 		.word	1049695012
 177 0234 8EEC5A3E 		.word	1046146190
 178 0238 87314A3E 		.word	1045049735
 179 023c 94BC57BE 		.word	-1101546348
 180 0240 A57B08BB 		.word	-1157071963
 181 0244 F5ACA13D 		.word	1034005749
 182 0248 B521C0BE 		.word	-1094704715
 183 024c FCE5DC3E 		.word	1054664188
 184 0250 DFDA57BD 		.word	-1118315809
 185 0254 E5F4D7BD 		.word	-1109920539
 186 0258 2E755BBE 		.word	-1101302482
 187 025c 9C17B5BD 		.word	-1112205412
 188 0260 62A78DBD 		.word	-1114790046
 189 0264 0ACBD43E 		.word	1054133002
 190 0268 2BFC98BE 		.word	-1097270229
 191 026c 91DC9ABE 		.word	-1097147247
 192 0270 0F0192BE 		.word	-1097727729
 193 0274 E1841DBE 		.word	-1105361695
 194 0278 6CE78ABD 		.word	-1114970260
 195 027c F9DF7C3D 		.word	1031593977
 196 0280 6C02F63D 		.word	1039532652
 197 0284 0104803E 		.word	1048577025
 198 0288 0EBF9A3E 		.word	1050328846
 199 028c 3E7C173D 		.word	1024949310
 200 0290 F26045BE 		.word	-1102749454
 201 0294 7045883E 		.word	1049118064
 202 0298 1A93A6BC 		.word	-1129934054
 203 029c 8DF5253E 		.word	1042675085
 204 02a0 5C7ABF39 		.word	968850012
 205 02a4 004515BE 		.word	-1105902336
 206 02a8 1A186B3C 		.word	1013651482
 207 02ac 955435BE 		.word	-1103801195
 208 02b0 6C1650BE 		.word	-1102047636
 209 02b4 1CBD6BBD 		.word	-1117012708
 210 02b8 4C10683E 		.word	1047007308
 211 02bc E4FF343D 		.word	1026883556
 212 02c0 3DF0DBBD 		.word	-1109659587
 213 02c4 5CAEBC3D 		.word	1035775580
 214 02c8 88B4663E 		.word	1046918280
 215 02cc 001BAB3E 		.word	1051400960
 216 02d0 86853DBE 		.word	-1103264378
 217 02d4 2BD330BE 		.word	-1104096469
 218 02d8 10EA85BD 		.word	-1115297264
 219 02dc 33EC2BBE 		.word	-1104417741
 220 02e0 26D97F3E 		.word	1048566054
 221 02e4 19FE28BE 		.word	-1104609767
 222 02e8 4EE16DBD 		.word	-1116872370
 223 02ec 39FD41BE 		.word	-1102971591
 224 02f0 20426A3E 		.word	1047151136
 225 02f4 8D1068BD 		.word	-1117253491
 226 02f8 2F5B6F3D 		.word	1030708015
 227 02fc 6BCC8CBE 		.word	-1098068885
 228 0300 52306D3C 		.word	1013788754
 229 0304 4C614D3D 		.word	1028481356
 230 0308 00000000 		.word	0
 231 030c 69DBE1BC 		.word	-1126048919
 232 0310 00000000 		.word	0
ARM GAS  /tmp/ccGdHCJo.s 			page 5


 233 0314 FD4F9A3D 		.word	1033523197
 234 0318 F8B353BD 		.word	-1118587912
 235 031c 1EB19C3D 		.word	1033679134
 236 0320 84404A39 		.word	961167492
 237 0324 913827BD 		.word	-1121503087
 238 0328 ABE9E53C 		.word	1021700523
 239 032c D4F287BD 		.word	-1115163948
 240 0330 00000000 		.word	0
 241 0334 C79A3F3E 		.word	1044355783
 242 0338 235CCD3B 		.word	1003314211
 243 033c 31DDF73C 		.word	1022876977
 244 0340 5C29ACBC 		.word	-1129567908
 245 0344 22F8C4BA 		.word	-1161496542
 246 0348 EA4CB93D 		.word	1035554026
 247 034c 51B2863B 		.word	998683217
 248 0350 4A94BF3D 		.word	1035965514
 249 0354 304DC6BD 		.word	-1111077584
 250 0358 BBBDD73E 		.word	1054326203
 251 035c 8F50B13D 		.word	1035030671
 252 0360 13D82D3D 		.word	1026414611
 253 0364 4C77D63C 		.word	1020688204
 254 0368 00000000 		.word	0
 255 036c 3A27113D 		.word	1024534330
 256 0370 2438F33C 		.word	1022572580
 257 0374 00000000 		.word	0
 258 0378 7A1A1EBC 		.word	-1138877830
 259 037c 3166803C 		.word	1015047729
 260 0380 A83CAD3C 		.word	1017986216
 261 0384 A52D5ABC 		.word	-1134940763
 262 0388 199FDFBB 		.word	-1142972647
 263 038c 45DF2EBD 		.word	-1121001659
 264 0390 00000000 		.word	0
 265 0394 B562ADBC 		.word	-1129487691
 266 0398 00000000 		.word	0
 267 039c A5A7ED3C 		.word	1022207909
 268 03a0 7097243E 		.word	1042585456
 269 03a4 00000000 		.word	0
 270 03a8 D90E87BC 		.word	-1131999527
 271 03ac 5F3AF53A 		.word	989149791
 272 03b0 C8268BBD 		.word	-1114954040
 273 03b4 9AD71C3E 		.word	1042077594
 274 03b8 F8ED093E 		.word	1040838136
 275 03bc B48CF7BC 		.word	-1124627276
 276 03c0 1437E83C 		.word	1021851412
 277 03c4 5285B8BB 		.word	-1145535150
 278 03c8 00000000 		.word	0
 279 03cc D9DE9D3D 		.word	1033756377
 280 03d0 00000000 		.word	0
 281 03d4 4A5E13BC 		.word	-1139581366
 282 03d8 AE8D7E3C 		.word	1014926766
 283 03dc 7EA092BC 		.word	-1131241346
 284 03e0 A8B68ABC 		.word	-1131759960
 285 03e4 00000000 		.word	0
 286 03e8 E2FCAABC 		.word	-1129644830
 287 03ec 273DBA3D 		.word	1035615527
 288 03f0 00000000 		.word	0
 289 03f4 005D853D 		.word	1032150272
ARM GAS  /tmp/ccGdHCJo.s 			page 6


 290 03f8 A4D4633D 		.word	1029952676
 291 03fc AC21DDBC 		.word	-1126358612
 292 0400 32C0CDBD 		.word	-1110589390
 293 0404 88A2D03D 		.word	1037083272
 294 0408 F0C31ABD 		.word	-1122319376
 295 040c 890B3DBD 		.word	-1120072823
 296 0410 10CCB6BD 		.word	-1112093680
 297 0414 03077DBE 		.word	-1099102461
 298 0418 049687BD 		.word	-1115187708
 299 041c 3088283D 		.word	1026066480
 300 0420 217E4DBE 		.word	-1102217695
 301 0424 293888BE 		.word	-1098368983
 302 0428 F483B03D 		.word	1034978292
 303 042c 7EF1A5BD 		.word	-1113198210
 304 0430 80ADFC3B 		.word	1006415232
 305 0434 B14C09BE 		.word	-1106686799
 306 0438 ECDFF2BD 		.word	-1108156436
 307 043c A08F8DBD 		.word	-1114796128
 308 0440 FD580BBD 		.word	-1123329795
 309 0444 C2ADF23D 		.word	1039314370
 310 0448 9E5F39BE 		.word	-1103536226
 311 044c DC1FEABC 		.word	-1125507108
 312 0450 04966EBE 		.word	-1100048892
 313 0454 A14F363E 		.word	1043746721
 314 0458 F41E1F3D 		.word	1025449716
 315 045c 66C969BE 		.word	-1100363418
 316 0460 BDD71F3E 		.word	1042274237
 317 0464 82FA0BBE 		.word	-1106511230
 318 0468 605E1F3D 		.word	1025465952
 319 046c E1E4723E 		.word	1047717089
 320 0470 88FB7ABC 		.word	-1132790904
 321 0474 74925FBE 		.word	-1101032844
 322 0478 30CBFA3D 		.word	1039846192
 323 047c CD368ABD 		.word	-1115015475
 324 0480 ED6072BE 		.word	-1099800339
 325 0484 A853363E 		.word	1043747752
 326 0488 F1E6B03D 		.word	1035003633
 327 048c CD2D3B3E 		.word	1044065741
 328 0490 E041DD3D 		.word	1037910496
 329 0494 DB1BD7BD 		.word	-1109976101
 330 0498 20D1583D 		.word	1029230880
 331 049c 2DD9A4BB 		.word	-1146824403
 332 04a0 A8F4B9BD 		.word	-1111886680
 333 04a4 009BC83B 		.word	1003002624
 334 04a8 408A30BE 		.word	-1104115136
 335 04ac 8EF825BE 		.word	-1104807794
 336 04b0 C16D1FBE 		.word	-1105236543
 337 04b4 0F45583E 		.word	1045972239
 338 04b8 4F595A3D 		.word	1029331279
 339 04bc 71400BBE 		.word	-1106558863
 340 04c0 37848ABD 		.word	-1114995657
 341 04c4 276601BD 		.word	-1123981785
 342 04c8 049604BE 		.word	-1106995708
 343 04cc 8659833D 		.word	1032018310
 344 04d0 60280CBE 		.word	-1106499488
 345 04d4 0AB1533E 		.word	1045672202
 346 04d8 74505B3D 		.word	1029394548
ARM GAS  /tmp/ccGdHCJo.s 			page 7


 347 04dc 3EAACF3D 		.word	1037019710
 348 04e0 D072023E 		.word	1040347856
 349 04e4 A0C0F8BD 		.word	-1107771232
 350 04e8 37B6FEBD 		.word	-1107380681
 351 04ec 507408BE 		.word	-1106742192
 352 04f0 E07D123E 		.word	1041399264
 353 04f4 60DF71BD 		.word	-1116610720
 354 04f8 A8611E3E 		.word	1042178472
 355 04fc A8C34D3E 		.word	1045283752
 356 0500 C47BE43D 		.word	1038384068
 357 0504 1CE07ABE 		.word	-1099243492
 358 0508 1C6E793E 		.word	1048145436
 359 050c 5C49B3BD 		.word	-1112323748
 360 0510 586617BE 		.word	-1105762728
 361 0514 DD1E913E 		.word	1049698013
 362 0518 A1077BBE 		.word	-1099233375
 363 051c 4140273D 		.word	1025982529
 364 0520 711D7EBE 		.word	-1099031183
 365 0524 3BB6A4BE 		.word	-1096501701
 366 0528 B9214DBE 		.word	-1102241351
 367 052c AA956CBD 		.word	-1116957270
 368 0530 08EF8D3D 		.word	1032711944
 369 0534 C04F973E 		.word	1050103744
 370 0538 6DD7D6BE 		.word	-1093216403
 371 053c E1EE013E 		.word	1040314081
 372 0540 3419413E 		.word	1044453684
 373 0544 1F94E8BD 		.word	-1108831201
 374 0548 13A5C03E 		.word	1052812563
 375 054c 1428CBBD 		.word	-1110759404
 376 0550 4E51113F 		.word	1058099534
 377 0554 CD6D0B3E 		.word	1040936397
 378 0558 E209903E 		.word	1049627106
 379 055c 747AB63E 		.word	1052146292
 380 0560 B5926F3E 		.word	1047499445
 381 0564 1DBB6C3E 		.word	1047313181
 382 0568 00B6253B 		.word	992327168
 383 056c 3DFFF23E 		.word	1056112445
 384 0570 8329D4BC 		.word	-1126946429
 385 0574 F0B948BE 		.word	-1102530064
 386 0578 581CC73D 		.word	1036459096
 387 057c 2BFAFA3C 		.word	1023081003
 388 0580 D6294BBE 		.word	-1102370346
 389 0584 09E96CBE 		.word	-1100158711
 390 0588 60C4693E 		.word	1047118944
 391 058c 51DC83BE 		.word	-1098654639
 392 0590 AC4935BE 		.word	-1103803988
 393 0594 0F0DB3BE 		.word	-1095561969
 394 0598 744279BE 		.word	-1099349388
 395 059c 8BEB6CBD 		.word	-1116935285
 396 05a0 5C84C13E 		.word	1052869724
 397 05a4 785139BE 		.word	-1103539848
 398 05a8 70E7D5BD 		.word	-1110055056
 399 05ac 1110EBBD 		.word	-1108668399
 400 05b0 C18866BD 		.word	-1117353791
 401 05b4 AFA89A3E 		.word	1050323119
 402 05b8 C5951D3F 		.word	1058903493
 403 05bc CE7BCCBE 		.word	-1093895218
ARM GAS  /tmp/ccGdHCJo.s 			page 8


 404 05c0 34C9ADBE 		.word	-1095907020
 405 05c4 6533C73D 		.word	1036464997
 406 05c8 80D4EC3C 		.word	1022153856
 407 05cc 30D07A3E 		.word	1048236080
 408 05d0 005E023B 		.word	990010880
 409 05d4 3636973D 		.word	1033319990
 410 05d8 F631C3BE 		.word	-1094503946
 411 05dc 1C9DC1BD 		.word	-1111384804
 412 05e0 FE513D3E 		.word	1044206078
 413 05e4 108C25BE 		.word	-1104835568
 414 05e8 BDDC82BE 		.word	-1098720067
 415 05ec D338A23D 		.word	1034041555
 416 05f0 28AB18BE 		.word	-1105679576
 417 05f4 C9C7253B 		.word	992331721
 418 05f8 D13EAF3E 		.word	1051672273
 419 05fc CB64523E 		.word	1045587147
 420 0600 001220BE 		.word	-1105194496
 421 0604 FB7E9D3E 		.word	1050509051
 422 0608 202A153E 		.word	1041574432
 423 060c 208DE2BB 		.word	-1142780640
 424 0610 F0B276BD 		.word	-1116294416
 425 0614 9D5A453E 		.word	1044732573
 426 0618 8C178D3E 		.word	1049433996
 427 061c D78B9C3E 		.word	1050446807
 428 0620 37D26F3E 		.word	1047515703
 429 0624 EDA8A63E 		.word	1051109613
 430 0628 0C58AA3E 		.word	1051351052
 431 062c 4486383E 		.word	1043891780
 432 0630 B04EC6BD 		.word	-1111077200
 433 0634 029DC33D 		.word	1036229890
 434 0638 9CD0963E 		.word	1050071196
 435 063c C152493E 		.word	1044992705
 436 0640 A1AF1CBD 		.word	-1122193503
 437 0644 32AD7F3D 		.word	1031777586
 438 0648 16FB0EBE 		.word	-1106314474
 439 064c 8FA93BBE 		.word	-1103386225
 440 0650 4ABD10BD 		.word	-1122976438
 441 0654 4D61BF3D 		.word	1035952461
 442 0658 CBBD8ABD 		.word	-1114980917
 443 065c 178F523E 		.word	1045597975
 444 0660 A6779A3C 		.word	1016756134
 445 0664 00CCD3BD 		.word	-1110193152
 446 0668 483C45BE 		.word	-1102758840
 447 066c 241539BE 		.word	-1103555292
 448 0670 FA09463D 		.word	1028000250
 449 0674 803A3ABD 		.word	-1120257408
 450 0678 5C2B02BC 		.word	-1140708516
 451 067c 7A37523E 		.word	1045575546
 452 0680 2370ED3D 		.word	1038970915
 453 0684 0B11493D 		.word	1028198667
 454 0688 2978EB3C 		.word	1022064681
 455 068c 9C31F7BD 		.word	-1107873380
 456 0690 B093FC3D 		.word	1039963056
 457 0694 AF857F3C 		.word	1014990255
 458 0698 30EC633E 		.word	1046735920
 459 069c 8C553A3E 		.word	1044010380
 460 06a0 866F7CBB 		.word	-1149472890
ARM GAS  /tmp/ccGdHCJo.s 			page 9


 461 06a4 0063A13D 		.word	1033986816
 462 06a8 AFD5C2BD 		.word	-1111304785
 463 06ac A38E823D 		.word	1031966371
 464 06b0 537EE83C 		.word	1021869651
 465 06b4 BC9C28BE 		.word	-1104634692
 466 06b8 518A7ABE 		.word	-1099265455
 467 06bc 8BD807BD 		.word	-1123559285
 468 06c0 6C06C13E 		.word	1052837484
 469 06c4 838DB93E 		.word	1052347779
 470 06c8 3C5841BE 		.word	-1103013828
 471 06cc 9823B5BE 		.word	-1095425128
 472 06d0 E0B50B3D 		.word	1024177632
 473 06d4 C53477BE 		.word	-1099483963
 474 06d8 2A493ABD 		.word	-1120253654
 475 06dc CDD8DDBD 		.word	-1109534515
 476 06e0 21D6463E 		.word	1044829729
 477 06e4 58802F3E 		.word	1043300440
 478 06e8 4C55C23D 		.word	1036145996
 479 06ec F9A3293E 		.word	1042916345
 480 06f0 70B48FBD 		.word	-1114655632
 481 06f4 C146F9BD 		.word	-1107736895
 482 06f8 93805FB9 		.word	-1184923501
 483 06fc 6DA80E3E 		.word	1041148013
 484 0700 E50D32BE 		.word	-1104015899
 485 0704 4870D43D 		.word	1037332552
 486 0708 00E720BE 		.word	-1105139968
 487 070c A03DB6BC 		.word	-1128907360
 488 0710 3021FFBD 		.word	-1107353296
 489 0714 C85F093E 		.word	1040801736
 490 0718 3AD0363D 		.word	1027002426
 491 071c 700BDBBD 		.word	-1109718160
 492 0720 F8A8BDBD 		.word	-1111643912
 493 0724 DC90F23B 		.word	1005752540
 494 0728 6FA809BD 		.word	-1123440529
 495 072c A7C508BE 		.word	-1106721369
 496 0730 74050E3E 		.word	1041106292
 497 0734 937788BD 		.word	-1115129965
 498 0738 7F9D74BE 		.word	-1099653761
 499 073c B7F286BE 		.word	-1098452297
 500 0740 20CE38BE 		.word	-1103573472
 501 0744 5C5C20BE 		.word	-1105175460
 502 0748 AF21463D 		.word	1028006319
 503 074c A88FE33D 		.word	1038323624
 504 0750 A2A3663E 		.word	1046913954
 505 0754 1BE86CBD 		.word	-1116936165
 506 0758 5218FA3D 		.word	1039800402
 507 075c 9CD2C73D 		.word	1036505756
 508 0760 43AFC9BC 		.word	-1127633085
 509 0764 4CF03E3D 		.word	1027534924
 510 0768 80888D3B 		.word	999131264
 511 076c 3EDF833C 		.word	1015275326
 512 0770 13CC7EBE 		.word	-1098986477
 513 0774 40910B3D 		.word	1024168256
 514 0778 E4591E3E 		.word	1042176484
 515 077c 3DB0AA3D 		.word	1034596413
 516 0780 80DACABB 		.word	-1144333696
 517 0784 D51E87BE 		.word	-1098441003
ARM GAS  /tmp/ccGdHCJo.s 			page 10


 518 0788 FAAE7FBE 		.word	-1098928390
 519 078c F6C7093E 		.word	1040828406
 520 0790 00E00E3B 		.word	990830592
 521 0794 7005C33D 		.word	1036191088
 522 0798 C85DC83D 		.word	1036541384
 523 079c 579E003E 		.word	1040227927
 524 07a0 441297BD 		.word	-1114172860
 525 07a4 00DF78BB 		.word	-1149706496
 526 07a8 ECFA46BE 		.word	-1102644500
 527 07ac A1EA293E 		.word	1042934433
 528 07b0 BD38E7BC 		.word	-1125697347
 529 07b4 C6FD0EBE 		.word	-1106313786
 530 07b8 936F02BD 		.word	-1123913837
 531 07bc 9070A43D 		.word	1034186896
 532 07c0 F01BFCBD 		.word	-1107551248
 533 07c4 21F2603E 		.word	1046540833
 534 07c8 68EE083E 		.word	1040772712
 535 07cc 70A4C2BD 		.word	-1111317392
 536 07d0 303A913D 		.word	1032927792
 537 07d4 CD883A3E 		.word	1044023501
 538 07d8 34B428BC 		.word	-1138183116
 539 07dc 5C4E7E3C 		.word	1014910556
 540 07e0 90B3F33D 		.word	1039381392
 541 07e4 F0E29C3D 		.word	1033691888
 542 07e8 1308363C 		.word	1010173971
 543 07ec C49FDBBD 		.word	-1109680188
 544 07f0 3C177DBE 		.word	-1099098308
 545 07f4 647B10BE 		.word	-1106216092
 546 07f8 6E1504BD 		.word	-1123805842
 547 07fc 00607B39 		.word	964386816
 548 0800 601B813C 		.word	1015094112
 549 0804 40F2DBBC 		.word	-1126436288
 550 0808 B4DE26BE 		.word	-1104748876
 551 080c 5DF6A23D 		.word	1034090077
 552 0810 20FB94BC 		.word	-1131087072
 553 0814 2ED736BE 		.word	-1103702226
 554 0818 7597113D 		.word	1024563061
 555 081c EC4903BE 		.word	-1107080724
 556 0820 44F62EBE 		.word	-1104218556
 557 0824 B0FC55BE 		.word	-1101661008
 558 0828 DD75BEBC 		.word	-1128368675
 559 082c 6052453E 		.word	1044730464
 560 0830 685942BE 		.word	-1102947992
 561 0834 77663EBE 		.word	-1103206793
 562 0838 3024C53D 		.word	1036330032
 563 083c ED9033BE 		.word	-1103916819
 564 0840 2CEB3E3E 		.word	1044310828
 565 0844 38163DBE 		.word	-1103292872
 566 0848 088CBE3D 		.word	1035897864
 567 084c D083CE3D 		.word	1036944336
 568 0850 CCBA25BE 		.word	-1104823604
 569 0854 3C6FE6BC 		.word	-1125748932
 570 0858 7EC8AF3D 		.word	1034930302
 571 085c 1BF6383D 		.word	1027143195
 572 0860 98C3F0BD 		.word	-1108294760
 573 0864 604ABD3D 		.word	1035815520
 574 0868 8816ADBD 		.word	-1112729976
ARM GAS  /tmp/ccGdHCJo.s 			page 11


 575 086c 300593BD 		.word	-1114438352
 576 0870 D05178BE 		.word	-1099410992
 577 0874 E0E9093D 		.word	1024059872
 578 0878 1D2F663E 		.word	1046884125
 579 087c 8EA736BC 		.word	-1137268850
 580 0880 9814CA3D 		.word	1036653720
 581 0884 E3EA09BE 		.word	-1106646301
 582 0888 653182BE 		.word	-1098763931
 583 088c 4164633E 		.word	1046701121
 584 0890 B87D26BE 		.word	-1104773704
 585 0894 B9A6B93C 		.word	1018799801
 586 0898 6064AB3C 		.word	1017865312
 587 089c DD550B3E 		.word	1040930269
 588 08a0 DDB41A3E 		.word	1041937629
 589 08a4 E01478BE 		.word	-1099426592
 590 08a8 A0C6B0BC 		.word	-1129265504
 591 08ac 8D6B313D 		.word	1026648973
 592 08b0 C11B6DBE 		.word	-1100145727
 593 08b4 CA8620BE 		.word	-1105164598
 594 08b8 E647213E 		.word	1042368486
 595 08bc A7B329BE 		.word	-1104563289
 596 08c0 B023433D 		.word	1027810224
 597 08c4 DE873EBC 		.word	-1136752674
 598 08c8 185AED3D 		.word	1038965272
 599 08cc ADC1B93D 		.word	1035583917
 600 08d0 0037BA3D 		.word	1035613952
 601 08d4 6FEA243E 		.word	1042606703
 602 08d8 7927EEBD 		.word	-1108465799
 603 08dc 779B573E 		.word	1045928823
 604 08e0 0C37083E 		.word	1040725772
 605 08e4 C0E7313D 		.word	1026680768
 606 08e8 5AF0BBBD 		.word	-1111756710
 607 08ec 0D33DCBB 		.word	-1143196915
 608 08f0 708802BE 		.word	-1107130256
 609 08f4 FCBE07BE 		.word	-1106788612
 610 08f8 66EB07BD 		.word	-1123554458
 611 08fc 984308BE 		.word	-1106754664
 612 0900 EC9C9FBA 		.word	-1163944724
 613 0904 507A9FBD 		.word	-1113621936
 614 0908 B8DBFDBD 		.word	-1107436616
 615 090c 28333DBE 		.word	-1103285464
 616 0910 E02AFA3D 		.word	1039805152
 617 0914 677F4CBE 		.word	-1102282905
 618 0918 8ED083BD 		.word	-1115434866
 619 091c 748B63BE 		.word	-1100772492
 620 0920 F4D371BE 		.word	-1099836428
 621 0924 1A974A3E 		.word	1045075738
 622 0928 19E520BE 		.word	-1105140455
 623 092c 257A273E 		.word	1042774565
 624 0930 A0F647BD 		.word	-1119357280
 625 0934 A3CD3C3E 		.word	1044172195
 626 0938 A08653BD 		.word	-1118599520
 627 093c C9CB0CBD 		.word	-1123234871
 628 0940 6CD67CBE 		.word	-1099114900
 629 0944 80371E3E 		.word	1042167680
 630 0948 BBC7BABD 		.word	-1111832645
 631 094c E031BB3C 		.word	1018900960
ARM GAS  /tmp/ccGdHCJo.s 			page 12


 632 0950 8BC1993C 		.word	1016709515
 633 0954 ABBDE0BD 		.word	-1109344853
 634 0958 4AC0B73D 		.word	1035452490
 635 095c D842863D 		.word	1032209112
 636 0960 DF4043BE 		.word	-1102888737
 637 0964 49BF66BE 		.word	-1100562615
 638 0968 908812BD 		.word	-1122858864
 639 096c 616CFB3D 		.word	1039887457
 640 0970 FB8D50BE 		.word	-1102017029
 641 0974 103A19BE 		.word	-1105642992
 642 0978 E438183E 		.word	1041774820
 643 097c 952C87BE 		.word	-1098437483
 644 0980 0490483E 		.word	1044942852
 645 0984 728F00BD 		.word	-1124036750
 646 0988 BB7C0CBE 		.word	-1106477893
 647 098c C29E59BE 		.word	-1101422910
 648 0990 00762FBD 		.word	-1120963072
 649 0994 552640BE 		.word	-1103092139
 650 0998 90AA753E 		.word	1047898768
 651 099c 300A78BD 		.word	-1116206544
 652 09a0 A96E27BD 		.word	-1121489239
 653 09a4 701B193D 		.word	1025055600
 654 09a8 C0FED03C 		.word	1020329664
 655 09ac 4882C03D 		.word	1036026440
 656 09b0 C2C20C3E 		.word	1041023682
 657 09b4 056293BC 		.word	-1131191803
 658 09b8 03654C3E 		.word	1045193987
 659 09bc 007848BB 		.word	-1152878592
 660 09c0 F82F41BE 		.word	-1103024136
 661 09c4 782165BE 		.word	-1100668552
 662 09c8 6CF404BE 		.word	-1106971540
 663 09cc A8E5753E 		.word	1047913896
 664 09d0 646A733E 		.word	1047751268
 665 09d4 D35B69BD 		.word	-1117168685
 666 09d8 104553BD 		.word	-1118616304
 667 09dc BC5F993B 		.word	999907260
 668 09e0 A37FDE3D 		.word	1037991843
 669 09e4 940D24BE 		.word	-1104933484
 670 09e8 08799FBD 		.word	-1113622264
 671 09ec 53E260BE 		.word	-1100946861
 672 09f0 B4274A3E 		.word	1045047220
 673 09f4 A0B853BD 		.word	-1118586720
 674 09f8 82A47A3D 		.word	1031447682
 675 09fc 80CA7C3D 		.word	1031588480
 676 0a00 C59BA9BB 		.word	-1146512443
 677 0a04 9553523E 		.word	1045582741
 678 0a08 E8207ABE 		.word	-1099292440
 679 0a0c 7332B93E 		.word	1052324467
 680 0a10 88FC8DBD 		.word	-1114768248
 681 0a14 206743BE 		.word	-1102878944
 682 0a18 66C45C3D 		.word	1029489766
 683 0a1c 08CD22BE 		.word	-1105015544
 684 0a20 A2F0A1BD 		.word	-1113460574
 685 0a24 5B40603D 		.word	1029718107
 686 0a28 5B7BE53E 		.word	1055226715
 687 0a2c 4DE620BD 		.word	-1121917363
 688 0a30 302CFD3D 		.word	1040002096
ARM GAS  /tmp/ccGdHCJo.s 			page 13


 689 0a34 12BE593D 		.word	1029291538
 690 0a38 C2C5403E 		.word	1044432322
 691 0a3c 51C413BE 		.word	-1106000815
 692 0a40 98BB9EBE 		.word	-1096893544
 693 0a44 4AE29FBC 		.word	-1130372534
 694 0a48 D46D073E 		.word	1040674260
 695 0a4c 90AFFBBB 		.word	-1141133424
 696 0a50 11F38ABE 		.word	-1098190063
 697 0a54 3AAF9ABD 		.word	-1113936070
 698 0a58 5EDDAA3D 		.word	1034607966
 699 0a5c 1F6305BE 		.word	-1106943201
 700 0a60 45CC4E3E 		.word	1045351493
 701 0a64 CBABDCBE 		.word	-1092834357
 702 0a68 68114B3E 		.word	1045107048
 703 0a6c 8884B1BE 		.word	-1095662456
 704 0a70 2CB41CBE 		.word	-1105415124
 705 0a74 6898443E 		.word	1044682856
 706 0a78 83419A3D 		.word	1033519491
 707 0a7c 1C6BA63E 		.word	1051093788
 708 0a80 999CB93E 		.word	1052351641
 709 0a84 488883BC 		.word	-1132230584
 710 0a88 C81C8A3E 		.word	1049238728
 711 0a8c E5C2413E 		.word	1044497125
 712 0a90 F03B09BD 		.word	-1123468304
 713 0a94 3D1FB63E 		.word	1052122941
 714 0a98 A850AD3D 		.word	1034768552
 715 0a9c 2E59DF3E 		.word	1054824750
 716 0aa0 4A66F8BD 		.word	-1107794358
 717 0aa4 803F073D 		.word	1023885184
 718 0aa8 3879F43D 		.word	1039431992
 719 0aac 4DD8943E 		.word	1049942093
 720 0ab0 55E19B3E 		.word	1050403157
 721 0ab4 498743BE 		.word	-1102870711
 722 0ab8 F6E576BE 		.word	-1099504138
 723 0abc 6684DC3E 		.word	1054639206
 724 0ac0 F73FA83C 		.word	1017659383
 725 0ac4 FF73A83E 		.word	1051227135
 726 0ac8 4089E7BC 		.word	-1125676736
 727 0acc 2EF5B1BE 		.word	-1095633618
 728 0ad0 00BD343D 		.word	1026866432
 729 0ad4 A91C403E 		.word	1044389033
 730 0ad8 4F1C1E3D 		.word	1025383503
 731 0adc 07A3A13D 		.word	1034003207
 732 0ae0 5AD350BE 		.word	-1101999270
 733 0ae4 9C93743E 		.word	1047827356
 734 0ae8 8FEAF83D 		.word	1039723151
 735 0aec 0105373E 		.word	1043793153
 736 0af0 E4D13CBE 		.word	-1103310364
 737 0af4 0EDC4FBC 		.word	-1135617010
 738 0af8 A860F5BD 		.word	-1107992408
 739 0afc 815158BE 		.word	-1101508223
 740 0b00 0D29A83E 		.word	1051207949
 741 0b04 D7DAB8BE 		.word	-1095181609
 742 0b08 609AFBBC 		.word	-1124361632
 743 0b0c 2A8CB8BD 		.word	-1111978966
 744 0b10 2859B9BD 		.word	-1111926488
 745 0b14 EDFAB73E 		.word	1052244717
ARM GAS  /tmp/ccGdHCJo.s 			page 14


 746 0b18 DC6251BE 		.word	-1101962532
 747 0b1c 9CDB273D 		.word	1026022300
 748 0b20 0E01C5BC 		.word	-1127939826
 749 0b24 F6E1D9BD 		.word	-1109794314
 750 0b28 B020793D 		.word	1031348400
 751 0b2c EC25EBBC 		.word	-1125440020
 752 0b30 4C095CBE 		.word	-1101264564
 753 0b34 4CD19C3E 		.word	1050464588
 754 0b38 5D31CBBE 		.word	-1093979811
 755 0b3c 50C4F83D 		.word	1039713360
 756 0b40 3DBF973D 		.word	1033355069
 757 0b44 8C0F90BE 		.word	-1097855092
 758 0b48 25C5133C 		.word	1007928613
 759 0b4c D3D64DBE 		.word	-1102194989
 760 0b50 F2E1003F 		.word	1057022450
 761 0b54 984C30BE 		.word	-1104130920
 762 0b58 D156BF3E 		.word	1052726993
 763 0b5c 2EF59E3E 		.word	1050604846
 764 0b60 54C22F3E 		.word	1043317332
 765 0b64 20229D3E 		.word	1050485280
 766 0b68 DC3D5FBE 		.word	-1101054500
 767 0b6c EF34753E 		.word	1047868655
 768 0b70 C736973E 		.word	1050097351
 769 0b74 4050CD3C 		.word	1020088384
 770 0b78 CF4568BD 		.word	-1117239857
 771 0b7c FE8D89BE 		.word	-1098281474
 772 0b80 EBE913BD 		.word	-1122768405
 773 0b84 D1F48FBE 		.word	-1097861935
 774 0b88 46F16CBC 		.word	-1133711034
 775 0b8c 088EA9BD 		.word	-1112961528
 776 0b90 801FEABD 		.word	-1108729984
 777 0b94 9DDF01BE 		.word	-1107173475
 778 0b98 0869B2BD 		.word	-1112381176
 779 0b9c 4B58AEBD 		.word	-1112647605
 780 0ba0 C9C82D3E 		.word	1043187913
 781 0ba4 BC520E3E 		.word	1041126076
 782 0ba8 CA4D20BE 		.word	-1105179190
 783 0bac 919F76BE 		.word	-1099522159
 784 0bb0 AF7D7ABE 		.word	-1099268689
 785 0bb4 623FF73E 		.word	1056391010
 786 0bb8 E75F4C3E 		.word	1045192679
 787 0bbc FB806F3D 		.word	1030717691
 788 0bc0 21E4EBBE 		.word	-1091836895
 789 0bc4 A94F4ABE 		.word	-1102426199
 790 0bc8 AC26313E 		.word	1043408556
 791 0bcc 0362E73E 		.word	1055351299
 792 0bd0 D065F2BD 		.word	-1108187696
 793 0bd4 F8636C3D 		.word	1030513656
 794 0bd8 11810EBE 		.word	-1106345711
 795 0bdc 627F3D3E 		.word	1044217698
 796 0be0 CFADC1BD 		.word	-1111380529
 797 0be4 80CD97BD 		.word	-1114124928
 798 0be8 CB253CBE 		.word	-1103354421
 799 0bec 31FE6B3E 		.word	1047264817
 800 0bf0 5CA2013E 		.word	1040294492
 801 0bf4 4609373E 		.word	1043794246
 802 0bf8 5B5D0C3D 		.word	1024220507
ARM GAS  /tmp/ccGdHCJo.s 			page 15


 803 0bfc E3759FBD 		.word	-1113623069
 804 0c00 77603C3D 		.word	1027367031
 805 0c04 C0BB07BD 		.word	-1123566656
 806 0c08 10DCAFBD 		.word	-1112548336
 807 0c0c E062EA3C 		.word	1021993696
 808 0c10 58303D3E 		.word	1044197464
 809 0c14 D39183BE 		.word	-1098673709
 810 0c18 A80A733E 		.word	1047726760
 811 0c1c 1BBE6CBE 		.word	-1100169701
 812 0c20 120A743D 		.word	1031014930
 813 0c24 789F6EBE 		.word	-1100046472
 814 0c28 742870BE 		.word	-1099945868
 815 0c2c 7FFC7ABE 		.word	-1099236225
 816 0c30 00E864BD 		.word	-1117460480
 817 0c34 1C254E3E 		.word	1045308700
 818 0c38 804AB53D 		.word	1035291264
 819 0c3c 56D459BE 		.word	-1101409194
 820 0c40 3095563D 		.word	1029084464
 821 0c44 6C7C50BE 		.word	-1102021524
 822 0c48 D30FD23D 		.word	1037176787
 823 0c4c 6F7C3C3E 		.word	1044151407
 824 0c50 103834BB 		.word	-1154205680
 825 0c54 586363BE 		.word	-1100782760
 826 0c58 714EF73C 		.word	1022840433
 827 0c5c 888514BE 		.word	-1105951352
 828 0c60 B8181ABE 		.word	-1105585992
 829 0c64 37DC42BE 		.word	-1102914505
 830 0c68 20723FBE 		.word	-1103138272
 831 0c6c 476B193E 		.word	1041853255
 832 0c70 2D6373BE 		.word	-1099734227
 833 0c74 40FDDFBC 		.word	-1126171328
 834 0c78 6F496BBE 		.word	-1100265105
 835 0c7c 90B741BE 		.word	-1102989424
 836 0c80 713A6A3D 		.word	1030371953
 837 0c84 ECDB0BBE 		.word	-1106519060
 838 0c88 B550BB3D 		.word	1035686069
 839 0c8c DC3373BE 		.word	-1099746340
 840 0c90 80295FBD 		.word	-1117836928
 841 0c94 48ADFEBD 		.word	-1107382968
 842 0c98 E02C56BD 		.word	-1118425888
 843 0c9c 787B58BE 		.word	-1101497480
 844 0ca0 C4B650BC 		.word	-1135561020
 845 0ca4 C88DD33D 		.word	1037274568
 846 0ca8 4041AABD 		.word	-1112915648
 847 0cac 50640BBD 		.word	-1123326896
 848 0cb0 8420253E 		.word	1042620548
 849 0cb4 727E2E3E 		.word	1043234418
 850 0cb8 208E81BE 		.word	-1098805728
 851 0cbc 84F95CBE 		.word	-1101203068
 852 0cc0 A027933D 		.word	1033054112
 853 0cc4 40E4DABC 		.word	-1126505408
 854 0cc8 A024A7BD 		.word	-1113119584
 855 0ccc A097AA3D 		.word	1034590112
 856 0cd0 14894FBE 		.word	-1102083820
 857 0cd4 760836BE 		.word	-1103755146
 858 0cd8 4085453E 		.word	1044743488
 859 0cdc F6E340BE 		.word	-1103043594
ARM GAS  /tmp/ccGdHCJo.s 			page 16


 860 0ce0 20326FBD 		.word	-1116786144
 861 0ce4 00E36C3E 		.word	1047323392
 862 0ce8 F47E17BE 		.word	-1105756428
 863 0cec 31AB1F3E 		.word	1042262833
 864 0cf0 D852AE3D 		.word	1034834648
 865 0cf4 FFDD49BE 		.word	-1102455297
 866 0cf8 55D2243E 		.word	1042600533
 867 0cfc 2840B7BD 		.word	-1112063960
 868 0d00 795BCC3A 		.word	986471289
 869 0d04 5754D13D 		.word	1037128791
 870 0d08 08264BBE 		.word	-1102371320
 871 0d0c FB489F3D 		.word	1033849083
 872 0d10 AC3A34BE 		.word	-1103873364
 873 0d14 6DBA52BE 		.word	-1101874579
 874 0d18 01279D3E 		.word	1050486529
 875 0d1c 6F24943E 		.word	1049896047
 876 0d20 627A353E 		.word	1043692130
 877 0d24 CE65423E 		.word	1044538830
 878 0d28 797EA03E 		.word	1050705529
 879 0d2c 0A36973E 		.word	1050097162
 880 0d30 8C79453E 		.word	1044740492
 881 0d34 F28F7E3D 		.word	1031704562
 882 0d38 3F3DA13E 		.word	1050754367
 883 0d3c AC4359BD 		.word	-1118223444
 884 0d40 71FE103E 		.word	1041301105
 885 0d44 39DDBB3E 		.word	1052499257
 886 0d48 EC778DBE 		.word	-1098024980
 887 0d4c 64B77FBC 		.word	-1132480668
 888 0d50 0C49003D 		.word	1023428876
 889 0d54 28ADE33D 		.word	1038331176
 890 0d58 81B2CDBC 		.word	-1127370111
 891 0d5c C0231FBE 		.word	-1105255488
 892 0d60 ABAAF53D 		.word	1039510187
 893 0d64 65277ABC 		.word	-1132845211
 894 0d68 88A0DEBD 		.word	-1109483384
 895 0d6c 51061DBE 		.word	-1105394095
 896 0d70 9F44FD3D 		.word	1040008351
 897 0d74 F08CA4BD 		.word	-1113289488
 898 0d78 B4F277BE 		.word	-1099435340
 899 0d7c 6533E43D 		.word	1038365541
 900 0d80 FF5A833E 		.word	1048795903
 901 0d84 B3416E3E 		.word	1047413171
 902 0d88 FEC4933E 		.word	1049871614
 903 0d8c 40F679BD 		.word	-1116080576
 904 0d90 E02A583D 		.word	1029188320
 905 0d94 709E0F3E 		.word	1041210992
 906 0d98 A8AD3EBE 		.word	-1103188568
 907 0d9c A96DA93A 		.word	984182185
 908 0da0 BC6FB43D 		.word	1035235260
 909 0da4 404CAC3D 		.word	1034701888
 910 0da8 5409C4BD 		.word	-1111226028
 911 0dac 8EE2D33D 		.word	1037296270
 912 0db0 10E3573E 		.word	1045947152
 913 0db4 BDD79A3D 		.word	1033557949
 914 0db8 FE7A50BD 		.word	-1118799106
 915 0dbc 7547993D 		.word	1033455477
 916 0dc0 5427923E 		.word	1049765716
ARM GAS  /tmp/ccGdHCJo.s 			page 17


 917 0dc4 72D4913E 		.word	1049744498
 918 0dc8 E0BE8EBD 		.word	-1114718496
 919 0dcc 67E035BF 		.word	-1086988185
 920 0dd0 BC4507BE 		.word	-1106819652
 921 0dd4 BB6556BE 		.word	-1101634117
 922 0dd8 7381323D 		.word	1026720115
 923 0ddc 953AA4BD 		.word	-1113310571
 924 0de0 2A0622BE 		.word	-1105066454
 925 0de4 184DA4BD 		.word	-1113305832
 926 0de8 C28B1A3E 		.word	1041927106
 927 0dec E036843D 		.word	1032074976
 928 0df0 D00D373D 		.word	1027018192
 929 0df4 256A163E 		.word	1041656357
 930 0df8 60E477BD 		.word	-1116216224
 931 0dfc 0F2A173E 		.word	1041705487
 932 0e00 C0EE053D 		.word	1023798976
 933 0e04 75331CBE 		.word	-1105448075
 934 0e08 CC241F3E 		.word	1042228428
 935 0e0c 8D2DC33D 		.word	1036201357
 936 0e10 88FAABBD 		.word	-1112802680
 937 0e14 78E501BE 		.word	-1107171976
 938 0e18 7987513D 		.word	1028753273
 939 0e1c 39B71D3E 		.word	1042134841
 940 0e20 CCBAF53D 		.word	1039514316
 941 0e24 0016FFBD 		.word	-1107356160
 942 0e28 C1E0523E 		.word	1045618881
 943 0e2c A3273CBE 		.word	-1103353949
 944 0e30 C0180F3E 		.word	1041176768
 945 0e34 92B816BE 		.word	-1105807214
 946 0e38 8B88A03C 		.word	1017153675
 947 0e3c EEAFC4BD 		.word	-1111183378
 948 0e40 F4A20E3C 		.word	1007592180
 949 0e44 A01C103E 		.word	1041243296
 950 0e48 8CFB0F3E 		.word	1041234828
 951 0e4c 13CB22BE 		.word	-1105016045
 952 0e50 F4FB173E 		.word	1041759220
 953 0e54 A8226DBE 		.word	-1100143960
 954 0e58 D00309BE 		.word	-1106705456
 955 0e5c DF9CD3BD 		.word	-1110205217
 956 0e60 FF9F613D 		.word	1029808127
 957 0e64 3841A9BD 		.word	-1112981192
 958 0e68 140843BE 		.word	-1102903276
 959 0e6c 20507EBE 		.word	-1099018208
 960 0e70 BA4755BE 		.word	-1101707334
 961 0e74 001763BB 		.word	-1151133952
 962 0e78 C6BF353E 		.word	1043709894
 963 0e7c 4B11683C 		.word	1013453131
 964 0e80 30E8DA3D 		.word	1037756464
 965 0e84 0B4F893D 		.word	1032408843
 966 0e88 9A6D983D 		.word	1033399706
 967 0e8c D6335ABE 		.word	-1101384746
 968 0e90 C0D7CCBC 		.word	-1127426112
 969 0e94 88CA2EBE 		.word	-1104229752
 970 0e98 ACF7363E 		.word	1043789740
 971 0e9c AEDB533E 		.word	1045683118
 972 0ea0 202858BE 		.word	-1101518816
 973 0ea4 A0B157BE 		.word	-1101549152
ARM GAS  /tmp/ccGdHCJo.s 			page 18


 974 0ea8 3815E0BD 		.word	-1109387976
 975 0eac ED916B3E 		.word	1047237101
 976 0eb0 BD0382BD 		.word	-1115552835
 977 0eb4 58B57FBE 		.word	-1098926760
 978 0eb8 A4AA63BE 		.word	-1100764508
 979 0ebc D4F988BE 		.word	-1098319404
 980 0ec0 46D12F3E 		.word	1043321158
 981 0ec4 F32D0D3E 		.word	1041051123
 982 0ec8 7CE762BE 		.word	-1100814468
 983 0ecc ADFAF43D 		.word	1039465133
 984 0ed0 78AC6C3E 		.word	1047309432
 985 0ed4 FCCE433E 		.word	1044631292
 986 0ed8 3ECEDB3D 		.word	1037815358
 987 0edc AA4285BE 		.word	-1098562902
 988 0ee0 58C83B3E 		.word	1044105304
 989 0ee4 5C9B5C3E 		.word	1046256476
 990 0ee8 D1CC41BE 		.word	-1102983983
 991 0eec 8D1941BE 		.word	-1103029875
 992 0ef0 209158BE 		.word	-1101491936
 993 0ef4 7979D1BB 		.word	-1143899783
 994 0ef8 6BFC013E 		.word	1040317547
 995 0efc 4148353E 		.word	1043679297
 996 0f00 C08D31BE 		.word	-1104048704
 997 0f04 20D39ABD 		.word	-1113926880
 998 0f08 F4C947BE 		.word	-1102591500
 999 0f0c 030FA43D 		.word	1034161923
 1000 0f10 F01E733D 		.word	1030954736
 1001 0f14 EDAB7B3E 		.word	1048292333
 1002 0f18 2377203E 		.word	1042315043
 1003 0f1c DFAF533D 		.word	1028894687
 1004 0f20 D8BC88BE 		.word	-1098335016
 1005 0f24 661C803E 		.word	1048583270
 1006 0f28 CDEDD9BC 		.word	-1126568499
 1007 0f2c 9C6674BE 		.word	-1099667812
 1008 0f30 A87D8D3D 		.word	1032682920
 1009 0f34 FC8213BE 		.word	-1106017540
 1010 0f38 F2E4BABC 		.word	-1128602382
 1011 0f3c D5FC963C 		.word	1016528085
 1012 0f40 8BED3A3E 		.word	1044049291
 1013 0f44 5364663E 		.word	1046897747
 1014 0f48 67E73E3C 		.word	1010755431
 1015 0f4c F2DCE0BD 		.word	-1109336846
 1016 0f50 BC7C33BE 		.word	-1103921988
 1017 0f54 E169CBBD 		.word	-1110742559
 1018 0f58 BD9829BD 		.word	-1121347395
 1019 0f5c D14974BE 		.word	-1099675183
 1020 0f60 E97E5E3E 		.word	1046380265
 1021 0f64 EB6FD13D 		.word	1037135851
 1022 0f68 2092CB3D 		.word	1036751392
 1023 0f6c 003438BC 		.word	-1137167360
 1024 0f70 D65456BD 		.word	-1118415658
 1025 0f74 A86C8B3D 		.word	1032547496
 1026 0f78 0CFE97BD 		.word	-1114112500
 1027 0f7c C32343BE 		.word	-1102896189
 1028 0f80 A9796ABD 		.word	-1117095511
 1029 0f84 AD8D22BC 		.word	-1138586195
 1030 0f88 65DBC83A 		.word	986241893
ARM GAS  /tmp/ccGdHCJo.s 			page 19


 1031 0f8c E52C693E 		.word	1047080165
 1032 0f90 B0FAE03D 		.word	1038154416
 1033 0f94 836079BE 		.word	-1099341693
 1034 0f98 38935BBE 		.word	-1101294792
 1035 0f9c 666E7CBD 		.word	-1115918746
 1036 0fa0 9739123D 		.word	1024604567
 1037 0fa4 50E9F63D 		.word	1039591760
 1038 0fa8 A7D74ABD 		.word	-1119168601
 1039 0fac 8E833E3E 		.word	1044284302
 1040 0fb0 1184453E 		.word	1044743185
 1041 0fb4 CC4D7DBE 		.word	-1099084340
 1042 0fb8 002306BB 		.word	-1157225728
 1043 0fbc 90D0443E 		.word	1044697232
 1044 0fc0 AE7AD5BD 		.word	-1110082898
 1045 0fc4 56C22ABD 		.word	-1121271210
 1046 0fc8 0055133D 		.word	1024677120
 1047 0fcc 43CB5BBE 		.word	-1101280445
 1048 0fd0 B8BF62BE 		.word	-1100824648
 1049 0fd4 E5077D3D 		.word	1031604197
 1050 0fd8 D748313E 		.word	1043417303
 1051 0fdc 1FB285BC 		.word	-1132088801
 1052 0fe0 78C9133C 		.word	1007929720
 1053 0fe4 40C5E63D 		.word	1038533952
 1054 0fe8 F5D857BD 		.word	-1118316299
 1055 0fec 34FD27BD 		.word	-1121452748
 1056 0ff0 CC56403E 		.word	1044403916
 1057 0ff4 94C9F6BC 		.word	-1124677228
 1058 0ff8 E1DD93BD 		.word	-1114382879
 1059 0ffc E791ABBC 		.word	-1129606681
 1060 1000 008FE8BC 		.word	-1125609728
 1061 1004 C8B79BBD 		.word	-1113868344
 1062 1008 9CAF12BE 		.word	-1106071652
 1063 100c 102B52BE 		.word	-1101911280
 1064 1010 60E982BC 		.word	-1132271264
 1065 1014 58A7F5BD 		.word	-1107974312
 1066 1018 B846A03D 		.word	1033914040
 1067 101c 3CE769BE 		.word	-1100355780
 1068 1020 646B2FBE 		.word	-1104188572
 1069 1024 F8D3D5BD 		.word	-1110060040
 1070 1028 C04DE6BC 		.word	-1125757504
 1071 102c F0BD15BE 		.word	-1105871376
 1072 1030 A8638D3D 		.word	1032676264
 1073 1034 48E6FCBD 		.word	-1107499448
 1074 1038 702171BD 		.word	-1116659344
 1075 103c A01724BE 		.word	-1104930912
 1076 1040 2016C33D 		.word	1036195360
 1077 1044 943F1E3E 		.word	1042169748
 1078 1048 C039BCBC 		.word	-1128515136
 1079 104c 1069E33D 		.word	1038313744
 1080 1050 00AC69BE 		.word	-1100370944
 1081 1054 107E603D 		.word	1029733904
 1082 1058 54397ABE 		.word	-1099286188
 1083 105c 402C20BC 		.word	-1138742208
 1084 1060 50C5B2BD 		.word	-1112357552
 1085 1064 B00111BE 		.word	-1106181712
 1086 1068 10341F3E 		.word	1042232336
 1087 106c 38B0CDBD 		.word	-1110593480
ARM GAS  /tmp/ccGdHCJo.s 			page 20


 1088 1070 CC126BBE 		.word	-1100279092
 1089 1074 50565E3E 		.word	1046369872
 1090 1078 EC6D67BE 		.word	-1100517908
 1091 107c 40EA033E 		.word	1040443968
 1092 1080 CCDA4C3E 		.word	1045224140
 1093 1084 F05509BD 		.word	-1123461648
 1094 1088 E071433E 		.word	1044607456
 1095 108c F864473E 		.word	1044866296
 1096 1090 10DE17BD 		.word	-1122509296
 1097 1094 00CE79BB 		.word	-1149645312
 1098 1098 18316E3E 		.word	1047408920
 1099 109c 289279BE 		.word	-1099328984
 1100 10a0 1014853D 		.word	1032131600
 1101 10a4 9848023E 		.word	1040337048
 1102 10a8 18208A3D 		.word	1032462360
 1103 10ac 00EEF53C 		.word	1022750208
 1104 10b0 B0E0CE3D 		.word	1036968112
 1105 10b4 50D04CBE 		.word	-1102262192
 1106 10b8 60A76DBD 		.word	-1116887200
 1107 10bc 90E7783D 		.word	1031333776
 1108 10c0 20D71C3E 		.word	1042077472
 1109 10c4 B8C5F7BD 		.word	-1107835464
 1110 10c8 A0E4D23D 		.word	1037231264
 1111 10cc A46F443E 		.word	1044672420
 1112 10d0 70FB54BE 		.word	-1101726864
 1113 10d4 742B33BE 		.word	-1103942796
 1114 10d8 949A08BE 		.word	-1106732396
 1115 10dc 387C9F3D 		.word	1033862200
 1116 10e0 409F9ABC 		.word	-1130717376
 1117 10e4 204E373D 		.word	1027034656
 1118 10e8 B8BA33BE 		.word	-1103906120
 1119 10ec A035FD3D 		.word	1040004512
 1120 10f0 5836703E 		.word	1047541336
 1121 10f4 ECEB1C3E 		.word	1042082796
 1122 10f8 C068BEBC 		.word	-1128372032
 1123 10fc 40370F3E 		.word	1041184576
 1124 1100 DCDEDA3E 		.word	1054531292
 1125 1104 575350BE 		.word	-1102032041
 1126 1108 C00C15BC 		.word	-1139471168
 1127 110c 56AACABE 		.word	-1094014378
 1128 1110 88247CBE 		.word	-1099160440
 1129 1114 FC40803D 		.word	1031815420
 1130 1118 E08299BC 		.word	-1130790176
 1131 111c 9C2B8B3E 		.word	1049308060
 1132 1120 61B392BE 		.word	-1097682079
 1133 1124 DE6FCC3D 		.word	1036808158
 1134 1128 507CC8BE 		.word	-1094157232
 1135 112c D4DE70BE 		.word	-1099899180
 1136 1130 9824E5BD 		.word	-1109056360
 1137 1134 9B97293E 		.word	1042913179
 1138 1138 877B243C 		.word	1009023879
 1139 113c 5DA2C63E 		.word	1053205085
 1140 1140 6060263E 		.word	1042702432
 1141 1144 1C20A6BE 		.word	-1096409060
 1142 1148 7D19AB3D 		.word	1034623357
 1143 114c 6E7050BE 		.word	-1102024594
 1144 1150 0AA10E3F 		.word	1057923338
ARM GAS  /tmp/ccGdHCJo.s 			page 21


 1145 1154 C863BD3D 		.word	1035822024
 1146 1158 8009703E 		.word	1047529856
 1147 115c D318D53E 		.word	1054152915
 1148 1160 848C8F3E 		.word	1049595012
 1149 1164 84BB403F 		.word	1061206916
 1150 1168 80CF6F3E 		.word	1047515008
 1151 116c A09B133F 		.word	1058249632
 1152 1170 E630473E 		.word	1044852966
 1153 1174 48DF47BE 		.word	-1102586040
 1154 1178 CD279B3E 		.word	1050355661
 1155 117c 1992A8BE 		.word	-1096248807
 1156 1180 C9D79FBE 		.word	-1096820791
 1157 1184 7797B3BE 		.word	-1095526537
 1158 1188 9EA9373B 		.word	993503646
 1159 118c 3BDDE5BD 		.word	-1109009093
 1160 1190 109FDF3D 		.word	1038065424
 1161 1194 453C9F3C 		.word	1017068613
 1162 1198 F4416EBE 		.word	-1100070412
 1163 119c CF0EA0BD 		.word	-1113583921
 1164 11a0 EA25763E 		.word	1047930346
 1165 11a4 448478BE 		.word	-1099398076
 1166 11a8 F803AA3D 		.word	1034552312
 1167 11ac AD5F12BE 		.word	-1106092115
 1168 11b0 65C28EBD 		.word	-1114717595
 1169 11b4 B2350D3F 		.word	1057830322
 1170 11b8 4C9F423E 		.word	1044553548
 1171 11bc B5261FBE 		.word	-1105254731
 1172 11c0 87E739BE 		.word	-1103501433
 1173 11c4 1695CABD 		.word	-1110797034
 1174 11c8 207DCE3C 		.word	1020165408
 1175 11cc F077D23E 		.word	1053980656
 1176 11d0 8041F3BC 		.word	-1124908672
 1177 11d4 28A2F13D 		.word	1039245864
 1178 11d8 5EF7F1BC 		.word	-1124993186
 1179 11dc AD79273E 		.word	1042774445
 1180 11e0 2B34A13D 		.word	1033974827
 1181 11e4 94F1493E 		.word	1045033364
 1182 11e8 47A13BBE 		.word	-1103388345
 1183 11ec D872E73D 		.word	1038578392
 1184 11f0 30253DBE 		.word	-1103289040
 1185 11f4 ED6788BC 		.word	-1131911187
 1186 11f8 A3B8BF3E 		.word	1052752035
 1187 11fc 61B8AFBC 		.word	-1129334687
 1188 1200 48B332BE 		.word	-1103973560
 1189 1204 5071793E 		.word	1048146256
 1190 1208 F88D2FBE 		.word	-1104179720
 1191 120c B0B799BD 		.word	-1113999440
 1192 1210 6079603E 		.word	1046509920
 1193 1214 B4052EBE 		.word	-1104280140
 1194 1218 688611BE 		.word	-1106147736
 1195 121c B41A2DBE 		.word	-1104340300
 1196 1220 FCC0053E 		.word	1040564476
 1197 1224 CC3B313E 		.word	1043413964
 1198 1228 1C1A36BE 		.word	-1103750628
 1199 122c 70257C3E 		.word	1048323440
 1200 1230 64610C3E 		.word	1040998756
 1201 1234 E84050BE 		.word	-1102036760
ARM GAS  /tmp/ccGdHCJo.s 			page 22


 1202 1238 902F703E 		.word	1047539600
 1203 123c B0781F3D 		.word	1025472688
 1204 1240 006E5E3B 		.word	996044288
 1205 1244 70BB75BE 		.word	-1099580560
 1206 1248 A025E83D 		.word	1038624160
 1207 124c 50CCC63D 		.word	1036438608
 1208 1250 2037B23D 		.word	1035089696
 1209 1254 74D75A3E 		.word	1046140788
 1210 1258 08265A3E 		.word	1046095368
 1211 125c 10830DBD 		.word	-1123187952
 1212 1260 FC5856BE 		.word	-1101637380
 1213 1264 508D133D 		.word	1024691536
 1214 1268 74297DBE 		.word	-1099093644
 1215 126c 6CB3593E 		.word	1046066028
 1216 1270 780009BE 		.word	-1106706312
 1217 1274 305E4D3D 		.word	1028480560
 1218 1278 38E6B63D 		.word	1035396664
 1219 127c 200C663D 		.word	1030097952
 1220 1280 302B1ABE 		.word	-1105581264
 1221 1284 186465BE 		.word	-1100651496
 1222 1288 5841FB3D 		.word	1039876440
 1223 128c 40E4313C 		.word	1009902656
 1224 1290 D40A15BE 		.word	-1105917228
 1225 1294 D03209BD 		.word	-1123470640
 1226 1298 002498BC 		.word	-1130880000
 1227 129c 10FFAFBD 		.word	-1112539376
 1228 12a0 F884CBBD 		.word	-1110735624
 1229 12a4 B491493E 		.word	1045008820
 1230 12a8 1C3229BE 		.word	-1104596452
 1231 12ac 90008ABD 		.word	-1115029360
 1232 12b0 A074563E 		.word	1045853344
 1233 12b4 FC340E3E 		.word	1041118460
 1234 12b8 34D751BE 		.word	-1101932748
 1235 12bc AC82043E 		.word	1040482988
 1236 12c0 F8DED53D 		.word	1037426424
 1237 12c4 209460BD 		.word	-1117744096
 1238 12c8 007CCB3A 		.word	986414080
 1239 12cc 28E24F3E 		.word	1045422632
 1240 12d0 F425193E 		.word	1041835508
 1241 12d4 404576BE 		.word	-1099545280
 1242 12d8 E06E79BE 		.word	-1099338016
 1243 12dc 00CF2D3B 		.word	992857856
 1244 12e0 002345BB 		.word	-1153096960
 1245 12e4 9004EDBD 		.word	-1108540272
 1246 12e8 0077BDBC 		.word	-1128433920
 1247 12ec 20A9A0BD 		.word	-1113544416
 1248 12f0 187BE7BD 		.word	-1108903144
 1249 12f4 0C7529BE 		.word	-1104579316
 1250 12f8 004C4FBE 		.word	-1102099456
 1251 12fc 04B8633E 		.word	1046722564
 1252 1300 518FF5BD 		.word	-1107980463
 1253 1304 427E493E 		.word	1045003842
 1254 1308 387F12BE 		.word	-1106084040
 1255 130c 0D76943D 		.word	1033139725
 1256 1310 F8FA8DBD 		.word	-1114768648
 1257 1314 C50B35BD 		.word	-1120597051
 1258 1318 C548283D 		.word	1026050245
ARM GAS  /tmp/ccGdHCJo.s 			page 23


 1259 131c 96136F3E 		.word	1047466902
 1260 1320 A24E5D3E 		.word	1046302370
 1261 1324 59945ABD 		.word	-1118137255
 1262 1328 AC76AD3E 		.word	1051555500
 1263 132c 701B933D 		.word	1033050992
 1264 1330 48F463BE 		.word	-1100745656
 1265 1334 34F1813D 		.word	1031926068
 1266 1338 AB46C13E 		.word	1052853931
 1267 133c C50113BE 		.word	-1106050619
 1268 1340 2DED5BBE 		.word	-1101271763
 1269 1344 4A95953E 		.word	1049990474
 1270 1348 687C84BE 		.word	-1098613656
 1271 134c CEA415BE 		.word	-1105877810
 1272 1350 4E8C993C 		.word	1016695886
 1273 1354 3E40823E 		.word	1048723518
 1274 1358 1B8B25BD 		.word	-1121613029
 1275 135c 6FDDAB3D 		.word	1034673519
 1276 1360 8A7A1C3D 		.word	1025276554
 1277 1364 CF9A9FBE 		.word	-1096836401
 1278 1368 E041363D 		.word	1026965984
 1279 136c A3BC0BBD 		.word	-1123304285
 1280 1370 AE325CBE 		.word	-1101253970
 1281 1374 ECD74A3E 		.word	1045092332
 1282 1378 A23078BE 		.word	-1099419486
 1283 137c D5AEC23E 		.word	1052946133
 1284 1380 0A9801BE 		.word	-1107191798
 1285 1384 CD95763E 		.word	1047958989
 1286 1388 5821993E 		.word	1050222936
 1287 138c A21E27BD 		.word	-1121509726
 1288 1390 B0BEE6BD 		.word	-1108951376
 1289 1394 A5DA113E 		.word	1041357477
 1290 1398 685CBB3D 		.word	1035689064
 1291 139c 06CC693E 		.word	1047120902
 1292 13a0 F2FA373E 		.word	1043856114
 1293 13a4 D86FDB3D 		.word	1037791192
 1294 13a8 FA3B1CBE 		.word	-1105445894
 1295 13ac 1DBA933D 		.word	1033091613
 1296 13b0 A43CB33D 		.word	1035156644
 1297 13b4 307849BE 		.word	-1102481360
 1298 13b8 55ED4BBD 		.word	-1119097515
 1299 13bc 9EE9483E 		.word	1044965790
 1300 13c0 73C2223E 		.word	1042465395
 1301 13c4 3F4E273E 		.word	1042763327
 1302 13c8 E44B363E 		.word	1043745764
 1303 13cc 770B07BF 		.word	-1090057353
 1304 13d0 EC4507BE 		.word	-1106819604
 1305 13d4 A3CB4A3E 		.word	1045089187
 1306 13d8 1032833E 		.word	1048785424
 1307 13dc B7022B3E 		.word	1043006135
 1308 13e0 917E33BE 		.word	-1103921519
 1309 13e4 000812BB 		.word	-1156446208
 1310 13e8 A1C1983E 		.word	1050198433
 1311 13ec 4126133E 		.word	1041442369
 1312 13f0 C09A383C 		.word	1010342592
 1313 13f4 9A97383E 		.word	1043896218
 1314 13f8 0DE9DF3D 		.word	1038084365
 1315 13fc 4879663E 		.word	1046903112
ARM GAS  /tmp/ccGdHCJo.s 			page 24


 1316 1400 F60BB8BE 		.word	-1095234570
 1317 1404 8DE5A53E 		.word	1051059597
 1318 1408 488D44BE 		.word	-1102803640
 1319 140c 34C0BC3D 		.word	1035780148
 1320 1410 6004403E 		.word	1044382816
 1321 1414 D45D5D3E 		.word	1046306260
 1322 1418 5FF6343E 		.word	1043658335
 1323 141c 9F7D7B3E 		.word	1048280479
 1324 1420 06CF24BC 		.word	-1138438394
 1325 1424 35B0323E 		.word	1043509301
 1326 1428 0CC79E3E 		.word	1050593036
 1327 142c 7A1A203C 		.word	1008736890
 1328 1430 E828893D 		.word	1032399080
 1329 1434 6DC9593E 		.word	1046071661
 1330 1438 40BBE03D 		.word	1038138176
 1331 143c 5D2A81BD 		.word	-1115608483
 1332 1440 E454BABE 		.word	-1095084828
 1333 1444 821D983D 		.word	1033379202
 1334 1448 441E5BBE 		.word	-1101324732
 1335 144c 61C867BC 		.word	-1134049183
 1336 1450 B9A102BE 		.word	-1107123783
 1337 1454 16498D3E 		.word	1049446678
 1338 1458 E6DA6B3E 		.word	1047255782
 1339 145c 5B61A63C 		.word	1017536859
 1340 1460 963B7D3E 		.word	1048394646
 1341 1464 7040EFBE 		.word	-1091616656
 1342 1468 00E5533C 		.word	1012131072
 1343 146c 4A472EBE 		.word	-1104263350
 1344 1470 33227BBE 		.word	-1099226573
 1345 1474 0CDA4A3E 		.word	1045092876
 1346 1478 A1D8053E 		.word	1040570529
 1347 147c E9DE023E 		.word	1040375529
 1348 1480 B90E7B3E 		.word	1048252089
 1349 1484 33C4A63E 		.word	1051116595
 1350 1488 D9F9283D 		.word	1026095577
 1351 148c 278A20BC 		.word	-1138718169
 1352 1490 D024273D 		.word	1025975504
 1353 1494 8068DC3D 		.word	1037854848
 1354 1498 50D13E3D 		.word	1027526992
 1355 149c 52AC9B3E 		.word	1050389586
 1356 14a0 D3DCFABD 		.word	-1107632941
 1357 14a4 C87A3CBE 		.word	-1103332664
 1358 14a8 240943BE 		.word	-1102903004
 1359 14ac 8058343D 		.word	1026840704
 1360 14b0 9540E33D 		.word	1038303381
 1361 14b4 E863B0BE 		.word	-1095736344
 1362 14b8 ECA68CBE 		.word	-1098078484
 1363 14bc FBE4EE3D 		.word	1039066363
 1364 14c0 CD43F83E 		.word	1056457677
 1365 14c4 9672DFBC 		.word	-1126206826
 1366 14c8 94E658BE 		.word	-1101470060
 1367 14cc 2CF2EBBE 		.word	-1091833300
 1368 14d0 A8DD3EBE 		.word	-1103176280
 1369 14d4 0450AABD 		.word	-1112911868
 1370 14d8 926A953D 		.word	1033202322
 1371 14dc 5C51063D 		.word	1023824220
 1372 14e0 C458773D 		.word	1031231684
ARM GAS  /tmp/ccGdHCJo.s 			page 25


 1373 14e4 8C1402BE 		.word	-1107159924
 1374 14e8 263D1A3D 		.word	1025129766
 1375 14ec 58D726BC 		.word	-1138305192
 1376 14f0 0829FE3D 		.word	1040066824
 1377 14f4 A88F4E3E 		.word	1045335976
 1378 14f8 1344E7BC 		.word	-1125694445
 1379 14fc 604D2C3E 		.word	1043090784
 1380 1500 783983BE 		.word	-1098696328
 1381 1504 2033CD3E 		.word	1053635360
 1382 1508 E09FF03C 		.word	1022402528
 1383 150c 8191963E 		.word	1050055041
 1384 1510 104262BD 		.word	-1117634032
 1385 1514 18CF44BE 		.word	-1102786792
 1386 1518 EBF56B3E 		.word	1047262699
 1387 151c D9AB44BD 		.word	-1119573031
 1388 1520 96C9013D 		.word	1023527318
 1389 1524 AEB4053E 		.word	1040561326
 1390 1528 BFEEA93E 		.word	1051324095
 1391 152c 4E67F73D 		.word	1039624014
 1392 1530 CC95223E 		.word	1042453964
 1393 1534 E64A913D 		.word	1032932070
 1394 1538 1875A83E 		.word	1051227416
 1395 153c 41D2603E 		.word	1046532673
 1396 1540 4B0776BE 		.word	-1099561141
 1397 1544 1E278ABD 		.word	-1115019490
 1398 1548 A8EEF5BD 		.word	-1107956056
 1399 154c F49D403D 		.word	1027644916
 1400 1550 2B693EBE 		.word	-1103206101
 1401 1554 D71DD0BD 		.word	-1110434345
 1402 1558 01DC593E 		.word	1046076417
 1403 155c 9089B5BD 		.word	-1112176240
 1404 1560 A00B013E 		.word	1040255904
 1405 1564 25AFCEBE 		.word	-1093751003
 1406 1568 806BE0BC 		.word	-1126143104
 1407 156c 0CF342BE 		.word	-1102908660
 1408 1570 37D73BBD 		.word	-1120151753
 1409 1574 80BF32BC 		.word	-1137524864
 1410 1578 8313FF3D 		.word	1040126851
 1411 157c 1E52D23D 		.word	1037193758
 1412 1580 B5E0173E 		.word	1041752245
 1413 1584 0B85383C 		.word	1010337035
 1414 1588 690CBBBC 		.word	-1128592279
 1415 158c 2C34453E 		.word	1044722732
 1416 1590 287A023E 		.word	1040349736
 1417 1594 141A32BD 		.word	-1120789996
 1418 1598 48F95D3E 		.word	1046346056
 1419 159c CA4DE73E 		.word	1055346122
 1420 15a0 6411913D 		.word	1032917348
 1421 15a4 30AA09BE 		.word	-1106662864
 1422 15a8 61B4E73D 		.word	1038595169
 1423 15ac B6853B3E 		.word	1044088246
 1424 15b0 63859DBD 		.word	-1113750173
 1425 15b4 84E486BD 		.word	-1115233148
 1426 15b8 E92FA0BE 		.word	-1096798231
 1427 15bc B170083E 		.word	1040740529
 1428 15c0 8319323E 		.word	1043470723
 1429 15c4 B26A6F3E 		.word	1047489202
ARM GAS  /tmp/ccGdHCJo.s 			page 26


 1430 15c8 9C1C1D3E 		.word	1042095260
 1431 15cc 417F00BF 		.word	-1090486463
 1432 15d0 40C5D93D 		.word	1037681984
 1433 15d4 A4B56D3E 		.word	1047377316
 1434 15d8 067ED13E 		.word	1053916678
 1435 15dc 266F84BC 		.word	-1132171482
 1436 15e0 6F444FBE 		.word	-1102101393
 1437 15e4 6015F93C 		.word	1022956896
 1438 15e8 1BD09A3E 		.word	1050333211
 1439 15ec B15D4BBE 		.word	-1102357071
 1440 15f0 A8FEDEBD 		.word	-1109459288
 1441 15f4 6E26E9BD 		.word	-1108793746
 1442 15f8 6FF8EC3C 		.word	1022163055
 1443 15fc 43A3BF3D 		.word	1035969347
 1444 1600 743D96BE 		.word	-1097450124
 1445 1604 F1D1ED3E 		.word	1055773169
 1446 1608 60DE033E 		.word	1040440928
 1447 160c 7C48993E 		.word	1050232956
 1448 1610 40655ABE 		.word	-1101372096
 1449 1614 49B5F3BD 		.word	-1108101815
 1450 1618 8AF81FBB 		.word	-1155532662
 1451 161c DC0BDA3C 		.word	1020922844
 1452 1620 658C913E 		.word	1049726053
 1453 1624 CFE19E3E 		.word	1050599887
 1454 1628 F87B343E 		.word	1043627000
 1455 162c CF71613E 		.word	1046573519
 1456 1630 08A69ABD 		.word	-1113938424
 1457 1634 20B93A3E 		.word	1044035872
 1458 1638 F1B3193E 		.word	1041871857
 1459 163c 186331BE 		.word	-1104059624
 1460 1640 F518B53D 		.word	1035278581
 1461 1644 5AFEA73E 		.word	1051197018
 1462 1648 325D82BE 		.word	-1098752718
 1463 164c 3ED68B3E 		.word	1049351742
 1464 1650 0BD0A3BE 		.word	-1096560629
 1465 1654 5A399E3D 		.word	1033779546
 1466 1658 7F5108BE 		.word	-1106751105
 1467 165c C3D8593C 		.word	1012521155
 1468 1660 8DD88F3E 		.word	1049614477
 1469 1664 928DD7BE 		.word	-1093169774
 1470 1668 6CBE5FBE 		.word	-1101021588
 1471 166c 2B15D8BE 		.word	-1093135061
 1472 1670 444169BE 		.word	-1100398268
 1473 1674 28496F3E 		.word	1047480616
 1474 1678 CAD27D3D 		.word	1031656138
 1475 167c FC6B713E 		.word	1047620604
 1476 1680 F4346C3E 		.word	1047278836
 1477 1684 9452D33E 		.word	1054036628
 1478 1688 9EA9693E 		.word	1047112094
 1479 168c EF933E3E 		.word	1044288495
 1480 1690 C0F7D73C 		.word	1020786624
 1481 1694 9D19943E 		.word	1049893277
 1482 1698 5061B3BD 		.word	-1112317616
 1483 169c FC3B823E 		.word	1048722428
 1484 16a0 B4D0713E 		.word	1047646388
 1485 16a4 281774BE 		.word	-1099688152
 1486 16a8 F31A123E 		.word	1041373939
ARM GAS  /tmp/ccGdHCJo.s 			page 27


 1487 16ac 5451893E 		.word	1049186644
 1488 16b0 D4418A3E 		.word	1049248212
 1489 16b4 0A5AADBA 		.word	-1163044342
 1490 16b8 AAD0443D 		.word	1027920042
 1491 16bc B4042C3E 		.word	1043072180
 1492 16c0 584DED3E 		.word	1055739224
 1493 16c4 DB4E17BD 		.word	-1122545957
 1494 16c8 A0B618BD 		.word	-1122453856
 1495 16cc 763F1EBF 		.word	-1088536714
 1496 16d0 A4C85CBE 		.word	-1101215580
 1497 16d4 DE71DE3B 		.word	1004433886
 1498 16d8 6014A33E 		.word	1050874976
 1499 16dc 5B36E73D 		.word	1038562907
 1500 16e0 4AD6993C 		.word	1016714826
 1501 16e4 60B29F3D 		.word	1033876064
 1502 16e8 4292B1BC 		.word	-1129213374
 1503 16ec 76CE7F3E 		.word	1048563318
 1504 16f0 480D953D 		.word	1033178440
 1505 16f4 BC89E93D 		.word	1038715324
 1506 16f8 EF3702BE 		.word	-1107150865
 1507 16fc DA0D51BE 		.word	-1101984294
 1508 1700 68572BBE 		.word	-1104455832
 1509 1704 E0E48B3D 		.word	1032578272
 1510 1708 F0700D3E 		.word	1041068272
 1511 170c 868A61BD 		.word	-1117681018
 1512 1710 185954BE 		.word	-1101768424
 1513 1714 40856C3D 		.word	1030522176
 1514 1718 F4279FBD 		.word	-1113643020
 1515 171c 5CE2FCBC 		.word	-1124277668
 1516 1720 0C0A8BBE 		.word	-1098184180
 1517 1724 509DA63D 		.word	1034329424
 1518 1728 65C174BE 		.word	-1099644571
 1519 172c 8E521F3E 		.word	1042240142
 1520 1730 50986D3D 		.word	1030592592
 1521 1734 CE7D603E 		.word	1046511054
 1522 1738 2537953D 		.word	1033189157
 1523 173c D2458ABC 		.word	-1131788846
 1524 1740 25F42A3E 		.word	1043002405
 1525 1744 D25C323C 		.word	1009933522
 1526 1748 895D2B3E 		.word	1043029385
 1527 174c F4134B3C 		.word	1011553268
 1528 1750 D8CB46BE 		.word	-1102656552
 1529 1754 01B80A3C 		.word	1007335425
 1530 1758 D986C3BD 		.word	-1111259431
 1531 175c 729FA3BD 		.word	-1113350286
 1532 1760 95BC30BE 		.word	-1104102251
 1533 1764 677C5BBD 		.word	-1118077849
 1534 1768 781967BE 		.word	-1100539528
 1535 176c 98F022BE 		.word	-1105006440
 1536 1770 5C7FA83D 		.word	1034452828
 1537 1774 A4A320BE 		.word	-1105157212
 1538 1778 6D306EBE 		.word	-1100074899
 1539 177c 2DFBD83D 		.word	1037630253
 1540 1780 2E447EBE 		.word	-1099021266
 1541 1784 B2E39E3D 		.word	1033823154
 1542 1788 05E5943D 		.word	1033168133
 1543 178c 2A3021BE 		.word	-1105121238
ARM GAS  /tmp/ccGdHCJo.s 			page 28


 1544 1790 A02ED3BC 		.word	-1127010656
 1545 1794 373D443D 		.word	1027882295
 1546 1798 B08C06BE 		.word	-1106867024
 1547 179c 478A433E 		.word	1044613703
 1548 17a0 5852FB3D 		.word	1039880792
 1549 17a4 00EA5BBE 		.word	-1101272576
 1550 17a8 610B3B3E 		.word	1044056929
 1551 17ac 5FE0113E 		.word	1041358943
 1552 17b0 16A3ECBD 		.word	-1108565226
 1553 17b4 B80A31BE 		.word	-1104082248
 1554 17b8 2844C4BD 		.word	-1111210968
 1555 17bc 8130B93D 		.word	1035546753
 1556 17c0 56C3353E 		.word	1043710806
 1557 17c4 D979863D 		.word	1032223193
 1558 17c8 605FD0BC 		.word	-1127194784
 1559 17cc 0B46923B 		.word	999441931
 1560 17d0 B0236F3E 		.word	1047471024
 1561 17d4 C2756FBE 		.word	-1099991614
 1562 17d8 208243BD 		.word	-1119649248
 1563 17dc A33686BE 		.word	-1098500445
 1564 17e0 CC804DBE 		.word	-1102217012
 1565 17e4 D8EEB3BD 		.word	-1112281384
 1566 17e8 33DBADBD 		.word	-1112679629
 1567 17ec 14A6E8BD 		.word	-1108826604
 1568 17f0 50AF7E3D 		.word	1031712592
 1569 17f4 D7917E3D 		.word	1031705047
 1570 17f8 4F3D68BD 		.word	-1117242033
 1571 17fc 23E2623D 		.word	1029890595
 1572 1800 2D00DBBE 		.word	-1092943827
 1573 1804 7BF5CC3E 		.word	1053619579
 1574 1808 900A6D3D 		.word	1030556304
 1575 180c C5A1B13E 		.word	1051828677
 1576 1810 804356BE 		.word	-1101642880
 1577 1814 F73066BE 		.word	-1100599049
 1578 1818 9434B13E 		.word	1051800724
 1579 181c 925C853E 		.word	1048927378
 1580 1820 9074BF3E 		.word	1052734608
 1581 1824 13E1633E 		.word	1046733075
 1582 1828 F51BC13E 		.word	1052842997
 1583 182c D19D21BD 		.word	-1121870383
 1584 1830 C898E9BD 		.word	-1108764472
 1585 1834 9622853E 		.word	1048912534
 1586 1838 B2FF6B3E 		.word	1047265202
 1587 183c 6A1C2BBE 		.word	-1104470934
 1588 1840 ADF3B43A 		.word	984937389
 1589 1844 8D18B43E 		.word	1051990157
 1590 1848 25AB0A3D 		.word	1024109349
 1591 184c A718523E 		.word	1045567655
 1592 1850 4981C6BE 		.word	-1094287031
 1593 1854 680AA13E 		.word	1050741352
 1594 1858 8F62323E 		.word	1043489423
 1595 185c FD0E83BE 		.word	-1098707203
 1596 1860 7FC2E63D 		.word	1038533247
 1597 1864 FB771ABE 		.word	-1105561605
 1598 1868 A07BC83D 		.word	1036549024
 1599 186c 50ECEBBE 		.word	-1091834800
 1600 1870 3A7E8F3D 		.word	1032814138
ARM GAS  /tmp/ccGdHCJo.s 			page 29


 1601 1874 D8EC81BD 		.word	-1115558696
 1602 1878 48C2323E 		.word	1043513928
 1603 187c 080EBC3E 		.word	1052511752
 1604 1880 27228B3E 		.word	1049305639
 1605 1884 2CC7B93E 		.word	1052362540
 1606 1888 DCDEA73D 		.word	1034411740
 1607 188c 12A0ED3D 		.word	1038983186
 1608 1890 C81CCA3D 		.word	1036655816
 1609 1894 EE424D3E 		.word	1045250798
 1610 1898 E8D0F8BD 		.word	-1107767064
 1611 189c 730DE13E 		.word	1054936435
 1612 18a0 388E233E 		.word	1042517560
 1613 18a4 70B4123E 		.word	1041413232
 1614 18a8 215359BE 		.word	-1101442271
 1615 18ac F5FB253E 		.word	1042676725
 1616 18b0 DE6B44BD 		.word	-1119589410
 1617 18b4 5E34ABBE 		.word	-1096076194
 1618 18b8 432F27BD 		.word	-1121505469
 1619 18bc 3CCF3D3E 		.word	1044238140
 1620 18c0 BDE9B43E 		.word	1052043709
 1621 18c4 A9BADCBC 		.word	-1126384983
 1622 18c8 004583BB 		.word	-1149025024
 1623 18cc AB1119BF 		.word	-1088876117
 1624 18d0 707671BE 		.word	-1099860368
 1625 18d4 1D9D363E 		.word	1043766557
 1626 18d8 45371C3E 		.word	1042036549
 1627 18dc CE52473E 		.word	1044861646
 1628 18e0 68C20DBE 		.word	-1106394520
 1629 18e4 E00E69BE 		.word	-1100411168
 1630 18e8 9563123E 		.word	1041392533
 1631 18ec 247AB03B 		.word	1001421348
 1632 18f0 982D5ABE 		.word	-1101386344
 1633 18f4 0B4518BE 		.word	-1105705717
 1634 18f8 BFB481BE 		.word	-1098795841
 1635 18fc D174863E 		.word	1048999121
 1636 1900 2044AA3C 		.word	1017791520
 1637 1904 98285F3E 		.word	1046423704
 1638 1908 684C20BE 		.word	-1105179544
 1639 190c 804E67BE 		.word	-1100525952
 1640 1910 80D6183D 		.word	1025037952
 1641 1914 940E43BE 		.word	-1102901612
 1642 1918 E0760C3D 		.word	1024227040
 1643 191c ACC8213E 		.word	1042401452
 1644 1920 00EAF03C 		.word	1022421504
 1645 1924 A0D899BD 		.word	-1113991008
 1646 1928 601CD1BC 		.word	-1127146400
 1647 192c A0276DBD 		.word	-1116919904
 1648 1930 70CD1A3E 		.word	1041943920
 1649 1934 189050BE 		.word	-1102016488
 1650 1938 808569BE 		.word	-1100380800
 1651 193c 345D2FBE 		.word	-1104192204
 1652 1940 8064D7BD 		.word	-1109957504
 1653 1944 B8E3C5BD 		.word	-1111104584
 1654 1948 4068B4BD 		.word	-1112250304
 1655 194c D8647BBE 		.word	-1099209512
 1656 1950 580E9DBD 		.word	-1113780648
 1657 1954 E002E6BD 		.word	-1108999456
ARM GAS  /tmp/ccGdHCJo.s 			page 30


 1658 1958 609FE73C 		.word	1021812576
 1659 195c D01A1CBD 		.word	-1122231600
 1660 1960 DC43313E 		.word	1043416028
 1661 1964 5052543D 		.word	1028936272
 1662 1968 801B81BC 		.word	-1132389504
 1663 196c 08ACE83D 		.word	1038658568
 1664 1970 803017BD 		.word	-1122553728
 1665 1974 C844503E 		.word	1045447880
 1666 1978 CCB6053E 		.word	1040561868
 1667 197c 204684BC 		.word	-1132181984
 1668 1980 00EECB3B 		.word	1003220480
 1669 1984 8827C63D 		.word	1036396424
 1670 1988 58367EBE 		.word	-1099024808
 1671 198c 640661BE 		.word	-1100937628
 1672 1990 A43869BE 		.word	-1100400476
 1673 1994 D49A173E 		.word	1041734356
 1674 1998 6CB113BE 		.word	-1106005652
 1675 199c 982C33BE 		.word	-1103942504
 1676 19a0 A0F94EBD 		.word	-1118897760
 1677 19a4 7012023D 		.word	1023545968
 1678 19a8 A00B75BE 		.word	-1099625568
 1679 19ac 18722B3E 		.word	1043034648
 1680 19b0 6027BB3D 		.word	1035675488
 1681 19b4 9822953D 		.word	1033183896
 1682 19b8 C067D73C 		.word	1020749760
 1683 19bc A0DFDA3D 		.word	1037754272
 1684 19c0 78D6BF3D 		.word	1035982456
 1685 19c4 C47C3A3E 		.word	1044020420
 1686 19c8 48E6393E 		.word	1043981896
 1687 19cc E88F153E 		.word	1041600488
 1688 19d0 6866EDBD 		.word	-1108515224
 1689 19d4 B83DE13D 		.word	1038171576
 1690 19d8 E4DD77BE 		.word	-1099440668
 1691 19dc 689D50BE 		.word	-1102013080
 1692 19e0 20ADF3BC 		.word	-1124881120
 1693 19e4 0042E83B 		.word	1005076992
 1694 19e8 60124D3D 		.word	1028461152
 1695 19ec 80B44ABC 		.word	-1135954816
 1696 19f0 207AD5BD 		.word	-1110083040
 1697 19f4 58E821BE 		.word	-1105074088
 1698 19f8 ECB4283E 		.word	1042855148
 1699 19fc 88196A3E 		.word	1047140744
 1700 1a00 25A6A4BD 		.word	-1113283035
 1701 1a04 C4D860BD 		.word	-1117726524
 1702 1a08 6495173E 		.word	1041732964
 1703 1a0c 93FA8EBC 		.word	-1131480429
 1704 1a10 10601EBD 		.word	-1122082800
 1705 1a14 C0B6ADBC 		.word	-1129466176
 1706 1a18 AF4C4FBD 		.word	-1118876497
 1707 1a1c 2EA5D33D 		.word	1037280558
 1708 1a20 6AEB033E 		.word	1040444266
 1709 1a24 1CD85EBE 		.word	-1101080548
 1710 1a28 98AE8FBE 		.word	-1097879912
 1711 1a2c 5F0CE73D 		.word	1038552159
 1712 1a30 F0D603BE 		.word	-1107044624
 1713 1a34 3C2B60BE 		.word	-1100993732
 1714 1a38 A85A563E 		.word	1045846696
ARM GAS  /tmp/ccGdHCJo.s 			page 31


 1715 1a3c 9F2A9E3D 		.word	1033775775
 1716 1a40 B7AC4FBE 		.word	-1102074697
 1717 1a44 A1D005BE 		.word	-1106915167
 1718 1a48 47703CBE 		.word	-1103335353
 1719 1a4c 19B9983D 		.word	1033419033
 1720 1a50 4CE12ABE 		.word	-1104486068
 1721 1a54 AF5472BB 		.word	-1150135121
 1722 1a58 D725A13D 		.word	1033971159
 1723 1a5c F8B9DF3C 		.word	1021295096
 1724 1a60 F4C63F3E 		.word	1044367092
 1725 1a64 630A133E 		.word	1041435235
 1726 1a68 E81985BD 		.word	-1115350552
 1727 1a6c 715E13BE 		.word	-1106026895
 1728 1a70 FFD2663C 		.word	1013371647
 1729 1a74 6483583E 		.word	1045988196
 1730 1a78 567A56BE 		.word	-1101628842
 1731 1a7c 74E8CE3D 		.word	1036970100
 1732 1a80 E7492D3E 		.word	1043155431
 1733 1a84 D3B08ABE 		.word	-1098207021
 1734 1a88 8CD64A3E 		.word	1045091980
 1735 1a8c 10484EBD 		.word	-1118943216
 1736 1a90 7021ACBD 		.word	-1112792720
 1737 1a94 2E997DBE 		.word	-1099065042
 1738 1a98 88AEA5BD 		.word	-1113215352
 1739 1a9c BADC2ABE 		.word	-1104487238
 1740 1aa0 BCD2D03C 		.word	1020318396
 1741 1aa4 0036F0BA 		.word	-1158662656
 1742 1aa8 CCC1CBBD 		.word	-1110720052
 1743 1aac EBDC423E 		.word	1044569323
 1744 1ab0 D60C76BE 		.word	-1099559722
 1745 1ab4 4C552E3D 		.word	1026446668
 1746 1ab8 7CFE5BBE 		.word	-1101267332
 1747 1abc 28B8433D 		.word	1027848232
 1748 1ac0 886A1E3E 		.word	1042180744
 1749 1ac4 858F86BE 		.word	-1098477691
 1750 1ac8 D43D223E 		.word	1042431444
 1751 1acc B18F56BE 		.word	-1101623375
 1752 1ad0 10351CBE 		.word	-1105447664
 1753 1ad4 54A9B0BD 		.word	-1112495788
 1754 1ad8 255984BE 		.word	-1098622683
 1755 1adc 3C520CBE 		.word	-1106488772
 1756 1ae0 A4995ABE 		.word	-1101358684
 1757 1ae4 0092603D 		.word	1029739008
 1758 1ae8 3F2D8ABE 		.word	-1098240705
 1759 1aec 200591BD 		.word	-1114569440
 1760 1af0 F047323E 		.word	1043482608
 1761 1af4 7A2A533C 		.word	1012083322
 1762 1af8 5C70BABD 		.word	-1111855012
 1763 1afc 4D53603D 		.word	1029722957
 1764 1b00 A716ABBD 		.word	-1112861017
 1765 1b04 6630A53C 		.word	1017458790
 1766 1b08 DC201C3E 		.word	1042030812
 1767 1b0c B152C93E 		.word	1053381297
 1768 1b10 D0F0733D 		.word	1031008464
 1769 1b14 5D0D5BBE 		.word	-1101329059
 1770 1b18 734D8A3E 		.word	1049251187
 1771 1b1c 1C892B3E 		.word	1043040540
ARM GAS  /tmp/ccGdHCJo.s 			page 32


 1772 1b20 836E783D 		.word	1031302787
 1773 1b24 3E358B3E 		.word	1049310526
 1774 1b28 4813A83E 		.word	1051202376
 1775 1b2c 24330D3D 		.word	1024275236
 1776 1b30 E0FEB43C 		.word	1018494688
 1777 1b34 88C39DB9 		.word	-1180843128
 1778 1b38 7227DB3E 		.word	1054549874
 1779 1b3c 1CB341BE 		.word	-1102990564
 1780 1b40 C881D1BC 		.word	-1127120440
 1781 1b44 6A2CBA3D 		.word	1035611242
 1782 1b48 C7A7F2BC 		.word	-1124948025
 1783 1b4c 47BE593E 		.word	1046068807
 1784 1b50 628F8A3D 		.word	1032490850
 1785 1b54 F01EB63D 		.word	1035345648
 1786 1b58 9BA7E63D 		.word	1038526363
 1787 1b5c BEB5CC3C 		.word	1020048830
 1788 1b60 17FC463E 		.word	1044839447
 1789 1b64 9ABA0EBE 		.word	-1106330982
 1790 1b68 B84579BE 		.word	-1099348552
 1791 1b6c 00142CBE 		.word	-1104407552
 1792 1b70 14D7B6BC 		.word	-1128868076
 1793 1b74 9052723E 		.word	1047679632
 1794 1b78 A8CACABD 		.word	-1110783320
 1795 1b7c C867413E 		.word	1044473800
 1796 1b80 12C367BB 		.word	-1150827758
 1797 1b84 3CF4D33E 		.word	1054078012
 1798 1b88 E4642C3E 		.word	1043096804
 1799 1b8c E70D713E 		.word	1047596519
 1800 1b90 C8C7703E 		.word	1047578568
 1801 1b94 D7C1363E 		.word	1043775959
 1802 1b98 E09616BE 		.word	-1105815840
 1803 1b9c 4115853E 		.word	1048909121
 1804 1ba0 D19D0B3D 		.word	1024171473
 1805 1ba4 7891FE3D 		.word	1040093560
 1806 1ba8 78486DBD 		.word	-1116911496
 1807 1bac 48CB083B 		.word	990432072
 1808 1bb0 2884863D 		.word	1032225832
 1809 1bb4 106771BE 		.word	-1099864304
 1810 1bb8 913EC5BE 		.word	-1094369647
 1811 1bbc C6D6213E 		.word	1042405062
 1812 1bc0 28342B3E 		.word	1043018792
 1813 1bc4 FB6FEABC 		.word	-1125486597
 1814 1bc8 1017513D 		.word	1028724496
 1815 1bcc C0EBBCBE 		.word	-1094915136
 1816 1bd0 1834DA3D 		.word	1037710360
 1817 1bd4 BDE8C9BC 		.word	-1127618371
 1818 1bd8 DC3CA43E 		.word	1050950876
 1819 1bdc 04D47F3E 		.word	1048564740
 1820 1be0 A8756A3E 		.word	1047164328
 1821 1be4 20347DBD 		.word	-1115868128
 1822 1be8 9FB70E3E 		.word	1041151903
 1823 1bec 9321523C 		.word	1012015507
 1824 1bf0 F0505C3E 		.word	1046237424
 1825 1bf4 610AAB3D 		.word	1034619489
 1826 1bf8 9DFCB8BB 		.word	-1145504611
 1827 1bfc 374C66BE 		.word	-1100592073
 1828 1c00 A137ADBE 		.word	-1095944287
ARM GAS  /tmp/ccGdHCJo.s 			page 33


 1829 1c04 BE0B833D 		.word	1031998398
 1830 1c08 C046B6BC 		.word	-1128905024
 1831 1c0c FDDCB03E 		.word	1051778301
 1832 1c10 4C776D3E 		.word	1047361356
 1833 1c14 9FEBAFBD 		.word	-1112544353
 1834 1c18 77B3CC3E 		.word	1053602679
 1835 1c1c BDB8813E 		.word	1048688829
 1836 1c20 25B25C3E 		.word	1046262309
 1837 1c24 53E2973E 		.word	1050141267
 1838 1c28 2E8DCE3E 		.word	1053723950
 1839 1c2c A7FC863E 		.word	1049033895
 1840 1c30 00489DB9 		.word	-1180874752
 1841 1c34 C99E8E3E 		.word	1049534153
 1842 1c38 23DD4B3D 		.word	1028381987
 1843 1c3c 4BCB2F3D 		.word	1026542411
 1844 1c40 CAEE183C 		.word	1008266954
 1845 1c44 16B5053E 		.word	1040561430
 1846 1c48 A1C0A8BE 		.word	-1096236895
 1847 1c4c 4479713E 		.word	1047624004
 1848 1c50 97D319BE 		.word	-1105603689
 1849 1c54 32FDB13D 		.word	1035074866
 1850 1c58 FF371E3E 		.word	1042167807
 1851 1c5c A9A3DA3D 		.word	1037738921
 1852 1c60 5CDBD33D 		.word	1037294428
 1853 1c64 6CAFC9BE 		.word	-1094078612
 1854 1c68 9044083D 		.word	1023952016
 1855 1c6c 6C45B0BE 		.word	-1095744148
 1856 1c70 8AB095BE 		.word	-1097486198
 1857 1c74 6894753E 		.word	1047893096
 1858 1c78 9E1ED93D 		.word	1037639326
 1859 1c7c 0BABD23E 		.word	1053993739
 1860 1c80 D68F9E3E 		.word	1050578902
 1861 1c84 4788A03E 		.word	1050708039
 1862 1c88 91223ABC 		.word	-1137040751
 1863 1c8c 7D1E593E 		.word	1046027901
 1864 1c90 688CF1BD 		.word	-1108243352
 1865 1c94 B582B83D 		.word	1035502261
 1866 1c98 806C4EBE 		.word	-1102156672
 1867 1c9c F63D263E 		.word	1042693622
 1868 1ca0 3CB6AC3D 		.word	1034729020
 1869 1ca4 E4656EBE 		.word	-1100061212
 1870 1ca8 65E49ABD 		.word	-1113922459
 1871 1cac 9DB5993E 		.word	1050260893
 1872 1cb0 26C0C03C 		.word	1019265062
 1873 1cb4 250E3A3B 		.word	993660453
 1874 1cb8 C365E5BE 		.word	-1092262461
 1875 1cbc 0279733D 		.word	1030977794
 1876 1cc0 624D493E 		.word	1044991330
 1877 1cc4 A110F1BC 		.word	-1125052255
 1878 1cc8 60C3283E 		.word	1042858848
 1879 1ccc 821E1EBF 		.word	-1088545150
 1880 1cd0 E8C7B9BD 		.word	-1111898136
 1881 1cd4 F63663BE 		.word	-1100794122
 1882 1cd8 A1978A3D 		.word	1032492961
 1883 1cdc 7606153E 		.word	1041565302
 1884 1ce0 5D6E5FBE 		.word	-1101042083
 1885 1ce4 846C1DBE 		.word	-1105367932
ARM GAS  /tmp/ccGdHCJo.s 			page 34


 1886 1ce8 7D68F43C 		.word	1022650493
 1887 1cec D22C8C3C 		.word	1015819474
 1888 1cf0 80B387BD 		.word	-1115180160
 1889 1cf4 AB4902BE 		.word	-1107146325
 1890 1cf8 845A363E 		.word	1043749508
 1891 1cfc 2C740CBC 		.word	-1140034516
 1892 1d00 90C42F3E 		.word	1043317904
 1893 1d04 A817323E 		.word	1043470248
 1894 1d08 409867BE 		.word	-1100507072
 1895 1d0c 249272BE 		.word	-1099787740
 1896 1d10 90422CBE 		.word	-1104395632
 1897 1d14 883211BE 		.word	-1106169208
 1898 1d18 802914BD 		.word	-1122752128
 1899 1d1c 38D0F5BD 		.word	-1107963848
 1900 1d20 E8A476BE 		.word	-1099520792
 1901 1d24 A0705FBE 		.word	-1101041504
 1902 1d28 64AC753E 		.word	1047899236
 1903 1d2c 00FA173E 		.word	1041758720
 1904 1d30 E0AEF8BC 		.word	-1124552992
 1905 1d34 D8B7613E 		.word	1046591448
 1906 1d38 00CF033C 		.word	1006882560
 1907 1d3c 74CB2FBE 		.word	-1104163980
 1908 1d40 D08A103D 		.word	1024494288
 1909 1d44 FCBD5B3E 		.word	1046199804
 1910 1d48 F0F252BD 		.word	-1118637328
 1911 1d4c 686E70BE 		.word	-1099927960
 1912 1d50 C0F38ABD 		.word	-1114967104
 1913 1d54 6062803D 		.word	1031823968
 1914 1d58 78AB4DBE 		.word	-1102206088
 1915 1d5c A89123BE 		.word	-1104965208
 1916 1d60 C09607BD 		.word	-1123576128
 1917 1d64 A8D6F8BD 		.word	-1107765592
 1918 1d68 20AF29BD 		.word	-1121341664
 1919 1d6c 4C627B3E 		.word	1048273484
 1920 1d70 848A7A3E 		.word	1048218244
 1921 1d74 6CDC4B3E 		.word	1045159020
 1922 1d78 B0FA2ABE 		.word	-1104479568
 1923 1d7c 4CA92ABE 		.word	-1104500404
 1924 1d80 18CF98BD 		.word	-1114058984
 1925 1d84 8070823B 		.word	998404224
 1926 1d88 586EB3BD 		.word	-1112314280
 1927 1d8c 7802DC3D 		.word	1037828728
 1928 1d90 3CD6503E 		.word	1045485116
 1929 1d94 1CBF36BE 		.word	-1103708388
 1930 1d98 482A583E 		.word	1045965384
 1931 1d9c 60D2A7BD 		.word	-1113075104
 1932 1da0 70802ABE 		.word	-1104510864
 1933 1da4 904ED33D 		.word	1037258384
 1934 1da8 60A5EBBC 		.word	-1125407392
 1935 1dac 00F53D3E 		.word	1044247808
 1936 1db0 8039DF3B 		.word	1004484992
 1937 1db4 983A89BD 		.word	-1115080040
 1938 1db8 D489073E 		.word	1040681428
 1939 1dbc 609C47BE 		.word	-1102603168
 1940 1dc0 F0A387BD 		.word	-1115184144
 1941 1dc4 985DA1BD 		.word	-1113498216
 1942 1dc8 8CC71C3E 		.word	1042073484
ARM GAS  /tmp/ccGdHCJo.s 			page 35


 1943 1dcc C0EA55BD 		.word	-1118442816
 1944 1dd0 48E6CBBD 		.word	-1110710712
 1945 1dd4 28F505BE 		.word	-1106905816
 1946 1dd8 003F883C 		.word	1015561984
 1947 1ddc C053493C 		.word	1011438528
 1948 1de0 E0077D3E 		.word	1048381408
 1949 1de4 640A0F3E 		.word	1041173092
 1950 1de8 948558BE 		.word	-1101494892
 1951 1dec 200EA8BD 		.word	-1113059808
 1952 1df0 5C67543E 		.word	1045718876
 1953 1df4 40A9C5BC 		.word	-1127896768
 1954 1df8 280B72BE 		.word	-1099822296
 1955 1dfc 501EC7BD 		.word	-1111024048
 1956 1e00 17069DBE 		.word	-1097005545
 1957 1e04 07B8C43E 		.word	1053079559
 1958 1e08 E0FAD13D 		.word	1037171424
 1959 1e0c C193BF3E 		.word	1052742593
 1960 1e10 50E4A3BD 		.word	-1113332656
 1961 1e14 3C16C8BC 		.word	-1127737796
 1962 1e18 076A4E3E 		.word	1045326343
 1963 1e1c 85BCD13D 		.word	1037155461
 1964 1e20 FEEE0B3D 		.word	1024192254
 1965 1e24 AB02163D 		.word	1024852651
 1966 1e28 5FE18D3E 		.word	1049485663
 1967 1e2c 87C8873D 		.word	1032308871
 1968 1e30 702B1DBE 		.word	-1105384592
 1969 1e34 99C4CD3D 		.word	1036895385
 1970 1e38 F7655B3E 		.word	1046177271
 1971 1e3c B6BE7ABB 		.word	-1149583690
 1972 1e40 E70F84BE 		.word	-1098641433
 1973 1e44 8CDDD33E 		.word	1054072204
 1974 1e48 D93E11BE 		.word	-1106166055
 1975 1e4c D43C01BB 		.word	-1157546796
 1976 1e50 7FED91BE 		.word	-1097732737
 1977 1e54 14ADBB3E 		.word	1052486932
 1978 1e58 26EB0CBE 		.word	-1106449626
 1979 1e5c FA25EFBD 		.word	-1108400646
 1980 1e60 2E8CB13E 		.word	1051823150
 1981 1e64 70048CBE 		.word	-1098120080
 1982 1e68 787077BE 		.word	-1099468680
 1983 1e6c 5A7FA6BE 		.word	-1096384678
 1984 1e70 B16CAC3C 		.word	1017932977
 1985 1e74 6040BD3D 		.word	1035812960
 1986 1e78 FA18DDBD 		.word	-1109583622
 1987 1e7c F74CB83E 		.word	1052265719
 1988 1e80 3E1E713E 		.word	1047600702
 1989 1e84 DC99BC3E 		.word	1052547548
 1990 1e88 C0CAB83E 		.word	1052297920
 1991 1e8c E44FE53E 		.word	1055215588
 1992 1e90 901EF2BD 		.word	-1108205936
 1993 1e94 A26CAA3E 		.word	1051356322
 1994 1e98 4830DE3D 		.word	1037971528
 1995 1e9c 47278B3D 		.word	1032529735
 1996 1ea0 B04A29BD 		.word	-1121367376
 1997 1ea4 C8EDE9BD 		.word	-1108742712
 1998 1ea8 C5BB4DBC 		.word	-1135756347
 1999 1eac E7DE923E 		.word	1049812711
ARM GAS  /tmp/ccGdHCJo.s 			page 36


 2000 1eb0 C3AFBC3E 		.word	1052553155
 2001 1eb4 BDA098BE 		.word	-1097293635
 2002 1eb8 CBB55E3D 		.word	1029617099
 2003 1ebc AE567E3E 		.word	1048467118
 2004 1ec0 0382BE3E 		.word	1052672515
 2005 1ec4 F430743E 		.word	1047802100
 2006 1ec8 ACB926BE 		.word	-1104758356
 2007 1ecc 245A24BF 		.word	-1088136668
 2008 1ed0 ACFC02BE 		.word	-1107100500
 2009 1ed4 78E3973D 		.word	1033364344
 2010 1ed8 5188AB3E 		.word	1051428945
 2011 1edc DA5E643E 		.word	1046765274
 2012 1ee0 48A36B3D 		.word	1030464328
 2013 1ee4 9041433D 		.word	1027817872
 2014 1ee8 3ABCEFBB 		.word	-1141916614
 2015 1eec 533F973D 		.word	1033322323
 2016 1ef0 504D1ABD 		.word	-1122349744
 2017 1ef4 C088183E 		.word	1041795264
 2018 1ef8 5537C6BC 		.word	-1127860395
 2019 1efc 02EC2FBE 		.word	-1104155646
 2020 1f00 81A5A1BE 		.word	-1096702591
 2021 1f04 B126473E 		.word	1044850353
 2022 1f08 3C8D5E3E 		.word	1046383932
 2023 1f0c A8837D3E 		.word	1048413096
 2024 1f10 D0DF8BBD 		.word	-1114906672
 2025 1f14 349835BE 		.word	-1103783884
 2026 1f18 8AA1F6BB 		.word	-1141464694
 2027 1f1c 736B813E 		.word	1048669043
 2028 1f20 CDA3823E 		.word	1048749005
 2029 1f24 88064A3E 		.word	1045038728
 2030 1f28 89EB193D 		.word	1025108873
 2031 1f2c 1D574C3E 		.word	1045190429
 2032 1f30 58CE46BE 		.word	-1102655912
 2033 1f34 E0559EBB 		.word	-1147251232
 2034 1f38 5266A43E 		.word	1050961490
 2035 1f3c 800EDCBD 		.word	-1109651840
 2036 1f40 E2E4A93D 		.word	1034544354
 2037 1f44 0951463D 		.word	1028018441
 2038 1f48 A568D33D 		.word	1037265061
 2039 1f4c D475DB3D 		.word	1037792724
 2040 1f50 075986BE 		.word	-1098491641
 2041 1f54 6DB5213C 		.word	1008842093
 2042 1f58 A7A0F73D 		.word	1039638695
 2043 1f5c A2E755BE 		.word	-1101666398
 2044 1f60 41458A3E 		.word	1049249089
 2045 1f64 2E5B66BC 		.word	-1134142674
 2046 1f68 B4B3213E 		.word	1042396084
 2047 1f6c A4D2C9BE 		.word	-1094069596
 2048 1f70 876E91BD 		.word	-1114542457
 2049 1f74 48C2843D 		.word	1032110664
 2050 1f78 EF582ABD 		.word	-1121298193
 2051 1f7c 7294BB3E 		.word	1052480626
 2052 1f80 9B38433E 		.word	1044592795
 2053 1f84 B8FCF33D 		.word	1039400120
 2054 1f88 798567BD 		.word	-1117289095
 2055 1f8c 9431903E 		.word	1049637268
 2056 1f90 581639BE 		.word	-1103554984
ARM GAS  /tmp/ccGdHCJo.s 			page 37


 2057 1f94 C543E63D 		.word	1038500805
 2058 1f98 DCBB1BBE 		.word	-1105478692
 2059 1f9c 6587BE3E 		.word	1052673893
 2060 1fa0 6304A63D 		.word	1034290275
 2061 1fa4 A0BA023E 		.word	1040366240
 2062 1fa8 0A0901BE 		.word	-1107228406
 2063 1fac 13168C3E 		.word	1049368083
 2064 1fb0 11D8BE3E 		.word	1052694545
 2065 1fb4 833F86BE 		.word	-1098498173
 2066 1fb8 23D24C3C 		.word	1011667491
 2067 1fbc F96ECB3E 		.word	1053519609
 2068 1fc0 03543F3E 		.word	1044337667
 2069 1fc4 AAF4CE3E 		.word	1053750442
 2070 1fc8 20AFA2BC 		.word	-1130189024
 2071 1fcc F99D2DBF 		.word	-1087529479
 2072 1fd0 E05D73BE 		.word	-1099735584
 2073 1fd4 4D59053E 		.word	1040537933
 2074 1fd8 12C1AF3E 		.word	1051705618
 2075 1fdc F7101F3E 		.word	1042223351
 2076 1fe0 9E166ABE 		.word	-1100343650
 2077 1fe4 E05724BE 		.word	-1104914464
 2078 1fe8 0079923E 		.word	1049786624
 2079 1fec BF4CB53D 		.word	1035291839
 2080 1ff0 70794FBD 		.word	-1118865040
 2081 1ff4 52FB5F3E 		.word	1046477650
 2082 1ff8 9F4A9ABD 		.word	-1113961825
 2083 1ffc 235B37BE 		.word	-1103668445
 2084 2000 80AB6E3C 		.word	1013885824
 2085 2004 800CDFBC 		.word	-1126232960
 2086 2008 207D5D3D 		.word	1029537056
 2087 200c E075A13D 		.word	1033991648
 2088 2010 54AA4B3E 		.word	1045146196
 2089 2014 D4E016BE 		.word	-1105796908
 2090 2018 D8DA9F3D 		.word	1033886424
 2091 201c B0F10A3E 		.word	1040904624
 2092 2020 842F75BE 		.word	-1099616380
 2093 2024 F8EB433E 		.word	1044638712
 2094 2028 C0896FBD 		.word	-1116763712
 2095 202c 1093883D 		.word	1032360720
 2096 2030 D028E6BD 		.word	-1108989744
 2097 2034 40B8E93C 		.word	1021950016
 2098 2038 58E39E3D 		.word	1033823064
 2099 203c 006A7C3C 		.word	1014786560
 2100 2040 D031C6BD 		.word	-1111084592
 2101 2044 E0261E3E 		.word	1042163424
 2102 2048 282F48BE 		.word	-1102565592
 2103 204c 18D01CBE 		.word	-1105407976
 2104 2050 683E36BE 		.word	-1103741336
 2105 2054 D0E9693E 		.word	1047128528
 2106 2058 B079433D 		.word	1027832240
 2107 205c 40F3DFBD 		.word	-1109396672
 2108 2060 701F513D 		.word	1028726640
 2109 2064 84A8513E 		.word	1045538948
 2110 2068 A4E85D3E 		.word	1046341796
 2111 206c 00A9D7BD 		.word	-1109939968
 2112 2070 40C2A9BD 		.word	-1112948160
 2113 2074 901A14BE 		.word	-1105978736
ARM GAS  /tmp/ccGdHCJo.s 			page 38


 2114 2078 9C6A23BE 		.word	-1104975204
 2115 207c 60063EBE 		.word	-1103231392
 2116 2080 78B39CBD 		.word	-1113803912
 2117 2084 5804A1BD 		.word	-1113521064
 2118 2088 684AD3BD 		.word	-1110226328
 2119 208c C0B063BE 		.word	-1100762944
 2120 2090 089600BE 		.word	-1107257848
 2121 2094 4866B53D 		.word	1035298376
 2122 2098 9CB8253E 		.word	1042659484
 2123 209c 70B2FDBD 		.word	-1107447184
 2124 20a0 7C8938BE 		.word	-1103591044
 2125 20a4 B86DC03D 		.word	1036021176
 2126 20a8 70D18C3D 		.word	1032638832
 2127 20ac 44B176BE 		.word	-1099517628
 2128 20b0 90E806BD 		.word	-1123620720
 2129 20b4 0044BCBD 		.word	-1111735296
 2130 20b8 CC0E55BE 		.word	-1101721908
 2131 20bc 707D14BD 		.word	-1122730640
 2132 20c0 60A244BD 		.word	-1119575456
 2133 20c4 540C593E 		.word	1046023252
 2134 20c8 C085A7BC 		.word	-1129871936
 2135 20cc 68A1E8BD 		.word	-1108827800
 2136 20d0 003BA63C 		.word	1017527040
 2137 20d4 E41D51BE 		.word	-1101980188
 2138 20d8 F45F5FBE 		.word	-1101045772
 2139 20dc 40FFAA3C 		.word	1017839424
 2140 20e0 F007E6BD 		.word	-1108998160
 2141 20e4 D083123E 		.word	1041400784
 2142 20e8 982965BE 		.word	-1100666472
 2143 20ec 40210C3C 		.word	1007427904
 2144 20f0 682CC3BD 		.word	-1111282584
 2145 20f4 481C7B3E 		.word	1048255560
 2146 20f8 402446BE 		.word	-1102699456
 2147 20fc 0008AD3C 		.word	1017972736
 2148 2100 887785BE 		.word	-1098549368
 2149 2104 BC39D73E 		.word	1054292412
 2150 2108 70C60FBE 		.word	-1106262416
 2151 210c 5117B3BC 		.word	-1129113775
 2152 2110 9CAD073E 		.word	1040690588
 2153 2114 8C0546BE 		.word	-1102707316
 2154 2118 DEF2A23E 		.word	1050866398
 2155 211c 3BF4803D 		.word	1031861307
 2156 2120 67D9AB3E 		.word	1051449703
 2157 2124 912C99BD 		.word	-1114035055
 2158 2128 9B1C21BD 		.word	-1121903461
 2159 212c 3931873C 		.word	1015492921
 2160 2130 0863BA3D 		.word	1035625224
 2161 2134 93998B3E 		.word	1049336211
 2162 2138 CD4E15BD 		.word	-1122677043
 2163 213c EBB1863B 		.word	998683115
 2164 2140 FE806CBE 		.word	-1100185346
 2165 2144 280778BC 		.word	-1132984536
 2166 2148 05AF9CBE 		.word	-1097027835
 2167 214c 921EDB3D 		.word	1037770386
 2168 2150 2DCAB4BE 		.word	-1095448019
 2169 2154 9CC49F3E 		.word	1050657948
 2170 2158 0826733E 		.word	1047733768
ARM GAS  /tmp/ccGdHCJo.s 			page 39


 2171 215c 64A6833D 		.word	1032037988
 2172 2160 92061E3E 		.word	1042155154
 2173 2164 8CD194BD 		.word	-1114320500
 2174 2168 9865C4BD 		.word	-1111202408
 2175 216c C657FABE 		.word	-1090889786
 2176 2170 DD4A1EBD 		.word	-1122088227
 2177 2174 EC5232BE 		.word	-1103998228
 2178 2178 E7B9243E 		.word	1042594279
 2179 217c F70F313D 		.word	1026625527
 2180 2180 766C2CBC 		.word	-1137939338
 2181 2184 F68F7C3E 		.word	1048350710
 2182 2188 7FDB72BD 		.word	-1116546177
 2183 218c 8ED8823E 		.word	1048762510
 2184 2190 E0F7C4BC 		.word	-1127942176
 2185 2194 0A2AE5BB 		.word	-1142609398
 2186 2198 84694A3E 		.word	1045064068
 2187 219c A08C8D3E 		.word	1049463968
 2188 21a0 74637B3D 		.word	1031496564
 2189 21a4 80CC393E 		.word	1043975296
 2190 21a8 19B5243E 		.word	1042593049
 2191 21ac 12EB493D 		.word	1028254482
 2192 21b0 4D4C833E 		.word	1048792141
 2193 21b4 DBA1A0BE 		.word	-1096769061
 2194 21b8 FA6452BE 		.word	-1101896454
 2195 21bc ED45953D 		.word	1033192941
 2196 21c0 D4ECB53E 		.word	1052110036
 2197 21c4 B3C5813E 		.word	1048692147
 2198 21c8 8020113E 		.word	1041309824
 2199 21cc 305B28BF 		.word	-1087874256
 2200 21d0 24C301BE 		.word	-1107180764
 2201 21d4 1C23343D 		.word	1026827036
 2202 21d8 7748963D 		.word	1033259127
 2203 21dc 7331063E 		.word	1040593267
 2204 21e0 F5E9453D 		.word	1027992053
 2205 21e4 003585BD 		.word	-1115343616
 2206 21e8 8712223E 		.word	1042420359
 2207 21ec 209726BE 		.word	-1104767200
 2208 21f0 FCF66D3E 		.word	1047394044
 2209 21f4 40DC93BD 		.word	-1114383296
 2210 21f8 B2C1D1BB 		.word	-1143881294
 2211 21fc 1F316FBD 		.word	-1116786401
 2212 2200 45431A3D 		.word	1025131333
 2213 2204 18A7E73D 		.word	1038591768
 2214 2208 C093233E 		.word	1042518976
 2215 220c C0254E3D 		.word	1028531648
 2216 2210 602BA0BC 		.word	-1130353824
 2217 2214 D00E4A3D 		.word	1028263632
 2218 2218 68C55D3E 		.word	1046332776
 2219 221c 80A1C73B 		.word	1002938752
 2220 2220 401026BD 		.word	-1121578944
 2221 2224 640156BE 		.word	-1101659804
 2222 2228 84FFB13D 		.word	1035075460
 2223 222c 565204BC 		.word	-1140567466
 2224 2230 C082343C 		.word	1010074304
 2225 2234 91CF183C 		.word	1008258961
 2226 2238 241E5BBE 		.word	-1101324764
 2227 223c EE4B2B3E 		.word	1043024878
ARM GAS  /tmp/ccGdHCJo.s 			page 40


 2228 2240 0086CBBB 		.word	-1144289792
 2229 2244 0009083C 		.word	1007159552
 2230 2248 D77082BE 		.word	-1098747689
 2231 224c 204F05BD 		.word	-1123725536
 2232 2250 704386BE 		.word	-1098497168
 2233 2254 C06E50BC 		.word	-1135579456
 2234 2258 A1AE6A3D 		.word	1030401697
 2235 225c 3C74D43D 		.word	1037333564
 2236 2260 A985C4BD 		.word	-1111194199
 2237 2264 8C8A0F3E 		.word	1041205900
 2238 2268 0C975B3E 		.word	1046189836
 2239 226c 67C0D93D 		.word	1037680743
 2240 2270 E4ED003E 		.word	1040248292
 2241 2274 B01E7ABE 		.word	-1099293008
 2242 2278 C7E79CBD 		.word	-1113790521
 2243 227c 4C954B3E 		.word	1045140812
 2244 2280 D036403E 		.word	1044395728
 2245 2284 006F1EBC 		.word	-1138856192
 2246 2288 C3444ABE 		.word	-1102428989
 2247 228c F9D5DBBD 		.word	-1109666311
 2248 2290 10BFDE3D 		.word	1038008080
 2249 2294 543F35BE 		.word	-1103806636
 2250 2298 BCFB3FBE 		.word	-1103103044
 2251 229c E834AA3D 		.word	1034564840
 2252 22a0 334C89BD 		.word	-1115075533
 2253 22a4 20CC69BD 		.word	-1117139936
 2254 22a8 8059D83D 		.word	1037588864
 2255 22ac 548D67BE 		.word	-1100509868
 2256 22b0 B06ECCBD 		.word	-1110675792
 2257 22b4 F9F450BE 		.word	-1101990663
 2258 22b8 42A9ACBD 		.word	-1112757950
 2259 22bc 1CD3403E 		.word	1044435740
 2260 22c0 D0441ABE 		.word	-1105574704
 2261 22c4 143777BE 		.word	-1099483372
 2262 22c8 38EB79BE 		.word	-1099306184
 2263 22cc 10E19EBD 		.word	-1113661168
 2264 22d0 700CAD3D 		.word	1034751088
 2265 22d4 5DB545BE 		.word	-1102727843
 2266 22d8 441A5FBE 		.word	-1101063612
 2267 22dc F550E4BB 		.word	-1142664971
 2268 22e0 1CDB1E3E 		.word	1042209564
 2269 22e4 48FFC53D 		.word	1036386120
 2270 22e8 806BCF3D 		.word	1037003648
 2271 22ec F66F82BD 		.word	-1115525130
 2272 22f0 C895423E 		.word	1044551112
 2273 22f4 847841BE 		.word	-1103005564
 2274 22f8 553E933D 		.word	1033059925
 2275 22fc BCB97ABE 		.word	-1099253316
 2276 2300 041A403E 		.word	1044388356
 2277 2304 14693FBE 		.word	-1103140588
 2278 2308 B00C6DBE 		.word	-1100149584
 2279 230c 7055D7BD 		.word	-1109961360
 2280 2310 ACF60CBE 		.word	-1106446676
 2281 2314 CC9673BE 		.word	-1099721012
 2282 2318 50DC70BE 		.word	-1099899824
 2283 231c B037C9BD 		.word	-1110886480
 2284 2320 0C8462BE 		.word	-1100839924
ARM GAS  /tmp/ccGdHCJo.s 			page 41


 2285 2324 A8A80C3E 		.word	1041017000
 2286 2328 302796BD 		.word	-1114233040
 2287 232c 0CCD53BE 		.word	-1101804276
 2288 2330 4CC212BE 		.word	-1106066868
 2289 2334 C07F5A3D 		.word	1029341120
 2290 2338 886B603E 		.word	1046506376
 2291 233c 0CD132BE 		.word	-1103965940
 2292 2340 448176BE 		.word	-1099529916
 2293 2344 8849163E 		.word	1041648008
 2294 2348 C0FCBA3D 		.word	1035664576
 2295 234c C0B851BE 		.word	-1101940544
 2296 2350 D88CBE3D 		.word	1035898072
 2297 2354 1898B9BD 		.word	-1111910376
 2298 2358 7CC640BE 		.word	-1103051140
 2299 235c 6891193E 		.word	1041863016
 2300 2360 B0E07ABD 		.word	-1116020560
 2301 2364 ACCC5A3E 		.word	1046138028
 2302 2368 005AA53A 		.word	983915008
 2303 236c 10321DBD 		.word	-1122160112
 2304 2370 CC0B7FBE 		.word	-1098970164
 2305 2374 90A976BD 		.word	-1116296816
 2306 2378 F069883D 		.word	1032350192
 2307 237c 702A12BE 		.word	-1106105744
 2308 2380 B8CDA33D 		.word	1034145208
 2309 2384 C4AE5EBE 		.word	-1101091132
 2310 2388 E02E28BE 		.word	-1104662816
 2311 238c 78F5133E 		.word	1041495416
 2312 2390 241A1ABE 		.word	-1105585628
 2313 2394 A0501C3D 		.word	1025265824
 2314 2398 E43308BE 		.word	-1106758684
 2315 239c 2096E23C 		.word	1021482528
 2316 23a0 60F7C4BC 		.word	-1127942304
 2317 23a4 40751D3C 		.word	1008563520
 2318 23a8 BC5718BE 		.word	-1105700932
 2319 23ac 80A4533E 		.word	1045668992
 2320 23b0 C0661CBC 		.word	-1138989376
 2321 23b4 102C003E 		.word	1040198672
 2322 23b8 F89C32BE 		.word	-1103979272
 2323 23bc E0CD3B3E 		.word	1044106720
 2324 23c0 805747BE 		.word	-1102620800
 2325 23c4 C84958BE 		.word	-1101510200
 2326 23c8 309928BE 		.word	-1104635600
 2327 23cc D087693D 		.word	1030326224
 2328 23d0 94BB4FBE 		.word	-1102070892
 2329 23d4 2035A43D 		.word	1034171680
 2330 23d8 B03336BD 		.word	-1120521296
 2331 23dc 5CDF213E 		.word	1042407260
 2332 23e0 9062DB3D 		.word	1037787792
 2333 23e4 8043403E 		.word	1044398976
 2334 23e8 4C6E533E 		.word	1045655116
 2335 23ec 00D7AFBB 		.word	-1146104064
 2336 23f0 44F5643E 		.word	1046803780
 2337 23f4 00F3B03D 		.word	1035006720
 2338 23f8 EC4F3DBE 		.word	-1103278100
 2339 23fc 60D5A63C 		.word	1017566560
 2340 2400 19EEAABC 		.word	-1129648615
 2341 2404 23A3233E 		.word	1042522915
ARM GAS  /tmp/ccGdHCJo.s 			page 42


 2342 2408 6DE1F6BC 		.word	-1124671123
 2343 240c 954D9FBC 		.word	-1130410603
 2344 2410 08F1AFBC 		.word	-1129320184
 2345 2414 FCF5F3BC 		.word	-1124862468
 2346 2418 E2218E3C 		.word	1015947746
 2347 241c A40F1A3E 		.word	1041895332
 2348 2420 7DF7B3BC 		.word	-1129056387
 2349 2424 6F6D05BC 		.word	-1140494993
 2350 2428 12C2B2BC 		.word	-1129135598
 2351 242c 2E0096BC 		.word	-1131020242
 2352 2430 00000000 		.word	0
 2353 2434 34C8433E 		.word	1044629556
 2354 2438 00000000 		.word	0
 2355 243c 652B6DBD 		.word	-1116918939
 2356 2440 68B0DDBC 		.word	-1126322072
 2357 2444 312928BD 		.word	-1121441487
 2358 2448 C253C93B 		.word	1003049922
 2359 244c D50D92BC 		.word	-1131278891
 2360 2450 97324EBD 		.word	-1118948713
 2361 2454 00000000 		.word	0
 2362 2458 AA5FB8BC 		.word	-1128767574
 2363 245c C8EBE7BC 		.word	-1125651512
 2364 2460 543A3CBD 		.word	-1120126380
 2365 2464 00000000 		.word	0
 2366 2468 A43F373D 		.word	1027030948
 2367 246c 452AAA3B 		.word	1001007685
 2368 2470 00000000 		.word	0
 2369 2474 C66EA9BC 		.word	-1129746746
 2370 2478 FA87D8BC 		.word	-1126660102
 2371 247c 00000000 		.word	0
 2372 2480 E308353E 		.word	1043663075
 2373 2484 BB8D1B3F 		.word	1058770363
 2374 2488 FD5DA2BE 		.word	-1096655363
 2375 248c F5568C3E 		.word	1049384693
 2376 2490 FD154D3D 		.word	1028462077
 2377 2494 8A3294BE 		.word	-1097583990
 2378 2498 8E9F1FBF 		.word	-1088446578
 2379 249c E81B3C3F 		.word	1060903912
 2380 24a0 E5F1B6BE 		.word	-1095306779
 2381 24a4 D8DE0FBF 		.word	-1089478952
 2382 24a8 EF953B3E 		.word	1044092399
 2383 24ac B333BA3E 		.word	1052390323
 2384 24b0 7B1EA6BE 		.word	-1096409477
 2385 24b4 6F65983E 		.word	1050174831
 2386 24b8 2CD788BE 		.word	-1098328276
 2387 24bc 263CAEBE 		.word	-1095877594
 2388 24c0 6C8FB2BE 		.word	-1095594132
 2389 24c4 7BB797BE 		.word	-1097353349
 2390 24c8 A3DFEFBE 		.word	-1091575901
 2391 24cc F5B3B73E 		.word	1052226549
 2392 24d0 A4D4BABE 		.word	-1095052124
 2393 24d4 A0ECD2BE 		.word	-1093473120
 2394 24d8 222CA73E 		.word	1051143202
 2395 24dc 81A617BF 		.word	-1088969087
 2396 24e0 7AF997BE 		.word	-1097336454
 2397 24e4 58D3E4BD 		.word	-1109077160
 2398 24e8 E8D784BE 		.word	-1098590232
ARM GAS  /tmp/ccGdHCJo.s 			page 43


 2399 24ec 319700BF 		.word	-1090480335
 2400 24f0 305A5F3D 		.word	1029659184
 2401 24f4 ABDC14BF 		.word	-1089151829
 2402 24f8 F637C3BE 		.word	-1094502410
 2403 24fc EAAAA23E 		.word	1050847978
 2404 2500 69A8063E 		.word	1040623721
 2405 2504 00000000 		.word	0
 2406              		.global	g_network_activations_table
 2407              		.section	.data.g_network_activations_table,"aw"
 2408              		.align	2
 2411              	g_network_activations_table:
 2412 0000 DECAFAA1 		.word	-1577399586
 2413 0004 00000000 		.word	0
 2414 0008 DECAFAA1 		.word	-1577399586
 2415              		.text
 2416              	.Letext0:
 2417              		.file 2 "/opt/st/stm32cubeclt_1.20.0/GNU-tools-for-STM32/arm-none-eabi/include/machine/_default_ty
 2418              		.file 3 "/opt/st/stm32cubeclt_1.20.0/GNU-tools-for-STM32/arm-none-eabi/include/sys/_stdint.h"
 2419              		.file 4 "Middlewares/ST/AI/Inc/ai_platform.h"
 2420              		.file 5 "X-CUBE-AI/App/network_data_params.h"
ARM GAS  /tmp/ccGdHCJo.s 			page 44


DEFINED SYMBOLS
                            *ABS*:00000000 network_data_params.c
     /tmp/ccGdHCJo.s:26     .data.g_network_weights_table:00000000 g_network_weights_table
     /tmp/ccGdHCJo.s:23     .data.g_network_weights_table:00000000 $d
     /tmp/ccGdHCJo.s:35     .rodata.s_network_weights_array_u64:00000000 s_network_weights_array_u64
     /tmp/ccGdHCJo.s:32     .rodata.s_network_weights_array_u64:00000000 $d
     /tmp/ccGdHCJo.s:2411   .data.g_network_activations_table:00000000 g_network_activations_table
     /tmp/ccGdHCJo.s:2408   .data.g_network_activations_table:00000000 $d

NO UNDEFINED SYMBOLS
