ARM GAS  /tmp/ccQbP6VS.s 			page 1


   1              		.cpu cortex-m33
   2              		.arch armv8-m.main
   3              		.fpu fpv5-sp-d16
   4              		.arch_extension dsp
   5              		.eabi_attribute 27, 1
   6              		.eabi_attribute 28, 1
   7              		.eabi_attribute 20, 1
   8              		.eabi_attribute 21, 1
   9              		.eabi_attribute 23, 3
  10              		.eabi_attribute 24, 1
  11              		.eabi_attribute 25, 1
  12              		.eabi_attribute 26, 1
  13              		.eabi_attribute 30, 1
  14              		.eabi_attribute 34, 1
  15              		.eabi_attribute 18, 4
  16              		.file	"hts221_read_data_polling.c"
  17              		.text
  18              	.Ltext0:
  19              		.cfi_sections	.debug_frame
  20              		.file 1 "Core/Src/hts221_read_data_polling.c"
  21              		.section	.text.platform_delay,"ax",%progbits
  22              		.align	1
  23              		.syntax unified
  24              		.thumb
  25              		.thumb_func
  27              	platform_delay:
  28              	.LVL0:
  29              	.LFB164:
   1:Core/Src/hts221_read_data_polling.c **** /*
   2:Core/Src/hts221_read_data_polling.c ****  ******************************************************************************
   3:Core/Src/hts221_read_data_polling.c ****  * @file    read_data_polling.c
   4:Core/Src/hts221_read_data_polling.c ****  * @author  MEMS Software Solution Team
   5:Core/Src/hts221_read_data_polling.c ****  * @brief   This file show the simplest way to get data from sensor.
   6:Core/Src/hts221_read_data_polling.c ****  *
   7:Core/Src/hts221_read_data_polling.c ****  ******************************************************************************
   8:Core/Src/hts221_read_data_polling.c ****  * @attention
   9:Core/Src/hts221_read_data_polling.c ****  *
  10:Core/Src/hts221_read_data_polling.c ****  * <h2><center>&copy; Copyright (c) 2020 STMicroelectronics.
  11:Core/Src/hts221_read_data_polling.c ****  * All rights reserved.</center></h2>
  12:Core/Src/hts221_read_data_polling.c ****  *
  13:Core/Src/hts221_read_data_polling.c ****  * This software component is licensed by ST under BSD 3-Clause license,
  14:Core/Src/hts221_read_data_polling.c ****  * the "License"; You may not use this file except in compliance with the
  15:Core/Src/hts221_read_data_polling.c ****  * License. You may obtain a copy of the License at:
  16:Core/Src/hts221_read_data_polling.c ****  *                        opensource.org/licenses/BSD-3-Clause
  17:Core/Src/hts221_read_data_polling.c ****  *
  18:Core/Src/hts221_read_data_polling.c ****  ******************************************************************************
  19:Core/Src/hts221_read_data_polling.c ****  */
  20:Core/Src/hts221_read_data_polling.c **** 
  21:Core/Src/hts221_read_data_polling.c **** /*
  22:Core/Src/hts221_read_data_polling.c ****  * This example was developed using the following STMicroelectronics
  23:Core/Src/hts221_read_data_polling.c ****  * evaluation boards:
  24:Core/Src/hts221_read_data_polling.c ****  *
  25:Core/Src/hts221_read_data_polling.c ****  * - STEVAL_MKI109V3 + STEVAL-MKI141V2
  26:Core/Src/hts221_read_data_polling.c ****  * - NUCLEO_F401RE + STEVAL-MKI141V2
  27:Core/Src/hts221_read_data_polling.c ****  * - DISCOVERY_SPC584B + STEVAL-MKI141V2
  28:Core/Src/hts221_read_data_polling.c ****  *
  29:Core/Src/hts221_read_data_polling.c ****  * and STM32CubeMX tool with STM32CubeF4 MCU Package
ARM GAS  /tmp/ccQbP6VS.s 			page 2


  30:Core/Src/hts221_read_data_polling.c ****  *
  31:Core/Src/hts221_read_data_polling.c ****  * Used interfaces:
  32:Core/Src/hts221_read_data_polling.c ****  *
  33:Core/Src/hts221_read_data_polling.c ****  * STEVAL_MKI109V3    - Host side:   USB (Virtual COM)
  34:Core/Src/hts221_read_data_polling.c ****  *                    - Sensor side: SPI(Default) / I2C(supported)
  35:Core/Src/hts221_read_data_polling.c ****  *
  36:Core/Src/hts221_read_data_polling.c ****  * NUCLEO_STM32F401RE - Host side: UART(COM) to USB bridge
  37:Core/Src/hts221_read_data_polling.c ****  *                    - I2C(Default) / SPI(N/A)
  38:Core/Src/hts221_read_data_polling.c ****  *
  39:Core/Src/hts221_read_data_polling.c ****  * DISCOVERY_SPC584B  - Host side: UART(COM) to USB bridge
  40:Core/Src/hts221_read_data_polling.c ****  *                    - Sensor side: I2C(Default) / SPI(supported)
  41:Core/Src/hts221_read_data_polling.c ****  *
  42:Core/Src/hts221_read_data_polling.c ****  * If you need to run this example on a different hardware platform a
  43:Core/Src/hts221_read_data_polling.c ****  * modification of the functions: `platform_write`, `platform_read`,
  44:Core/Src/hts221_read_data_polling.c ****  * `tx_com` and 'platform_init' is required.
  45:Core/Src/hts221_read_data_polling.c ****  *
  46:Core/Src/hts221_read_data_polling.c ****  */
  47:Core/Src/hts221_read_data_polling.c **** 
  48:Core/Src/hts221_read_data_polling.c **** /* STMicroelectronics evaluation boards definition
  49:Core/Src/hts221_read_data_polling.c ****  *
  50:Core/Src/hts221_read_data_polling.c ****  * Please uncomment ONLY the evaluation boards in use.
  51:Core/Src/hts221_read_data_polling.c ****  * If a different hardware is used please comment all
  52:Core/Src/hts221_read_data_polling.c ****  * following target board and redefine yours.
  53:Core/Src/hts221_read_data_polling.c ****  */
  54:Core/Src/hts221_read_data_polling.c **** 
  55:Core/Src/hts221_read_data_polling.c **** //#define STEVAL_MKI109V3  /* little endian */
  56:Core/Src/hts221_read_data_polling.c **** //#define NUCLEO_F401RE    /* little endian */
  57:Core/Src/hts221_read_data_polling.c **** //#define SPC584B_DIS      /* big endian */
  58:Core/Src/hts221_read_data_polling.c **** 
  59:Core/Src/hts221_read_data_polling.c **** /* ATTENTION: By default the driver is little endian. If you need switch
  60:Core/Src/hts221_read_data_polling.c ****  *            to big endian please see "Endianness definitions" in the
  61:Core/Src/hts221_read_data_polling.c ****  *            header file of the driver (_reg.h).
  62:Core/Src/hts221_read_data_polling.c ****  */
  63:Core/Src/hts221_read_data_polling.c **** 
  64:Core/Src/hts221_read_data_polling.c **** #if defined(STEVAL_MKI109V3)
  65:Core/Src/hts221_read_data_polling.c **** /* MKI109V3: Define communication interface */
  66:Core/Src/hts221_read_data_polling.c **** #define SENSOR_BUS hspi2
  67:Core/Src/hts221_read_data_polling.c **** /* MKI109V3: Vdd and Vddio power supply values */
  68:Core/Src/hts221_read_data_polling.c **** #define PWM_3V3 915
  69:Core/Src/hts221_read_data_polling.c **** 
  70:Core/Src/hts221_read_data_polling.c **** #elif defined(NUCLEO_F401RE)
  71:Core/Src/hts221_read_data_polling.c **** /* NUCLEO_F401RE: Define communication interface */
  72:Core/Src/hts221_read_data_polling.c **** #define SENSOR_BUS hi2c1
  73:Core/Src/hts221_read_data_polling.c **** 
  74:Core/Src/hts221_read_data_polling.c **** #elif defined(SPC584B_DIS)
  75:Core/Src/hts221_read_data_polling.c **** /* DISCOVERY_SPC584B: Define communication interface */
  76:Core/Src/hts221_read_data_polling.c **** #define SENSOR_BUS I2CD1
  77:Core/Src/hts221_read_data_polling.c **** 
  78:Core/Src/hts221_read_data_polling.c **** #endif
  79:Core/Src/hts221_read_data_polling.c **** 
  80:Core/Src/hts221_read_data_polling.c **** /* Includes ------------------------------------------------------------------*/
  81:Core/Src/hts221_read_data_polling.c **** #include <string.h>
  82:Core/Src/hts221_read_data_polling.c **** #include <stdio.h>
  83:Core/Src/hts221_read_data_polling.c **** #include "hts221_reg.h"
  84:Core/Src/hts221_read_data_polling.c **** #include "main.h"
  85:Core/Src/hts221_read_data_polling.c **** 
  86:Core/Src/hts221_read_data_polling.c **** extern I2C_HandleTypeDef hi2c1;
ARM GAS  /tmp/ccQbP6VS.s 			page 3


  87:Core/Src/hts221_read_data_polling.c **** #define SENSOR_BUS hi2c1
  88:Core/Src/hts221_read_data_polling.c **** 
  89:Core/Src/hts221_read_data_polling.c **** #if defined(NUCLEO_F401RE)
  90:Core/Src/hts221_read_data_polling.c **** #include "stm32f4xx_hal.h"
  91:Core/Src/hts221_read_data_polling.c **** #include "usart.h"
  92:Core/Src/hts221_read_data_polling.c **** #include "gpio.h"
  93:Core/Src/hts221_read_data_polling.c **** #include "i2c.h"
  94:Core/Src/hts221_read_data_polling.c **** 
  95:Core/Src/hts221_read_data_polling.c **** #elif defined(STEVAL_MKI109V3)
  96:Core/Src/hts221_read_data_polling.c **** #include "stm32f4xx_hal.h"
  97:Core/Src/hts221_read_data_polling.c **** #include "usbd_cdc_if.h"
  98:Core/Src/hts221_read_data_polling.c **** #include "gpio.h"
  99:Core/Src/hts221_read_data_polling.c **** #include "spi.h"
 100:Core/Src/hts221_read_data_polling.c **** #include "tim.h"
 101:Core/Src/hts221_read_data_polling.c **** 
 102:Core/Src/hts221_read_data_polling.c **** #elif defined(SPC584B_DIS)
 103:Core/Src/hts221_read_data_polling.c **** #include "components.h"
 104:Core/Src/hts221_read_data_polling.c **** #endif
 105:Core/Src/hts221_read_data_polling.c **** 
 106:Core/Src/hts221_read_data_polling.c **** /* Private macro -------------------------------------------------------------*/
 107:Core/Src/hts221_read_data_polling.c **** 
 108:Core/Src/hts221_read_data_polling.c **** /* Private variables ---------------------------------------------------------*/
 109:Core/Src/hts221_read_data_polling.c **** static int16_t data_raw_humidity;
 110:Core/Src/hts221_read_data_polling.c **** static int16_t data_raw_temperature;
 111:Core/Src/hts221_read_data_polling.c **** static float_t humidity_perc;
 112:Core/Src/hts221_read_data_polling.c **** static float_t temperature_degC;
 113:Core/Src/hts221_read_data_polling.c **** static uint8_t whoamI;
 114:Core/Src/hts221_read_data_polling.c **** 
 115:Core/Src/hts221_read_data_polling.c **** /* Extern variables ----------------------------------------------------------*/
 116:Core/Src/hts221_read_data_polling.c **** 
 117:Core/Src/hts221_read_data_polling.c **** /* Private functions ---------------------------------------------------------*/
 118:Core/Src/hts221_read_data_polling.c **** /*
 119:Core/Src/hts221_read_data_polling.c ****  *   WARNING:
 120:Core/Src/hts221_read_data_polling.c ****  *   Functions declare in this section are defined at the end of this file
 121:Core/Src/hts221_read_data_polling.c ****  *   and are strictly related to the hardware platform used.
 122:Core/Src/hts221_read_data_polling.c ****  *
 123:Core/Src/hts221_read_data_polling.c ****  */
 124:Core/Src/hts221_read_data_polling.c **** static int32_t platform_write(void *handle, uint8_t reg, const uint8_t *bufp,
 125:Core/Src/hts221_read_data_polling.c ****                               uint16_t len);
 126:Core/Src/hts221_read_data_polling.c **** static int32_t platform_read(void *handle, uint8_t reg, uint8_t *bufp,
 127:Core/Src/hts221_read_data_polling.c ****                              uint16_t len);
 128:Core/Src/hts221_read_data_polling.c **** static void tx_com(uint8_t *tx_buffer, uint16_t len);
 129:Core/Src/hts221_read_data_polling.c **** static void platform_delay(uint32_t ms);
 130:Core/Src/hts221_read_data_polling.c **** static void platform_init(void);
 131:Core/Src/hts221_read_data_polling.c **** 
 132:Core/Src/hts221_read_data_polling.c **** /*
 133:Core/Src/hts221_read_data_polling.c ****  *  Function used to apply coefficient
 134:Core/Src/hts221_read_data_polling.c ****  */
 135:Core/Src/hts221_read_data_polling.c **** typedef struct {
 136:Core/Src/hts221_read_data_polling.c ****   float_t x0;
 137:Core/Src/hts221_read_data_polling.c ****   float_t y0;
 138:Core/Src/hts221_read_data_polling.c ****   float_t x1;
 139:Core/Src/hts221_read_data_polling.c ****   float_t y1;
 140:Core/Src/hts221_read_data_polling.c **** } lin_t;
 141:Core/Src/hts221_read_data_polling.c **** 
 142:Core/Src/hts221_read_data_polling.c **** float_t linear_interpolation(lin_t *lin, int16_t x)
 143:Core/Src/hts221_read_data_polling.c **** {
ARM GAS  /tmp/ccQbP6VS.s 			page 4


 144:Core/Src/hts221_read_data_polling.c ****   return ((lin->y1 - lin->y0) * x + ((lin->x1 * lin->y0) -
 145:Core/Src/hts221_read_data_polling.c ****                                      (lin->x0 * lin->y1)))
 146:Core/Src/hts221_read_data_polling.c ****          / (lin->x1 - lin->x0);
 147:Core/Src/hts221_read_data_polling.c **** }
 148:Core/Src/hts221_read_data_polling.c **** void hts221_read_data_polling(float_t *humidity_out, float_t *temperature_out)
 149:Core/Src/hts221_read_data_polling.c **** {
 150:Core/Src/hts221_read_data_polling.c ****   if ((humidity_out == NULL) || (temperature_out == NULL)) {
 151:Core/Src/hts221_read_data_polling.c ****     return;
 152:Core/Src/hts221_read_data_polling.c ****   }
 153:Core/Src/hts221_read_data_polling.c **** 
 154:Core/Src/hts221_read_data_polling.c ****   /* Initialize platform specific hardware */
 155:Core/Src/hts221_read_data_polling.c ****   platform_init();
 156:Core/Src/hts221_read_data_polling.c ****   /* Initialize mems driver interface */
 157:Core/Src/hts221_read_data_polling.c ****   stmdev_ctx_t dev_ctx;
 158:Core/Src/hts221_read_data_polling.c ****   dev_ctx.write_reg = platform_write;
 159:Core/Src/hts221_read_data_polling.c ****   dev_ctx.read_reg = platform_read;
 160:Core/Src/hts221_read_data_polling.c ****   dev_ctx.mdelay = platform_delay;
 161:Core/Src/hts221_read_data_polling.c ****   dev_ctx.handle = &SENSOR_BUS;
 162:Core/Src/hts221_read_data_polling.c ****   /* Check device ID */
 163:Core/Src/hts221_read_data_polling.c ****   whoamI = 0;
 164:Core/Src/hts221_read_data_polling.c ****   hts221_device_id_get(&dev_ctx, &whoamI);
 165:Core/Src/hts221_read_data_polling.c **** 
 166:Core/Src/hts221_read_data_polling.c ****   if (whoamI != HTS221_ID) {
 167:Core/Src/hts221_read_data_polling.c ****     *humidity_out = 0.0f;
 168:Core/Src/hts221_read_data_polling.c ****     *temperature_out = 0.0f;
 169:Core/Src/hts221_read_data_polling.c ****     printf("HTS221 not found\r\n");
 170:Core/Src/hts221_read_data_polling.c ****     return;
 171:Core/Src/hts221_read_data_polling.c ****   }
 172:Core/Src/hts221_read_data_polling.c **** 
 173:Core/Src/hts221_read_data_polling.c ****   /* Read humidity calibration coefficient */
 174:Core/Src/hts221_read_data_polling.c ****   lin_t lin_hum;
 175:Core/Src/hts221_read_data_polling.c ****   hts221_hum_adc_point_0_get(&dev_ctx, &lin_hum.x0);
 176:Core/Src/hts221_read_data_polling.c ****   hts221_hum_rh_point_0_get(&dev_ctx, &lin_hum.y0);
 177:Core/Src/hts221_read_data_polling.c ****   hts221_hum_adc_point_1_get(&dev_ctx, &lin_hum.x1);
 178:Core/Src/hts221_read_data_polling.c ****   hts221_hum_rh_point_1_get(&dev_ctx, &lin_hum.y1);
 179:Core/Src/hts221_read_data_polling.c ****   /* Read temperature calibration coefficient */
 180:Core/Src/hts221_read_data_polling.c ****   lin_t lin_temp;
 181:Core/Src/hts221_read_data_polling.c ****   hts221_temp_adc_point_0_get(&dev_ctx, &lin_temp.x0);
 182:Core/Src/hts221_read_data_polling.c ****   hts221_temp_deg_point_0_get(&dev_ctx, &lin_temp.y0);
 183:Core/Src/hts221_read_data_polling.c ****   hts221_temp_adc_point_1_get(&dev_ctx, &lin_temp.x1);
 184:Core/Src/hts221_read_data_polling.c ****   hts221_temp_deg_point_1_get(&dev_ctx, &lin_temp.y1);
 185:Core/Src/hts221_read_data_polling.c ****   /* Enable Block Data Update */
 186:Core/Src/hts221_read_data_polling.c ****   hts221_block_data_update_set(&dev_ctx, PROPERTY_ENABLE);
 187:Core/Src/hts221_read_data_polling.c ****   /* Set Output Data Rate */
 188:Core/Src/hts221_read_data_polling.c ****   hts221_data_rate_set(&dev_ctx, HTS221_ODR_1Hz);
 189:Core/Src/hts221_read_data_polling.c ****   /* Device power on */
 190:Core/Src/hts221_read_data_polling.c ****   hts221_power_on_set(&dev_ctx, PROPERTY_ENABLE);
 191:Core/Src/hts221_read_data_polling.c **** 
 192:Core/Src/hts221_read_data_polling.c ****   /* Wait until both humidity and temperature data are available */
 193:Core/Src/hts221_read_data_polling.c ****   hts221_status_reg_t status;
 194:Core/Src/hts221_read_data_polling.c ****   do {
 195:Core/Src/hts221_read_data_polling.c ****     hts221_status_get(&dev_ctx, &status);
 196:Core/Src/hts221_read_data_polling.c ****   } while (!status.h_da || !status.t_da);  // wait until both are ready
 197:Core/Src/hts221_read_data_polling.c **** 
 198:Core/Src/hts221_read_data_polling.c ****   /* Read humidity data */
 199:Core/Src/hts221_read_data_polling.c ****   memset(&data_raw_humidity, 0x00, sizeof(int16_t));
 200:Core/Src/hts221_read_data_polling.c ****   hts221_humidity_raw_get(&dev_ctx, &data_raw_humidity);
ARM GAS  /tmp/ccQbP6VS.s 			page 5


 201:Core/Src/hts221_read_data_polling.c ****   humidity_perc = linear_interpolation(&lin_hum, data_raw_humidity);
 202:Core/Src/hts221_read_data_polling.c **** 
 203:Core/Src/hts221_read_data_polling.c ****   if (humidity_perc < 0)   humidity_perc = 0;
 204:Core/Src/hts221_read_data_polling.c ****   if (humidity_perc > 100) humidity_perc = 100;
 205:Core/Src/hts221_read_data_polling.c **** 
 206:Core/Src/hts221_read_data_polling.c ****   *humidity_out = humidity_perc;
 207:Core/Src/hts221_read_data_polling.c **** 
 208:Core/Src/hts221_read_data_polling.c ****   printf("Humidity [%%]:%3.2f\r\n", humidity_perc);
 209:Core/Src/hts221_read_data_polling.c **** 
 210:Core/Src/hts221_read_data_polling.c ****   /* Read temperature data */
 211:Core/Src/hts221_read_data_polling.c ****   memset(&data_raw_temperature, 0x00, sizeof(int16_t));
 212:Core/Src/hts221_read_data_polling.c ****   hts221_temperature_raw_get(&dev_ctx, &data_raw_temperature);
 213:Core/Src/hts221_read_data_polling.c ****   temperature_degC = linear_interpolation(&lin_temp, data_raw_temperature);
 214:Core/Src/hts221_read_data_polling.c ****   *temperature_out = temperature_degC;
 215:Core/Src/hts221_read_data_polling.c ****   printf("Temperature [degC]:%6.2f\r\n", temperature_degC);
 216:Core/Src/hts221_read_data_polling.c **** }
 217:Core/Src/hts221_read_data_polling.c **** 
 218:Core/Src/hts221_read_data_polling.c **** /*
 219:Core/Src/hts221_read_data_polling.c ****  * @brief  Write generic device register (platform dependent)
 220:Core/Src/hts221_read_data_polling.c ****  *
 221:Core/Src/hts221_read_data_polling.c ****  * @param  handle    customizable argument. In this examples is used in
 222:Core/Src/hts221_read_data_polling.c ****  *                   order to select the correct sensor bus handler.
 223:Core/Src/hts221_read_data_polling.c ****  * @param  reg       register to write
 224:Core/Src/hts221_read_data_polling.c ****  * @param  bufp      pointer to data to write in register reg
 225:Core/Src/hts221_read_data_polling.c ****  * @param  len       number of consecutive register to write
 226:Core/Src/hts221_read_data_polling.c ****  *
 227:Core/Src/hts221_read_data_polling.c ****  */
 228:Core/Src/hts221_read_data_polling.c **** static int32_t platform_write(void *handle, uint8_t reg, const uint8_t *bufp,
 229:Core/Src/hts221_read_data_polling.c ****                               uint16_t len)
 230:Core/Src/hts221_read_data_polling.c **** {
 231:Core/Src/hts221_read_data_polling.c **** 
 232:Core/Src/hts221_read_data_polling.c ****   /* Write multiple command */
 233:Core/Src/hts221_read_data_polling.c ****   reg |= 0x80;
 234:Core/Src/hts221_read_data_polling.c ****   HAL_I2C_Mem_Write(handle, HTS221_I2C_ADDRESS, reg,
 235:Core/Src/hts221_read_data_polling.c ****                     I2C_MEMADD_SIZE_8BIT, (uint8_t*) bufp, len, 1000);
 236:Core/Src/hts221_read_data_polling.c **** 
 237:Core/Src/hts221_read_data_polling.c ****   return 0;
 238:Core/Src/hts221_read_data_polling.c **** }
 239:Core/Src/hts221_read_data_polling.c **** 
 240:Core/Src/hts221_read_data_polling.c **** /*
 241:Core/Src/hts221_read_data_polling.c ****  * @brief  Read generic device register (platform dependent)
 242:Core/Src/hts221_read_data_polling.c ****  *
 243:Core/Src/hts221_read_data_polling.c ****  * @param  handle    customizable argument. In this examples is used in
 244:Core/Src/hts221_read_data_polling.c ****  *                   order to select the correct sensor bus handler.
 245:Core/Src/hts221_read_data_polling.c ****  * @param  reg       register to read
 246:Core/Src/hts221_read_data_polling.c ****  * @param  bufp      pointer to buffer that store the data read
 247:Core/Src/hts221_read_data_polling.c ****  * @param  len       number of consecutive register to read
 248:Core/Src/hts221_read_data_polling.c ****  *
 249:Core/Src/hts221_read_data_polling.c ****  */
 250:Core/Src/hts221_read_data_polling.c **** static int32_t platform_read(void *handle, uint8_t reg, uint8_t *bufp,
 251:Core/Src/hts221_read_data_polling.c ****                              uint16_t len)
 252:Core/Src/hts221_read_data_polling.c **** {
 253:Core/Src/hts221_read_data_polling.c **** 
 254:Core/Src/hts221_read_data_polling.c ****   /* Read multiple command */
 255:Core/Src/hts221_read_data_polling.c ****   reg |= 0x80;
 256:Core/Src/hts221_read_data_polling.c ****   HAL_I2C_Mem_Read(handle, HTS221_I2C_ADDRESS, reg,
 257:Core/Src/hts221_read_data_polling.c ****                    I2C_MEMADD_SIZE_8BIT, bufp, len, 1000);
ARM GAS  /tmp/ccQbP6VS.s 			page 6


 258:Core/Src/hts221_read_data_polling.c **** 
 259:Core/Src/hts221_read_data_polling.c ****   return 0;
 260:Core/Src/hts221_read_data_polling.c **** }
 261:Core/Src/hts221_read_data_polling.c **** 
 262:Core/Src/hts221_read_data_polling.c **** /*
 263:Core/Src/hts221_read_data_polling.c ****  * @brief  Write generic device register (platform dependent)
 264:Core/Src/hts221_read_data_polling.c ****  *
 265:Core/Src/hts221_read_data_polling.c ****  * @param  tx_buffer     buffer to transmit
 266:Core/Src/hts221_read_data_polling.c ****  * @param  len           number of byte to send
 267:Core/Src/hts221_read_data_polling.c ****  *
 268:Core/Src/hts221_read_data_polling.c ****  */
 269:Core/Src/hts221_read_data_polling.c **** 
 270:Core/Src/hts221_read_data_polling.c **** 
 271:Core/Src/hts221_read_data_polling.c **** /*
 272:Core/Src/hts221_read_data_polling.c ****  * @brief  platform specific delay (platform dependent)
 273:Core/Src/hts221_read_data_polling.c ****  *
 274:Core/Src/hts221_read_data_polling.c ****  * @param  ms        delay in ms
 275:Core/Src/hts221_read_data_polling.c ****  *
 276:Core/Src/hts221_read_data_polling.c ****  */
 277:Core/Src/hts221_read_data_polling.c **** static void platform_delay(uint32_t ms)
 278:Core/Src/hts221_read_data_polling.c **** {
  30              		.loc 1 278 1 view -0
  31              		.cfi_startproc
  32              		@ args = 0, pretend = 0, frame = 0
  33              		@ frame_needed = 0, uses_anonymous_args = 0
  34              		@ link register save eliminated.
 279:Core/Src/hts221_read_data_polling.c **** #if defined(NUCLEO_F401RE) | defined(STEVAL_MKI109V3)
 280:Core/Src/hts221_read_data_polling.c ****   HAL_Delay(ms);
 281:Core/Src/hts221_read_data_polling.c **** #elif defined(SPC584B_DIS)
 282:Core/Src/hts221_read_data_polling.c ****   osalThreadDelayMilliseconds(ms);
 283:Core/Src/hts221_read_data_polling.c **** #endif
 284:Core/Src/hts221_read_data_polling.c **** }
  35              		.loc 1 284 1 view .LVU1
  36 0000 7047     		bx	lr
  37              		.cfi_endproc
  38              	.LFE164:
  40              		.section	.text.platform_read,"ax",%progbits
  41              		.align	1
  42              		.syntax unified
  43              		.thumb
  44              		.thumb_func
  46              	platform_read:
  47              	.LVL1:
  48              	.LFB163:
 252:Core/Src/hts221_read_data_polling.c **** 
  49              		.loc 1 252 1 view -0
  50              		.cfi_startproc
  51              		@ args = 0, pretend = 0, frame = 0
  52              		@ frame_needed = 0, uses_anonymous_args = 0
 252:Core/Src/hts221_read_data_polling.c **** 
  53              		.loc 1 252 1 is_stmt 0 view .LVU3
  54 0000 10B5     		push	{r4, lr}
  55              	.LCFI0:
  56              		.cfi_def_cfa_offset 8
  57              		.cfi_offset 4, -8
  58              		.cfi_offset 14, -4
  59 0002 84B0     		sub	sp, sp, #16
ARM GAS  /tmp/ccQbP6VS.s 			page 7


  60              	.LCFI1:
  61              		.cfi_def_cfa_offset 24
 255:Core/Src/hts221_read_data_polling.c ****   HAL_I2C_Mem_Read(handle, HTS221_I2C_ADDRESS, reg,
  62              		.loc 1 255 3 is_stmt 1 view .LVU4
  63              	.LVL2:
 256:Core/Src/hts221_read_data_polling.c ****                    I2C_MEMADD_SIZE_8BIT, bufp, len, 1000);
  64              		.loc 1 256 3 view .LVU5
  65 0004 4FF47A74 		mov	r4, #1000
  66 0008 0294     		str	r4, [sp, #8]
  67 000a 0193     		str	r3, [sp, #4]
  68 000c 0092     		str	r2, [sp]
  69 000e 0123     		movs	r3, #1
  70              	.LVL3:
 256:Core/Src/hts221_read_data_polling.c ****                    I2C_MEMADD_SIZE_8BIT, bufp, len, 1000);
  71              		.loc 1 256 3 is_stmt 0 view .LVU6
  72 0010 41F08002 		orr	r2, r1, #128
  73              	.LVL4:
 256:Core/Src/hts221_read_data_polling.c ****                    I2C_MEMADD_SIZE_8BIT, bufp, len, 1000);
  74              		.loc 1 256 3 view .LVU7
  75 0014 BF21     		movs	r1, #191
  76 0016 FFF7FEFF 		bl	HAL_I2C_Mem_Read
  77              	.LVL5:
 259:Core/Src/hts221_read_data_polling.c **** }
  78              		.loc 1 259 3 is_stmt 1 view .LVU8
 260:Core/Src/hts221_read_data_polling.c **** 
  79              		.loc 1 260 1 is_stmt 0 view .LVU9
  80 001a 0020     		movs	r0, #0
  81 001c 04B0     		add	sp, sp, #16
  82              	.LCFI2:
  83              		.cfi_def_cfa_offset 8
  84              		@ sp needed
  85 001e 10BD     		pop	{r4, pc}
  86              		.cfi_endproc
  87              	.LFE163:
  89              		.section	.text.platform_write,"ax",%progbits
  90              		.align	1
  91              		.syntax unified
  92              		.thumb
  93              		.thumb_func
  95              	platform_write:
  96              	.LVL6:
  97              	.LFB162:
 230:Core/Src/hts221_read_data_polling.c **** 
  98              		.loc 1 230 1 is_stmt 1 view -0
  99              		.cfi_startproc
 100              		@ args = 0, pretend = 0, frame = 0
 101              		@ frame_needed = 0, uses_anonymous_args = 0
 230:Core/Src/hts221_read_data_polling.c **** 
 102              		.loc 1 230 1 is_stmt 0 view .LVU11
 103 0000 10B5     		push	{r4, lr}
 104              	.LCFI3:
 105              		.cfi_def_cfa_offset 8
 106              		.cfi_offset 4, -8
 107              		.cfi_offset 14, -4
 108 0002 84B0     		sub	sp, sp, #16
 109              	.LCFI4:
 110              		.cfi_def_cfa_offset 24
ARM GAS  /tmp/ccQbP6VS.s 			page 8


 233:Core/Src/hts221_read_data_polling.c ****   HAL_I2C_Mem_Write(handle, HTS221_I2C_ADDRESS, reg,
 111              		.loc 1 233 3 is_stmt 1 view .LVU12
 112              	.LVL7:
 234:Core/Src/hts221_read_data_polling.c ****                     I2C_MEMADD_SIZE_8BIT, (uint8_t*) bufp, len, 1000);
 113              		.loc 1 234 3 view .LVU13
 114 0004 4FF47A74 		mov	r4, #1000
 115 0008 0294     		str	r4, [sp, #8]
 116 000a 0193     		str	r3, [sp, #4]
 117 000c 0092     		str	r2, [sp]
 118 000e 0123     		movs	r3, #1
 119              	.LVL8:
 234:Core/Src/hts221_read_data_polling.c ****                     I2C_MEMADD_SIZE_8BIT, (uint8_t*) bufp, len, 1000);
 120              		.loc 1 234 3 is_stmt 0 view .LVU14
 121 0010 41F08002 		orr	r2, r1, #128
 122              	.LVL9:
 234:Core/Src/hts221_read_data_polling.c ****                     I2C_MEMADD_SIZE_8BIT, (uint8_t*) bufp, len, 1000);
 123              		.loc 1 234 3 view .LVU15
 124 0014 BF21     		movs	r1, #191
 125 0016 FFF7FEFF 		bl	HAL_I2C_Mem_Write
 126              	.LVL10:
 237:Core/Src/hts221_read_data_polling.c **** }
 127              		.loc 1 237 3 is_stmt 1 view .LVU16
 238:Core/Src/hts221_read_data_polling.c **** 
 128              		.loc 1 238 1 is_stmt 0 view .LVU17
 129 001a 0020     		movs	r0, #0
 130 001c 04B0     		add	sp, sp, #16
 131              	.LCFI5:
 132              		.cfi_def_cfa_offset 8
 133              		@ sp needed
 134 001e 10BD     		pop	{r4, pc}
 135              		.cfi_endproc
 136              	.LFE162:
 138              		.section	.text.linear_interpolation,"ax",%progbits
 139              		.align	1
 140              		.global	linear_interpolation
 141              		.syntax unified
 142              		.thumb
 143              		.thumb_func
 145              	linear_interpolation:
 146              	.LVL11:
 147              	.LFB160:
 143:Core/Src/hts221_read_data_polling.c ****   return ((lin->y1 - lin->y0) * x + ((lin->x1 * lin->y0) -
 148              		.loc 1 143 1 is_stmt 1 view -0
 149              		.cfi_startproc
 150              		@ args = 0, pretend = 0, frame = 0
 151              		@ frame_needed = 0, uses_anonymous_args = 0
 152              		@ link register save eliminated.
 143:Core/Src/hts221_read_data_polling.c ****   return ((lin->y1 - lin->y0) * x + ((lin->x1 * lin->y0) -
 153              		.loc 1 143 1 is_stmt 0 view .LVU19
 154 0000 07EE901A 		vmov	s15, r1	@ int
 144:Core/Src/hts221_read_data_polling.c ****                                      (lin->x0 * lin->y1)))
 155              		.loc 1 144 3 is_stmt 1 view .LVU20
 144:Core/Src/hts221_read_data_polling.c ****                                      (lin->x0 * lin->y1)))
 156              		.loc 1 144 15 is_stmt 0 view .LVU21
 157 0004 D0ED036A 		vldr.32	s13, [r0, #12]
 144:Core/Src/hts221_read_data_polling.c ****                                      (lin->x0 * lin->y1)))
 158              		.loc 1 144 25 view .LVU22
ARM GAS  /tmp/ccQbP6VS.s 			page 9


 159 0008 90ED017A 		vldr.32	s14, [r0, #4]
 144:Core/Src/hts221_read_data_polling.c ****                                      (lin->x0 * lin->y1)))
 160              		.loc 1 144 20 view .LVU23
 161 000c 36EEC76A 		vsub.f32	s12, s13, s14
 144:Core/Src/hts221_read_data_polling.c ****                                      (lin->x0 * lin->y1)))
 162              		.loc 1 144 31 view .LVU24
 163 0010 F8EEE77A 		vcvt.f32.s32	s15, s15
 164 0014 67EE867A 		vmul.f32	s15, s15, s12
 144:Core/Src/hts221_read_data_polling.c ****                                      (lin->x0 * lin->y1)))
 165              		.loc 1 144 42 view .LVU25
 166 0018 90ED020A 		vldr.32	s0, [r0, #8]
 144:Core/Src/hts221_read_data_polling.c ****                                      (lin->x0 * lin->y1)))
 167              		.loc 1 144 47 view .LVU26
 168 001c 27EE007A 		vmul.f32	s14, s14, s0
 145:Core/Src/hts221_read_data_polling.c ****          / (lin->x1 - lin->x0);
 169              		.loc 1 145 42 view .LVU27
 170 0020 90ED006A 		vldr.32	s12, [r0]
 145:Core/Src/hts221_read_data_polling.c ****          / (lin->x1 - lin->x0);
 171              		.loc 1 145 47 view .LVU28
 172 0024 66EE866A 		vmul.f32	s13, s13, s12
 144:Core/Src/hts221_read_data_polling.c ****                                      (lin->x0 * lin->y1)))
 173              		.loc 1 144 58 view .LVU29
 174 0028 37EE667A 		vsub.f32	s14, s14, s13
 144:Core/Src/hts221_read_data_polling.c ****                                      (lin->x0 * lin->y1)))
 175              		.loc 1 144 35 view .LVU30
 176 002c 77EE877A 		vadd.f32	s15, s15, s14
 146:Core/Src/hts221_read_data_polling.c **** }
 177              		.loc 1 146 21 view .LVU31
 178 0030 30EE460A 		vsub.f32	s0, s0, s12
 147:Core/Src/hts221_read_data_polling.c **** void hts221_read_data_polling(float_t *humidity_out, float_t *temperature_out)
 179              		.loc 1 147 1 view .LVU32
 180 0034 87EE800A 		vdiv.f32	s0, s15, s0
 181 0038 7047     		bx	lr
 182              		.cfi_endproc
 183              	.LFE160:
 185              		.section	.rodata.hts221_read_data_polling.str1.4,"aMS",%progbits,1
 186              		.align	2
 187              	.LC0:
 188 0000 48545332 		.ascii	"HTS221 not found\015\000"
 188      3231206E 
 188      6F742066 
 188      6F756E64 
 188      0D00
 189              		.global	__aeabi_f2d
 190 0012 0000     		.align	2
 191              	.LC1:
 192 0014 48756D69 		.ascii	"Humidity [%%]:%3.2f\015\012\000"
 192      64697479 
 192      205B2525 
 192      5D3A2533 
 192      2E32660D 
 193 002a 0000     		.align	2
 194              	.LC2:
 195 002c 54656D70 		.ascii	"Temperature [degC]:%6.2f\015\012\000"
 195      65726174 
 195      75726520 
 195      5B646567 
ARM GAS  /tmp/ccQbP6VS.s 			page 10


 195      435D3A25 
 196              		.section	.text.hts221_read_data_polling,"ax",%progbits
 197              		.align	1
 198              		.global	hts221_read_data_polling
 199              		.syntax unified
 200              		.thumb
 201              		.thumb_func
 203              	hts221_read_data_polling:
 204              	.LVL12:
 205              	.LFB161:
 149:Core/Src/hts221_read_data_polling.c ****   if ((humidity_out == NULL) || (temperature_out == NULL)) {
 206              		.loc 1 149 1 is_stmt 1 view -0
 207              		.cfi_startproc
 208              		@ args = 0, pretend = 0, frame = 56
 209              		@ frame_needed = 0, uses_anonymous_args = 0
 150:Core/Src/hts221_read_data_polling.c ****     return;
 210              		.loc 1 150 3 view .LVU34
 150:Core/Src/hts221_read_data_polling.c ****     return;
 211              		.loc 1 150 6 is_stmt 0 view .LVU35
 212 0000 0028     		cmp	r0, #0
 213 0002 00F09D80 		beq	.L19
 149:Core/Src/hts221_read_data_polling.c ****   if ((humidity_out == NULL) || (temperature_out == NULL)) {
 214              		.loc 1 149 1 view .LVU36
 215 0006 70B5     		push	{r4, r5, r6, lr}
 216              	.LCFI6:
 217              		.cfi_def_cfa_offset 16
 218              		.cfi_offset 4, -16
 219              		.cfi_offset 5, -12
 220              		.cfi_offset 6, -8
 221              		.cfi_offset 14, -4
 222 0008 8EB0     		sub	sp, sp, #56
 223              	.LCFI7:
 224              		.cfi_def_cfa_offset 72
 225 000a 0C46     		mov	r4, r1
 226 000c 0646     		mov	r6, r0
 150:Core/Src/hts221_read_data_polling.c ****     return;
 227              		.loc 1 150 30 discriminator 1 view .LVU37
 228 000e B9B1     		cbz	r1, .L7
 155:Core/Src/hts221_read_data_polling.c ****   /* Initialize mems driver interface */
 229              		.loc 1 155 3 is_stmt 1 view .LVU38
 157:Core/Src/hts221_read_data_polling.c ****   dev_ctx.write_reg = platform_write;
 230              		.loc 1 157 3 view .LVU39
 158:Core/Src/hts221_read_data_polling.c ****   dev_ctx.read_reg = platform_read;
 231              		.loc 1 158 3 view .LVU40
 158:Core/Src/hts221_read_data_polling.c ****   dev_ctx.read_reg = platform_read;
 232              		.loc 1 158 21 is_stmt 0 view .LVU41
 233 0010 4C4B     		ldr	r3, .L23
 234 0012 0993     		str	r3, [sp, #36]
 159:Core/Src/hts221_read_data_polling.c ****   dev_ctx.mdelay = platform_delay;
 235              		.loc 1 159 3 is_stmt 1 view .LVU42
 159:Core/Src/hts221_read_data_polling.c ****   dev_ctx.mdelay = platform_delay;
 236              		.loc 1 159 20 is_stmt 0 view .LVU43
 237 0014 4C4B     		ldr	r3, .L23+4
 238 0016 0A93     		str	r3, [sp, #40]
 160:Core/Src/hts221_read_data_polling.c ****   dev_ctx.handle = &SENSOR_BUS;
 239              		.loc 1 160 3 is_stmt 1 view .LVU44
 160:Core/Src/hts221_read_data_polling.c ****   dev_ctx.handle = &SENSOR_BUS;
ARM GAS  /tmp/ccQbP6VS.s 			page 11


 240              		.loc 1 160 18 is_stmt 0 view .LVU45
 241 0018 4C4B     		ldr	r3, .L23+8
 242 001a 0B93     		str	r3, [sp, #44]
 161:Core/Src/hts221_read_data_polling.c ****   /* Check device ID */
 243              		.loc 1 161 3 is_stmt 1 view .LVU46
 161:Core/Src/hts221_read_data_polling.c ****   /* Check device ID */
 244              		.loc 1 161 18 is_stmt 0 view .LVU47
 245 001c 4C4B     		ldr	r3, .L23+12
 246 001e 0C93     		str	r3, [sp, #48]
 163:Core/Src/hts221_read_data_polling.c ****   hts221_device_id_get(&dev_ctx, &whoamI);
 247              		.loc 1 163 3 is_stmt 1 view .LVU48
 163:Core/Src/hts221_read_data_polling.c ****   hts221_device_id_get(&dev_ctx, &whoamI);
 248              		.loc 1 163 10 is_stmt 0 view .LVU49
 249 0020 4C4D     		ldr	r5, .L23+16
 250 0022 0023     		movs	r3, #0
 251 0024 2B70     		strb	r3, [r5]
 164:Core/Src/hts221_read_data_polling.c **** 
 252              		.loc 1 164 3 is_stmt 1 view .LVU50
 253 0026 2946     		mov	r1, r5
 254              	.LVL13:
 164:Core/Src/hts221_read_data_polling.c **** 
 255              		.loc 1 164 3 is_stmt 0 view .LVU51
 256 0028 09A8     		add	r0, sp, #36
 257              	.LVL14:
 164:Core/Src/hts221_read_data_polling.c **** 
 258              		.loc 1 164 3 view .LVU52
 259 002a FFF7FEFF 		bl	hts221_device_id_get
 260              	.LVL15:
 166:Core/Src/hts221_read_data_polling.c ****     *humidity_out = 0.0f;
 261              		.loc 1 166 3 is_stmt 1 view .LVU53
 166:Core/Src/hts221_read_data_polling.c ****     *humidity_out = 0.0f;
 262              		.loc 1 166 14 is_stmt 0 view .LVU54
 263 002e 2B78     		ldrb	r3, [r5]	@ zero_extendqisi2
 166:Core/Src/hts221_read_data_polling.c ****     *humidity_out = 0.0f;
 264              		.loc 1 166 6 view .LVU55
 265 0030 BC2B     		cmp	r3, #188
 266 0032 07D0     		beq	.L9
 167:Core/Src/hts221_read_data_polling.c ****     *temperature_out = 0.0f;
 267              		.loc 1 167 5 is_stmt 1 view .LVU56
 167:Core/Src/hts221_read_data_polling.c ****     *temperature_out = 0.0f;
 268              		.loc 1 167 19 is_stmt 0 view .LVU57
 269 0034 0023     		movs	r3, #0
 270 0036 3360     		str	r3, [r6]	@ float
 168:Core/Src/hts221_read_data_polling.c ****     printf("HTS221 not found\r\n");
 271              		.loc 1 168 5 is_stmt 1 view .LVU58
 168:Core/Src/hts221_read_data_polling.c ****     printf("HTS221 not found\r\n");
 272              		.loc 1 168 22 is_stmt 0 view .LVU59
 273 0038 2360     		str	r3, [r4]	@ float
 169:Core/Src/hts221_read_data_polling.c ****     return;
 274              		.loc 1 169 5 is_stmt 1 view .LVU60
 275 003a 4748     		ldr	r0, .L23+20
 276 003c FFF7FEFF 		bl	puts
 277              	.LVL16:
 170:Core/Src/hts221_read_data_polling.c ****   }
 278              		.loc 1 170 5 view .LVU61
 279              	.L7:
 216:Core/Src/hts221_read_data_polling.c **** 
ARM GAS  /tmp/ccQbP6VS.s 			page 12


 280              		.loc 1 216 1 is_stmt 0 view .LVU62
 281 0040 0EB0     		add	sp, sp, #56
 282              	.LCFI8:
 283              		.cfi_remember_state
 284              		.cfi_def_cfa_offset 16
 285              		@ sp needed
 286 0042 70BD     		pop	{r4, r5, r6, pc}
 287              	.LVL17:
 288              	.L9:
 289              	.LCFI9:
 290              		.cfi_restore_state
 174:Core/Src/hts221_read_data_polling.c ****   hts221_hum_adc_point_0_get(&dev_ctx, &lin_hum.x0);
 291              		.loc 1 174 3 is_stmt 1 view .LVU63
 175:Core/Src/hts221_read_data_polling.c ****   hts221_hum_rh_point_0_get(&dev_ctx, &lin_hum.y0);
 292              		.loc 1 175 3 view .LVU64
 293 0044 05A9     		add	r1, sp, #20
 294 0046 09A8     		add	r0, sp, #36
 295 0048 FFF7FEFF 		bl	hts221_hum_adc_point_0_get
 296              	.LVL18:
 176:Core/Src/hts221_read_data_polling.c ****   hts221_hum_adc_point_1_get(&dev_ctx, &lin_hum.x1);
 297              		.loc 1 176 3 view .LVU65
 298 004c 06A9     		add	r1, sp, #24
 299 004e 09A8     		add	r0, sp, #36
 300 0050 FFF7FEFF 		bl	hts221_hum_rh_point_0_get
 301              	.LVL19:
 177:Core/Src/hts221_read_data_polling.c ****   hts221_hum_rh_point_1_get(&dev_ctx, &lin_hum.y1);
 302              		.loc 1 177 3 view .LVU66
 303 0054 07A9     		add	r1, sp, #28
 304 0056 09A8     		add	r0, sp, #36
 305 0058 FFF7FEFF 		bl	hts221_hum_adc_point_1_get
 306              	.LVL20:
 178:Core/Src/hts221_read_data_polling.c ****   /* Read temperature calibration coefficient */
 307              		.loc 1 178 3 view .LVU67
 308 005c 08A9     		add	r1, sp, #32
 309 005e 09A8     		add	r0, sp, #36
 310 0060 FFF7FEFF 		bl	hts221_hum_rh_point_1_get
 311              	.LVL21:
 180:Core/Src/hts221_read_data_polling.c ****   hts221_temp_adc_point_0_get(&dev_ctx, &lin_temp.x0);
 312              		.loc 1 180 3 view .LVU68
 181:Core/Src/hts221_read_data_polling.c ****   hts221_temp_deg_point_0_get(&dev_ctx, &lin_temp.y0);
 313              		.loc 1 181 3 view .LVU69
 314 0064 01A9     		add	r1, sp, #4
 315 0066 09A8     		add	r0, sp, #36
 316 0068 FFF7FEFF 		bl	hts221_temp_adc_point_0_get
 317              	.LVL22:
 182:Core/Src/hts221_read_data_polling.c ****   hts221_temp_adc_point_1_get(&dev_ctx, &lin_temp.x1);
 318              		.loc 1 182 3 view .LVU70
 319 006c 02A9     		add	r1, sp, #8
 320 006e 09A8     		add	r0, sp, #36
 321 0070 FFF7FEFF 		bl	hts221_temp_deg_point_0_get
 322              	.LVL23:
 183:Core/Src/hts221_read_data_polling.c ****   hts221_temp_deg_point_1_get(&dev_ctx, &lin_temp.y1);
 323              		.loc 1 183 3 view .LVU71
 324 0074 03A9     		add	r1, sp, #12
 325 0076 09A8     		add	r0, sp, #36
 326 0078 FFF7FEFF 		bl	hts221_temp_adc_point_1_get
 327              	.LVL24:
ARM GAS  /tmp/ccQbP6VS.s 			page 13


 184:Core/Src/hts221_read_data_polling.c ****   /* Enable Block Data Update */
 328              		.loc 1 184 3 view .LVU72
 329 007c 04A9     		add	r1, sp, #16
 330 007e 09A8     		add	r0, sp, #36
 331 0080 FFF7FEFF 		bl	hts221_temp_deg_point_1_get
 332              	.LVL25:
 186:Core/Src/hts221_read_data_polling.c ****   /* Set Output Data Rate */
 333              		.loc 1 186 3 view .LVU73
 334 0084 0121     		movs	r1, #1
 335 0086 09A8     		add	r0, sp, #36
 336 0088 FFF7FEFF 		bl	hts221_block_data_update_set
 337              	.LVL26:
 188:Core/Src/hts221_read_data_polling.c ****   /* Device power on */
 338              		.loc 1 188 3 view .LVU74
 339 008c 0121     		movs	r1, #1
 340 008e 09A8     		add	r0, sp, #36
 341 0090 FFF7FEFF 		bl	hts221_data_rate_set
 342              	.LVL27:
 190:Core/Src/hts221_read_data_polling.c **** 
 343              		.loc 1 190 3 view .LVU75
 344 0094 0121     		movs	r1, #1
 345 0096 09A8     		add	r0, sp, #36
 346 0098 FFF7FEFF 		bl	hts221_power_on_set
 347              	.LVL28:
 348              	.L10:
 193:Core/Src/hts221_read_data_polling.c ****   do {
 349              		.loc 1 193 3 view .LVU76
 194:Core/Src/hts221_read_data_polling.c ****     hts221_status_get(&dev_ctx, &status);
 350              		.loc 1 194 3 view .LVU77
 195:Core/Src/hts221_read_data_polling.c ****   } while (!status.h_da || !status.t_da);  // wait until both are ready
 351              		.loc 1 195 5 view .LVU78
 352 009c 6946     		mov	r1, sp
 353 009e 09A8     		add	r0, sp, #36
 354 00a0 FFF7FEFF 		bl	hts221_status_get
 355              	.LVL29:
 196:Core/Src/hts221_read_data_polling.c **** 
 356              		.loc 1 196 25 discriminator 1 view .LVU79
 357 00a4 9DF80030 		ldrb	r3, [sp]	@ zero_extendqisi2
 358 00a8 03F00303 		and	r3, r3, #3
 359 00ac 032B     		cmp	r3, #3
 360 00ae F5D1     		bne	.L10
 199:Core/Src/hts221_read_data_polling.c ****   hts221_humidity_raw_get(&dev_ctx, &data_raw_humidity);
 361              		.loc 1 199 3 view .LVU80
 362 00b0 2A4D     		ldr	r5, .L23+24
 363 00b2 0023     		movs	r3, #0
 364 00b4 2B80     		strh	r3, [r5]	@ movhi
 200:Core/Src/hts221_read_data_polling.c ****   humidity_perc = linear_interpolation(&lin_hum, data_raw_humidity);
 365              		.loc 1 200 3 view .LVU81
 366 00b6 2946     		mov	r1, r5
 367 00b8 09A8     		add	r0, sp, #36
 368 00ba FFF7FEFF 		bl	hts221_humidity_raw_get
 369              	.LVL30:
 201:Core/Src/hts221_read_data_polling.c **** 
 370              		.loc 1 201 3 view .LVU82
 201:Core/Src/hts221_read_data_polling.c **** 
 371              		.loc 1 201 19 is_stmt 0 view .LVU83
 372 00be B5F90010 		ldrsh	r1, [r5]
ARM GAS  /tmp/ccQbP6VS.s 			page 14


 373 00c2 05A8     		add	r0, sp, #20
 374 00c4 FFF7FEFF 		bl	linear_interpolation
 375              	.LVL31:
 201:Core/Src/hts221_read_data_polling.c **** 
 376              		.loc 1 201 17 discriminator 1 view .LVU84
 377 00c8 254B     		ldr	r3, .L23+28
 378 00ca 83ED000A 		vstr.32	s0, [r3]
 203:Core/Src/hts221_read_data_polling.c ****   if (humidity_perc > 100) humidity_perc = 100;
 379              		.loc 1 203 3 is_stmt 1 view .LVU85
 203:Core/Src/hts221_read_data_polling.c ****   if (humidity_perc > 100) humidity_perc = 100;
 380              		.loc 1 203 6 is_stmt 0 view .LVU86
 381 00ce B5EEC00A 		vcmpe.f32	s0, #0
 382 00d2 F1EE10FA 		vmrs	APSR_nzcv, FPSCR
 383 00d6 30D4     		bmi	.L22
 384              	.L11:
 204:Core/Src/hts221_read_data_polling.c **** 
 385              		.loc 1 204 3 is_stmt 1 view .LVU87
 204:Core/Src/hts221_read_data_polling.c **** 
 386              		.loc 1 204 21 is_stmt 0 view .LVU88
 387 00d8 214B     		ldr	r3, .L23+28
 388 00da 93ED007A 		vldr.32	s14, [r3]
 204:Core/Src/hts221_read_data_polling.c **** 
 389              		.loc 1 204 6 view .LVU89
 390 00de DFED217A 		vldr.32	s15, .L23+32
 391 00e2 B4EEE77A 		vcmpe.f32	s14, s15
 392 00e6 F1EE10FA 		vmrs	APSR_nzcv, FPSCR
 393 00ea 01DD     		ble	.L13
 204:Core/Src/hts221_read_data_polling.c **** 
 394              		.loc 1 204 28 is_stmt 1 discriminator 1 view .LVU90
 204:Core/Src/hts221_read_data_polling.c **** 
 395              		.loc 1 204 42 is_stmt 0 discriminator 1 view .LVU91
 396 00ec C3ED007A 		vstr.32	s15, [r3]
 397              	.L13:
 206:Core/Src/hts221_read_data_polling.c **** 
 398              		.loc 1 206 3 is_stmt 1 view .LVU92
 206:Core/Src/hts221_read_data_polling.c **** 
 399              		.loc 1 206 17 is_stmt 0 view .LVU93
 400 00f0 1B4B     		ldr	r3, .L23+28
 401 00f2 1868     		ldr	r0, [r3]	@ float
 402 00f4 3060     		str	r0, [r6]	@ float
 208:Core/Src/hts221_read_data_polling.c **** 
 403              		.loc 1 208 3 is_stmt 1 view .LVU94
 404 00f6 FFF7FEFF 		bl	__aeabi_f2d
 405              	.LVL32:
 406 00fa 0246     		mov	r2, r0
 407 00fc 0B46     		mov	r3, r1
 408 00fe 1A48     		ldr	r0, .L23+36
 409 0100 FFF7FEFF 		bl	printf
 410              	.LVL33:
 211:Core/Src/hts221_read_data_polling.c ****   hts221_temperature_raw_get(&dev_ctx, &data_raw_temperature);
 411              		.loc 1 211 3 view .LVU95
 412 0104 194D     		ldr	r5, .L23+40
 413 0106 0023     		movs	r3, #0
 414 0108 2B80     		strh	r3, [r5]	@ movhi
 212:Core/Src/hts221_read_data_polling.c ****   temperature_degC = linear_interpolation(&lin_temp, data_raw_temperature);
 415              		.loc 1 212 3 view .LVU96
 416 010a 2946     		mov	r1, r5
ARM GAS  /tmp/ccQbP6VS.s 			page 15


 417 010c 09A8     		add	r0, sp, #36
 418 010e FFF7FEFF 		bl	hts221_temperature_raw_get
 419              	.LVL34:
 213:Core/Src/hts221_read_data_polling.c ****   *temperature_out = temperature_degC;
 420              		.loc 1 213 3 view .LVU97
 213:Core/Src/hts221_read_data_polling.c ****   *temperature_out = temperature_degC;
 421              		.loc 1 213 22 is_stmt 0 view .LVU98
 422 0112 B5F90010 		ldrsh	r1, [r5]
 423 0116 01A8     		add	r0, sp, #4
 424 0118 FFF7FEFF 		bl	linear_interpolation
 425              	.LVL35:
 426 011c 10EE100A 		vmov	r0, s0
 213:Core/Src/hts221_read_data_polling.c ****   *temperature_out = temperature_degC;
 427              		.loc 1 213 20 discriminator 1 view .LVU99
 428 0120 134B     		ldr	r3, .L23+44
 429 0122 83ED000A 		vstr.32	s0, [r3]
 214:Core/Src/hts221_read_data_polling.c ****   printf("Temperature [degC]:%6.2f\r\n", temperature_degC);
 430              		.loc 1 214 3 is_stmt 1 view .LVU100
 214:Core/Src/hts221_read_data_polling.c ****   printf("Temperature [degC]:%6.2f\r\n", temperature_degC);
 431              		.loc 1 214 20 is_stmt 0 view .LVU101
 432 0126 84ED000A 		vstr.32	s0, [r4]
 215:Core/Src/hts221_read_data_polling.c **** }
 433              		.loc 1 215 3 is_stmt 1 view .LVU102
 434 012a FFF7FEFF 		bl	__aeabi_f2d
 435              	.LVL36:
 436 012e 0246     		mov	r2, r0
 437 0130 0B46     		mov	r3, r1
 438 0132 1048     		ldr	r0, .L23+48
 439 0134 FFF7FEFF 		bl	printf
 440              	.LVL37:
 441 0138 82E7     		b	.L7
 442              	.L22:
 203:Core/Src/hts221_read_data_polling.c ****   if (humidity_perc > 100) humidity_perc = 100;
 443              		.loc 1 203 28 discriminator 1 view .LVU103
 203:Core/Src/hts221_read_data_polling.c ****   if (humidity_perc > 100) humidity_perc = 100;
 444              		.loc 1 203 42 is_stmt 0 discriminator 1 view .LVU104
 445 013a 0022     		movs	r2, #0
 446 013c 1A60     		str	r2, [r3]	@ float
 447 013e CBE7     		b	.L11
 448              	.LVL38:
 449              	.L19:
 450              	.LCFI10:
 451              		.cfi_def_cfa_offset 0
 452              		.cfi_restore 4
 453              		.cfi_restore 5
 454              		.cfi_restore 6
 455              		.cfi_restore 14
 203:Core/Src/hts221_read_data_polling.c ****   if (humidity_perc > 100) humidity_perc = 100;
 456              		.loc 1 203 42 discriminator 1 view .LVU105
 457 0140 7047     		bx	lr
 458              	.L24:
 459 0142 00BF     		.align	2
 460              	.L23:
 461 0144 00000000 		.word	platform_write
 462 0148 00000000 		.word	platform_read
 463 014c 00000000 		.word	platform_delay
 464 0150 00000000 		.word	hi2c1
ARM GAS  /tmp/ccQbP6VS.s 			page 16


 465 0154 00000000 		.word	whoamI
 466 0158 00000000 		.word	.LC0
 467 015c 00000000 		.word	data_raw_humidity
 468 0160 00000000 		.word	humidity_perc
 469 0164 0000C842 		.word	1120403456
 470 0168 14000000 		.word	.LC1
 471 016c 00000000 		.word	data_raw_temperature
 472 0170 00000000 		.word	temperature_degC
 473 0174 2C000000 		.word	.LC2
 474              		.cfi_endproc
 475              	.LFE161:
 477              		.section	.bss.whoamI,"aw",%nobits
 480              	whoamI:
 481 0000 00       		.space	1
 482              		.section	.bss.temperature_degC,"aw",%nobits
 483              		.align	2
 486              	temperature_degC:
 487 0000 00000000 		.space	4
 488              		.section	.bss.humidity_perc,"aw",%nobits
 489              		.align	2
 492              	humidity_perc:
 493 0000 00000000 		.space	4
 494              		.section	.bss.data_raw_temperature,"aw",%nobits
 495              		.align	1
 498              	data_raw_temperature:
 499 0000 0000     		.space	2
 500              		.section	.bss.data_raw_humidity,"aw",%nobits
 501              		.align	1
 504              	data_raw_humidity:
 505 0000 0000     		.space	2
 506              		.text
 507              	.Letext0:
 508              		.file 2 "/opt/st/stm32cubeclt_1.20.0/GNU-tools-for-STM32/arm-none-eabi/include/machine/_default_ty
 509              		.file 3 "/opt/st/stm32cubeclt_1.20.0/GNU-tools-for-STM32/arm-none-eabi/include/sys/_stdint.h"
 510              		.file 4 "/opt/st/stm32cubeclt_1.20.0/GNU-tools-for-STM32/arm-none-eabi/include/math.h"
 511              		.file 5 "Drivers/STMems/hts221_reg.h"
 512              		.file 6 "Drivers/CMSIS/Device/ST/STM32U5xx/Include/stm32u545xx.h"
 513              		.file 7 "Drivers/STM32U5xx_HAL_Driver/Inc/stm32u5xx_hal_def.h"
 514              		.file 8 "Drivers/STM32U5xx_HAL_Driver/Inc/stm32u5xx_hal_dma.h"
 515              		.file 9 "Drivers/STM32U5xx_HAL_Driver/Inc/stm32u5xx_hal_dma_ex.h"
 516              		.file 10 "Drivers/STM32U5xx_HAL_Driver/Inc/stm32u5xx_hal_i2c.h"
 517              		.file 11 "/opt/st/stm32cubeclt_1.20.0/GNU-tools-for-STM32/arm-none-eabi/include/stdio.h"
 518              		.file 12 "<built-in>"
ARM GAS  /tmp/ccQbP6VS.s 			page 17


DEFINED SYMBOLS
                            *ABS*:00000000 hts221_read_data_polling.c
     /tmp/ccQbP6VS.s:22     .text.platform_delay:00000000 $t
     /tmp/ccQbP6VS.s:27     .text.platform_delay:00000000 platform_delay
     /tmp/ccQbP6VS.s:41     .text.platform_read:00000000 $t
     /tmp/ccQbP6VS.s:46     .text.platform_read:00000000 platform_read
     /tmp/ccQbP6VS.s:90     .text.platform_write:00000000 $t
     /tmp/ccQbP6VS.s:95     .text.platform_write:00000000 platform_write
     /tmp/ccQbP6VS.s:139    .text.linear_interpolation:00000000 $t
     /tmp/ccQbP6VS.s:145    .text.linear_interpolation:00000000 linear_interpolation
     /tmp/ccQbP6VS.s:186    .rodata.hts221_read_data_polling.str1.4:00000000 $d
     /tmp/ccQbP6VS.s:197    .text.hts221_read_data_polling:00000000 $t
     /tmp/ccQbP6VS.s:203    .text.hts221_read_data_polling:00000000 hts221_read_data_polling
     /tmp/ccQbP6VS.s:461    .text.hts221_read_data_polling:00000144 $d
     /tmp/ccQbP6VS.s:480    .bss.whoamI:00000000 whoamI
     /tmp/ccQbP6VS.s:504    .bss.data_raw_humidity:00000000 data_raw_humidity
     /tmp/ccQbP6VS.s:492    .bss.humidity_perc:00000000 humidity_perc
     /tmp/ccQbP6VS.s:498    .bss.data_raw_temperature:00000000 data_raw_temperature
     /tmp/ccQbP6VS.s:486    .bss.temperature_degC:00000000 temperature_degC
     /tmp/ccQbP6VS.s:481    .bss.whoamI:00000000 $d
     /tmp/ccQbP6VS.s:483    .bss.temperature_degC:00000000 $d
     /tmp/ccQbP6VS.s:489    .bss.humidity_perc:00000000 $d
     /tmp/ccQbP6VS.s:495    .bss.data_raw_temperature:00000000 $d
     /tmp/ccQbP6VS.s:501    .bss.data_raw_humidity:00000000 $d

UNDEFINED SYMBOLS
HAL_I2C_Mem_Read
HAL_I2C_Mem_Write
__aeabi_f2d
hts221_device_id_get
puts
hts221_hum_adc_point_0_get
hts221_hum_rh_point_0_get
hts221_hum_adc_point_1_get
hts221_hum_rh_point_1_get
hts221_temp_adc_point_0_get
hts221_temp_deg_point_0_get
hts221_temp_adc_point_1_get
hts221_temp_deg_point_1_get
hts221_block_data_update_set
hts221_data_rate_set
hts221_power_on_set
hts221_status_get
hts221_humidity_raw_get
printf
hts221_temperature_raw_get
hi2c1
