ARM GAS  /tmp/ccTpxdmB.s 			page 1


   1              		.cpu cortex-m33
   2              		.arch armv8-m.main
   3              		.fpu fpv5-sp-d16
   4              		.arch_extension dsp
   5              		.eabi_attribute 27, 1
   6              		.eabi_attribute 28, 1
   7              		.eabi_attribute 20, 1
   8              		.eabi_attribute 21, 1
   9              		.eabi_attribute 23, 3
  10              		.eabi_attribute 24, 1
  11              		.eabi_attribute 25, 1
  12              		.eabi_attribute 26, 1
  13              		.eabi_attribute 30, 1
  14              		.eabi_attribute 34, 1
  15              		.eabi_attribute 18, 4
  16              		.file	"network_data.c"
  17              		.text
  18              	.Ltext0:
  19              		.cfi_sections	.debug_frame
  20              		.file 1 "X-CUBE-AI/App/network_data.c"
  21              		.section	.text.ai_network_data_activations_buffer_get,"ax",%progbits
  22              		.align	1
  23              		.global	ai_network_data_activations_buffer_get
  24              		.syntax unified
  25              		.thumb
  26              		.thumb_func
  28              	ai_network_data_activations_buffer_get:
  29              	.LVL0:
  30              	.LFB0:
   1:X-CUBE-AI/App/network_data.c **** /**
   2:X-CUBE-AI/App/network_data.c ****   ******************************************************************************
   3:X-CUBE-AI/App/network_data.c ****   * @file    network_data.c
   4:X-CUBE-AI/App/network_data.c ****   * @author  AST Embedded Analytics Research Platform
   5:X-CUBE-AI/App/network_data.c ****   * @date    2026-04-20T16:12:20+0200
   6:X-CUBE-AI/App/network_data.c ****   * @brief   AI Tool Automatic Code Generator for Embedded NN computing
   7:X-CUBE-AI/App/network_data.c ****   ******************************************************************************
   8:X-CUBE-AI/App/network_data.c ****   * @attention
   9:X-CUBE-AI/App/network_data.c ****   *
  10:X-CUBE-AI/App/network_data.c ****   * Copyright (c) 2026 STMicroelectronics.
  11:X-CUBE-AI/App/network_data.c ****   * All rights reserved.
  12:X-CUBE-AI/App/network_data.c ****   *
  13:X-CUBE-AI/App/network_data.c ****   * This software is licensed under terms that can be found in the LICENSE file
  14:X-CUBE-AI/App/network_data.c ****   * in the root directory of this software component.
  15:X-CUBE-AI/App/network_data.c ****   * If no LICENSE file comes with this software, it is provided AS-IS.
  16:X-CUBE-AI/App/network_data.c ****   ******************************************************************************
  17:X-CUBE-AI/App/network_data.c ****   */
  18:X-CUBE-AI/App/network_data.c **** #include "network_data.h"
  19:X-CUBE-AI/App/network_data.c **** #include "ai_platform_interface.h"
  20:X-CUBE-AI/App/network_data.c **** 
  21:X-CUBE-AI/App/network_data.c **** AI_API_DECLARE_BEGIN
  22:X-CUBE-AI/App/network_data.c **** ai_buffer g_network_data_map_activations[AI_NETWORK_DATA_ACTIVATIONS_COUNT] = {
  23:X-CUBE-AI/App/network_data.c ****   AI_BUFFER_INIT(AI_FLAG_NONE,  AI_BUFFER_FORMAT_U8,
  24:X-CUBE-AI/App/network_data.c ****     AI_BUFFER_SHAPE_INIT(AI_SHAPE_BCWH, 4, 1, 1792, 1, 1),
  25:X-CUBE-AI/App/network_data.c ****     1792, NULL, NULL),    /* heap_overlay_pool */
  26:X-CUBE-AI/App/network_data.c ****   };
  27:X-CUBE-AI/App/network_data.c **** ai_buffer g_network_data_map_weights[AI_NETWORK_DATA_WEIGHTS_COUNT] = {
  28:X-CUBE-AI/App/network_data.c ****   AI_BUFFER_INIT(AI_FLAG_NONE,  AI_BUFFER_FORMAT_U8,
ARM GAS  /tmp/ccTpxdmB.s 			page 2


  29:X-CUBE-AI/App/network_data.c ****     AI_BUFFER_SHAPE_INIT(AI_SHAPE_BCWH, 4, 1, 385204, 1, 1),
  30:X-CUBE-AI/App/network_data.c ****     385204, NULL, s_network_weights_array_u64),   /* weights_array */
  31:X-CUBE-AI/App/network_data.c ****   };
  32:X-CUBE-AI/App/network_data.c **** 
  33:X-CUBE-AI/App/network_data.c **** 
  34:X-CUBE-AI/App/network_data.c **** /*!
  35:X-CUBE-AI/App/network_data.c ****  * @brief Get network activations buffer initialized struct.
  36:X-CUBE-AI/App/network_data.c ****  * @ingroup network_data
  37:X-CUBE-AI/App/network_data.c ****  * @param[in] ptr a pointer to the activations array storage area
  38:X-CUBE-AI/App/network_data.c ****  * @return an ai_buffer initialized struct
  39:X-CUBE-AI/App/network_data.c ****  */
  40:X-CUBE-AI/App/network_data.c **** AI_DEPRECATED
  41:X-CUBE-AI/App/network_data.c **** AI_API_ENTRY
  42:X-CUBE-AI/App/network_data.c **** ai_buffer ai_network_data_activations_buffer_get(const ai_handle ptr)
  43:X-CUBE-AI/App/network_data.c **** {
  31              		.loc 1 43 1 view -0
  32              		.cfi_startproc
  33              		@ args = 0, pretend = 0, frame = 16
  34              		@ frame_needed = 0, uses_anonymous_args = 0
  35              		@ link register save eliminated.
  36              		.loc 1 43 1 is_stmt 0 view .LVU1
  37 0000 10B4     		push	{r4}
  38              	.LCFI0:
  39              		.cfi_def_cfa_offset 4
  40              		.cfi_offset 4, -4
  41 0002 85B0     		sub	sp, sp, #20
  42              	.LCFI1:
  43              		.cfi_def_cfa_offset 24
  44 0004 8446     		mov	ip, r0
  44:X-CUBE-AI/App/network_data.c ****   ai_buffer buf = AI_BUFFER_INIT(
  45              		.loc 1 44 3 is_stmt 1 view .LVU2
  46              		.loc 1 44 13 is_stmt 0 view .LVU3
  47 0006 0E4B     		ldr	r3, .L3
  48 0008 0360     		str	r3, [r0]
  49 000a 4160     		str	r1, [r0, #4]
  50 000c 0023     		movs	r3, #0
  51 000e 8360     		str	r3, [r0, #8]
  52 0010 C360     		str	r3, [r0, #12]
  53 0012 4FF4E063 		mov	r3, #1792
  54 0016 0361     		str	r3, [r0, #16]
  55 0018 0123     		movs	r3, #1
  56 001a 0375     		strb	r3, [r0, #20]
  57 001c 4369     		ldr	r3, [r0, #20]
  58 001e 0422     		movs	r2, #4
  59 0020 62F31F23 		bfi	r3, r2, #8, #24
  60 0024 4361     		str	r3, [r0, #20]
  61              		.loc 1 44 19 view .LVU4
  62 0026 074B     		ldr	r3, .L3+4
  63 0028 6C46     		mov	r4, sp
  64 002a 0FCB     		ldm	r3, {r0, r1, r2, r3}
  65              	.LVL1:
  66              		.loc 1 44 19 view .LVU5
  67 002c 84E80F00 		stm	r4, {r0, r1, r2, r3}
  68              		.loc 1 44 13 view .LVU6
  69 0030 CCF81840 		str	r4, [ip, #24]
  45:X-CUBE-AI/App/network_data.c ****     AI_FLAG_NONE, AI_BUFFER_FORMAT_U8,
  46:X-CUBE-AI/App/network_data.c ****     AI_BUFFER_SHAPE_INIT(AI_SHAPE_BCWH, 4, 1, AI_NETWORK_DATA_ACTIVATIONS_SIZE, 1, AI_NETWORK_DATA_
ARM GAS  /tmp/ccTpxdmB.s 			page 3


  47:X-CUBE-AI/App/network_data.c ****     AI_NETWORK_DATA_ACTIVATIONS_SIZE,
  48:X-CUBE-AI/App/network_data.c ****     NULL, ptr);
  49:X-CUBE-AI/App/network_data.c ****   return buf;
  70              		.loc 1 49 3 is_stmt 1 view .LVU7
  50:X-CUBE-AI/App/network_data.c **** }
  71              		.loc 1 50 1 is_stmt 0 view .LVU8
  72 0034 6046     		mov	r0, ip
  73 0036 05B0     		add	sp, sp, #20
  74              	.LCFI2:
  75              		.cfi_def_cfa_offset 4
  76              		@ sp needed
  77 0038 5DF8044B 		ldr	r4, [sp], #4
  78              	.LCFI3:
  79              		.cfi_restore 4
  80              		.cfi_def_cfa_offset 0
  81 003c 7047     		bx	lr
  82              	.L4:
  83 003e 00BF     		.align	2
  84              	.L3:
  85 0040 40040400 		.word	263232
  86 0044 00000000 		.word	.LANCHOR0
  87              		.cfi_endproc
  88              	.LFE0:
  90              		.section	.text.ai_network_data_weights_buffer_get,"ax",%progbits
  91              		.align	1
  92              		.global	ai_network_data_weights_buffer_get
  93              		.syntax unified
  94              		.thumb
  95              		.thumb_func
  97              	ai_network_data_weights_buffer_get:
  98              	.LVL2:
  99              	.LFB1:
  51:X-CUBE-AI/App/network_data.c **** 
  52:X-CUBE-AI/App/network_data.c **** /*!
  53:X-CUBE-AI/App/network_data.c ****  * @brief Get network weights buffer initialized struct.
  54:X-CUBE-AI/App/network_data.c ****  * @ingroup network_data
  55:X-CUBE-AI/App/network_data.c ****  * @param[in] ptr a pointer to the weights array storage area
  56:X-CUBE-AI/App/network_data.c ****  * @return an ai_buffer initialized struct
  57:X-CUBE-AI/App/network_data.c ****  */
  58:X-CUBE-AI/App/network_data.c **** AI_DEPRECATED
  59:X-CUBE-AI/App/network_data.c **** AI_API_ENTRY
  60:X-CUBE-AI/App/network_data.c **** ai_buffer ai_network_data_weights_buffer_get(const ai_handle ptr)
  61:X-CUBE-AI/App/network_data.c **** {
 100              		.loc 1 61 1 is_stmt 1 view -0
 101              		.cfi_startproc
 102              		@ args = 0, pretend = 0, frame = 16
 103              		@ frame_needed = 0, uses_anonymous_args = 0
 104              		@ link register save eliminated.
 105              		.loc 1 61 1 is_stmt 0 view .LVU10
 106 0000 10B4     		push	{r4}
 107              	.LCFI4:
 108              		.cfi_def_cfa_offset 4
 109              		.cfi_offset 4, -4
 110 0002 85B0     		sub	sp, sp, #20
 111              	.LCFI5:
 112              		.cfi_def_cfa_offset 24
 113 0004 8446     		mov	ip, r0
ARM GAS  /tmp/ccTpxdmB.s 			page 4


  62:X-CUBE-AI/App/network_data.c ****   ai_buffer buf = AI_BUFFER_INIT(
 114              		.loc 1 62 3 is_stmt 1 view .LVU11
 115              		.loc 1 62 13 is_stmt 0 view .LVU12
 116 0006 0D4B     		ldr	r3, .L7
 117 0008 0360     		str	r3, [r0]
 118 000a 4160     		str	r1, [r0, #4]
 119 000c 0023     		movs	r3, #0
 120 000e 8360     		str	r3, [r0, #8]
 121 0010 C360     		str	r3, [r0, #12]
 122 0012 0B4B     		ldr	r3, .L7+4
 123 0014 0361     		str	r3, [r0, #16]
 124 0016 0123     		movs	r3, #1
 125 0018 0375     		strb	r3, [r0, #20]
 126 001a 4369     		ldr	r3, [r0, #20]
 127 001c 0422     		movs	r2, #4
 128 001e 62F31F23 		bfi	r3, r2, #8, #24
 129 0022 4361     		str	r3, [r0, #20]
 130              		.loc 1 62 19 view .LVU13
 131 0024 6C46     		mov	r4, sp
 132 0026 074B     		ldr	r3, .L7+8
 133 0028 0FCB     		ldm	r3, {r0, r1, r2, r3}
 134              	.LVL3:
 135              		.loc 1 62 19 view .LVU14
 136 002a 84E80F00 		stm	r4, {r0, r1, r2, r3}
 137              		.loc 1 62 13 view .LVU15
 138 002e CCF81840 		str	r4, [ip, #24]
  63:X-CUBE-AI/App/network_data.c ****     AI_FLAG_NONE, AI_BUFFER_FORMAT_U8|AI_BUFFER_FMT_FLAG_CONST,
  64:X-CUBE-AI/App/network_data.c ****     AI_BUFFER_SHAPE_INIT(AI_SHAPE_BCWH, 4, 1, AI_NETWORK_DATA_WEIGHTS_SIZE, 1, AI_NETWORK_DATA_WEIG
  65:X-CUBE-AI/App/network_data.c ****     AI_NETWORK_DATA_WEIGHTS_SIZE,
  66:X-CUBE-AI/App/network_data.c ****     NULL, ptr);
  67:X-CUBE-AI/App/network_data.c ****   return buf;
 139              		.loc 1 67 3 is_stmt 1 view .LVU16
  68:X-CUBE-AI/App/network_data.c **** }
 140              		.loc 1 68 1 is_stmt 0 view .LVU17
 141 0032 6046     		mov	r0, ip
 142 0034 05B0     		add	sp, sp, #20
 143              	.LCFI6:
 144              		.cfi_def_cfa_offset 4
 145              		@ sp needed
 146 0036 5DF8044B 		ldr	r4, [sp], #4
 147              	.LCFI7:
 148              		.cfi_restore 4
 149              		.cfi_def_cfa_offset 0
 150 003a 7047     		bx	lr
 151              	.L8:
 152              		.align	2
 153              	.L7:
 154 003c 40040440 		.word	1074005056
 155 0040 B4E00500 		.word	385204
 156 0044 10000000 		.word	.LANCHOR0+16
 157              		.cfi_endproc
 158              	.LFE1:
 160              		.section	.text.ai_network_data_weights_get,"ax",%progbits
 161              		.align	1
 162              		.global	ai_network_data_weights_get
 163              		.syntax unified
 164              		.thumb
ARM GAS  /tmp/ccTpxdmB.s 			page 5


 165              		.thumb_func
 167              	ai_network_data_weights_get:
 168              	.LFB2:
  69:X-CUBE-AI/App/network_data.c **** 
  70:X-CUBE-AI/App/network_data.c **** 
  71:X-CUBE-AI/App/network_data.c **** /*!
  72:X-CUBE-AI/App/network_data.c ****  * @brief Get network weights array pointer as a handle ptr.
  73:X-CUBE-AI/App/network_data.c ****  * @ingroup network_data
  74:X-CUBE-AI/App/network_data.c ****  * @return a ai_handle pointer to the weights array
  75:X-CUBE-AI/App/network_data.c ****  */
  76:X-CUBE-AI/App/network_data.c **** AI_DEPRECATED
  77:X-CUBE-AI/App/network_data.c **** AI_API_ENTRY
  78:X-CUBE-AI/App/network_data.c **** ai_handle ai_network_data_weights_get(void)
  79:X-CUBE-AI/App/network_data.c **** {
 169              		.loc 1 79 1 is_stmt 1 view -0
 170              		.cfi_startproc
 171              		@ args = 0, pretend = 0, frame = 0
 172              		@ frame_needed = 0, uses_anonymous_args = 0
 173              		@ link register save eliminated.
  80:X-CUBE-AI/App/network_data.c ****   return AI_HANDLE_PTR(g_network_weights_table);
 174              		.loc 1 80 3 view .LVU19
  81:X-CUBE-AI/App/network_data.c **** 
  82:X-CUBE-AI/App/network_data.c **** }
 175              		.loc 1 82 1 is_stmt 0 view .LVU20
 176 0000 0048     		ldr	r0, .L10
 177 0002 7047     		bx	lr
 178              	.L11:
 179              		.align	2
 180              	.L10:
 181 0004 00000000 		.word	g_network_weights_table
 182              		.cfi_endproc
 183              	.LFE2:
 185              		.section	.text.ai_network_data_params_get,"ax",%progbits
 186              		.align	1
 187              		.global	ai_network_data_params_get
 188              		.syntax unified
 189              		.thumb
 190              		.thumb_func
 192              	ai_network_data_params_get:
 193              	.LVL4:
 194              	.LFB3:
  83:X-CUBE-AI/App/network_data.c **** 
  84:X-CUBE-AI/App/network_data.c **** 
  85:X-CUBE-AI/App/network_data.c **** /*!
  86:X-CUBE-AI/App/network_data.c ****  * @brief Get network params configuration data structure.
  87:X-CUBE-AI/App/network_data.c ****  * @ingroup network_data
  88:X-CUBE-AI/App/network_data.c ****  * @return true if a valid configuration is present, false otherwise
  89:X-CUBE-AI/App/network_data.c ****  */
  90:X-CUBE-AI/App/network_data.c **** AI_API_ENTRY
  91:X-CUBE-AI/App/network_data.c **** ai_bool ai_network_data_params_get(ai_network_params* params)
  92:X-CUBE-AI/App/network_data.c **** {
 195              		.loc 1 92 1 is_stmt 1 view -0
 196              		.cfi_startproc
 197              		@ args = 0, pretend = 0, frame = 16
 198              		@ frame_needed = 0, uses_anonymous_args = 0
  93:X-CUBE-AI/App/network_data.c ****   if (!params) return false;
 199              		.loc 1 93 3 view .LVU22
ARM GAS  /tmp/ccTpxdmB.s 			page 6


 200              		.loc 1 93 6 is_stmt 0 view .LVU23
 201 0000 B0B1     		cbz	r0, .L14
  92:X-CUBE-AI/App/network_data.c ****   if (!params) return false;
 202              		.loc 1 92 1 view .LVU24
 203 0002 00B5     		push	{lr}
 204              	.LCFI8:
 205              		.cfi_def_cfa_offset 4
 206              		.cfi_offset 14, -4
 207 0004 85B0     		sub	sp, sp, #20
 208              	.LCFI9:
 209              		.cfi_def_cfa_offset 24
 210 0006 8646     		mov	lr, r0
  94:X-CUBE-AI/App/network_data.c ****   
  95:X-CUBE-AI/App/network_data.c ****   const ai_buffer_array map_activations = 
 211              		.loc 1 95 3 is_stmt 1 view .LVU25
 212              		.loc 1 95 25 is_stmt 0 view .LVU26
 213 0008 0A4B     		ldr	r3, .L19
 214 000a 02AA     		add	r2, sp, #8
 215 000c 03F12001 		add	r1, r3, #32
 216 0010 03C9     		ldm	r1, {r0, r1}
 217              	.LVL5:
 218              		.loc 1 95 25 view .LVU27
 219 0012 82E80300 		stm	r2, {r0, r1}
  96:X-CUBE-AI/App/network_data.c ****     AI_BUFFER_ARRAY_OBJ_INIT(AI_FLAG_NONE, AI_NETWORK_DATA_ACTIVATIONS_COUNT, g_network_data_map_ac
  97:X-CUBE-AI/App/network_data.c ****   
  98:X-CUBE-AI/App/network_data.c ****   const ai_buffer_array map_weights = 
 220              		.loc 1 98 3 is_stmt 1 view .LVU28
 221              		.loc 1 98 25 is_stmt 0 view .LVU29
 222 0016 EC46     		mov	ip, sp
 223 0018 2833     		adds	r3, r3, #40
 224 001a 93E80300 		ldm	r3, {r0, r1}
 225 001e 8CE80300 		stm	ip, {r0, r1}
  99:X-CUBE-AI/App/network_data.c ****     AI_BUFFER_ARRAY_OBJ_INIT(AI_FLAG_NONE, AI_NETWORK_DATA_WEIGHTS_COUNT, g_network_data_map_weight
 100:X-CUBE-AI/App/network_data.c **** 
 101:X-CUBE-AI/App/network_data.c ****   return ai_platform_bind_network_params(params, &map_weights, &map_activations);
 226              		.loc 1 101 3 is_stmt 1 view .LVU30
 227              		.loc 1 101 10 is_stmt 0 view .LVU31
 228 0022 6146     		mov	r1, ip
 229 0024 7046     		mov	r0, lr
 230 0026 FFF7FEFF 		bl	ai_platform_bind_network_params
 231              	.LVL6:
 102:X-CUBE-AI/App/network_data.c **** }
 232              		.loc 1 102 1 view .LVU32
 233 002a 05B0     		add	sp, sp, #20
 234              	.LCFI10:
 235              		.cfi_def_cfa_offset 4
 236              		@ sp needed
 237 002c 5DF804FB 		ldr	pc, [sp], #4
 238              	.LVL7:
 239              	.L14:
 240              	.LCFI11:
 241              		.cfi_def_cfa_offset 0
 242              		.cfi_restore 14
  93:X-CUBE-AI/App/network_data.c ****   
 243              		.loc 1 93 23 discriminator 1 view .LVU33
 244 0030 0020     		movs	r0, #0
 245              	.LVL8:
ARM GAS  /tmp/ccTpxdmB.s 			page 7


 246              		.loc 1 102 1 view .LVU34
 247 0032 7047     		bx	lr
 248              	.L20:
 249              		.align	2
 250              	.L19:
 251 0034 00000000 		.word	.LANCHOR0
 252              		.cfi_endproc
 253              	.LFE3:
 255              		.global	g_network_data_map_weights
 256              		.section	.data.g_network_data_map_weights,"aw"
 257              		.align	2
 260              	g_network_data_map_weights:
 261 0000 40040400 		.word	263232
 262 0004 00000000 		.word	s_network_weights_array_u64
 263 0008 00000000 		.word	0
 264 000c 00000000 		.word	0
 265 0010 B4E00500 		.word	385204
 266 0014 01       		.byte	1
 267 0015 04       		.byte	4
 268 0016 00       		.byte	0
 269 0017 00       		.byte	0
 270 0018 00000000 		.word	__compound_literal.1
 271              		.section	.data.__compound_literal.1,"aw"
 272              		.align	2
 275              	__compound_literal.1:
 276 0000 01000000 		.word	1
 277 0004 B4E00500 		.word	385204
 278 0008 01000000 		.word	1
 279 000c 01000000 		.word	1
 280              		.global	g_network_data_map_activations
 281              		.section	.data.g_network_data_map_activations,"aw"
 282              		.align	2
 285              	g_network_data_map_activations:
 286 0000 40040400 		.word	263232
 287 0004 00000000 		.word	0
 288 0008 00000000 		.word	0
 289 000c 00000000 		.word	0
 290 0010 00070000 		.word	1792
 291 0014 01       		.byte	1
 292 0015 04       		.byte	4
 293 0016 00       		.byte	0
 294 0017 00       		.byte	0
 295 0018 00000000 		.word	__compound_literal.0
 296              		.section	.data.__compound_literal.0,"aw"
 297              		.align	2
 300              	__compound_literal.0:
 301 0000 01000000 		.word	1
 302 0004 00070000 		.word	1792
 303 0008 01000000 		.word	1
 304 000c 01000000 		.word	1
 305              		.section	.rodata
 306              		.align	2
 307              		.set	.LANCHOR0,. + 0
 308              	.LC0:
 309 0000 01000000 		.word	1
 310 0004 00070000 		.word	1792
 311 0008 01000000 		.word	1
ARM GAS  /tmp/ccTpxdmB.s 			page 8


 312 000c 01000000 		.word	1
 313              	.LC1:
 314 0010 01000000 		.word	1
 315 0014 B4E00500 		.word	385204
 316 0018 01000000 		.word	1
 317 001c 01000000 		.word	1
 318              	.LC4:
 319 0020 0000     		.short	0
 320 0022 0100     		.short	1
 321 0024 00000000 		.word	g_network_data_map_activations
 322              	.LC5:
 323 0028 0000     		.short	0
 324 002a 0100     		.short	1
 325 002c 00000000 		.word	g_network_data_map_weights
 326              		.text
 327              	.Letext0:
 328              		.file 2 "/opt/st/stm32cubeclt_1.20.0/GNU-tools-for-STM32/arm-none-eabi/include/machine/_default_ty
 329              		.file 3 "/opt/st/stm32cubeclt_1.20.0/GNU-tools-for-STM32/arm-none-eabi/include/sys/_stdint.h"
 330              		.file 4 "Middlewares/ST/AI/Inc/ai_platform.h"
 331              		.file 5 "X-CUBE-AI/App/network_data_params.h"
 332              		.file 6 "X-CUBE-AI/App/network_data.h"
 333              		.file 7 "Middlewares/ST/AI/Inc/ai_datatypes_format.h"
 334              		.file 8 "Middlewares/ST/AI/Inc/ai_platform_interface.h"
ARM GAS  /tmp/ccTpxdmB.s 			page 9


DEFINED SYMBOLS
                            *ABS*:00000000 network_data.c
     /tmp/ccTpxdmB.s:22     .text.ai_network_data_activations_buffer_get:00000000 $t
     /tmp/ccTpxdmB.s:28     .text.ai_network_data_activations_buffer_get:00000000 ai_network_data_activations_buffer_get
     /tmp/ccTpxdmB.s:85     .text.ai_network_data_activations_buffer_get:00000040 $d
     /tmp/ccTpxdmB.s:91     .text.ai_network_data_weights_buffer_get:00000000 $t
     /tmp/ccTpxdmB.s:97     .text.ai_network_data_weights_buffer_get:00000000 ai_network_data_weights_buffer_get
     /tmp/ccTpxdmB.s:154    .text.ai_network_data_weights_buffer_get:0000003c $d
     /tmp/ccTpxdmB.s:161    .text.ai_network_data_weights_get:00000000 $t
     /tmp/ccTpxdmB.s:167    .text.ai_network_data_weights_get:00000000 ai_network_data_weights_get
     /tmp/ccTpxdmB.s:181    .text.ai_network_data_weights_get:00000004 $d
     /tmp/ccTpxdmB.s:186    .text.ai_network_data_params_get:00000000 $t
     /tmp/ccTpxdmB.s:192    .text.ai_network_data_params_get:00000000 ai_network_data_params_get
     /tmp/ccTpxdmB.s:251    .text.ai_network_data_params_get:00000034 $d
     /tmp/ccTpxdmB.s:260    .data.g_network_data_map_weights:00000000 g_network_data_map_weights
     /tmp/ccTpxdmB.s:257    .data.g_network_data_map_weights:00000000 $d
     /tmp/ccTpxdmB.s:275    .data.__compound_literal.1:00000000 __compound_literal.1
     /tmp/ccTpxdmB.s:272    .data.__compound_literal.1:00000000 $d
     /tmp/ccTpxdmB.s:285    .data.g_network_data_map_activations:00000000 g_network_data_map_activations
     /tmp/ccTpxdmB.s:282    .data.g_network_data_map_activations:00000000 $d
     /tmp/ccTpxdmB.s:300    .data.__compound_literal.0:00000000 __compound_literal.0
     /tmp/ccTpxdmB.s:297    .data.__compound_literal.0:00000000 $d
     /tmp/ccTpxdmB.s:306    .rodata:00000000 $d

UNDEFINED SYMBOLS
g_network_weights_table
ai_platform_bind_network_params
s_network_weights_array_u64
